{"contracts/interfaces/ISwapInterfaces.sol":{"l":{},"path":"/Users/a.rocchi/Projects/Personal/BofhContract/contracts/interfaces/ISwapInterfaces.sol","s":{},"b":{},"f":{},"fnMap":{},"statementMap":{},"branchMap":{}},"contracts/libs/MathLib.sol":{"l":{"11":65,"12":64,"15":63,"16":63,"19":63,"20":3990,"21":3990,"27":10,"28":9,"30":8,"31":8,"34":8,"35":116,"36":116,"37":116,"38":116,"40":8,"45":8,"48":5,"49":1,"50":1,"53":4,"58":7,"60":6,"61":6,"64":6,"65":6,"66":6,"67":6,"68":6,"69":6,"70":6,"71":6,"73":6,"78":7,"80":6,"81":6,"83":6,"85":5,"86":5,"89":1,"90":1,"92":1,"93":4,"94":4,"97":1,"106":12,"109":10,"110":4,"111":4,"113":3,"114":3,"118":3},"path":"/Users/a.rocchi/Projects/Personal/BofhContract/contracts/libs/MathLib.sol","s":{"1":65,"2":1,"3":64,"4":1,"5":63,"6":63,"7":10,"8":1,"9":9,"10":1,"11":8,"12":8,"13":8,"14":116,"15":116,"16":8,"17":8,"18":3,"19":5,"20":1,"21":1,"22":4,"23":7,"24":1,"25":6,"26":6,"27":6,"28":6,"29":6,"30":6,"31":6,"32":6,"33":6,"34":6,"35":6,"36":7,"37":1,"38":6,"39":6,"40":6,"41":1,"42":5,"43":5,"44":4,"45":1,"46":1,"47":1,"48":1,"49":12,"50":10,"51":4,"52":4,"53":6,"54":3,"55":3,"56":3},"b":{"1":[1,64],"2":[1,63],"3":[1,9],"4":[1,8],"5":[0,116],"6":[3,5],"7":[2,1],"8":[1,4],"9":[1,0],"10":[1,6],"11":[2,4],"12":[2,4],"13":[2,4],"14":[2,4],"15":[3,3],"16":[2,4],"17":[2,4],"18":[4,2],"19":[1,6],"20":[1,5],"21":[4,1],"22":[10,2],"23":[4,6],"24":[3,3]},"f":{"1":65,"2":10,"3":8,"4":7,"5":7,"6":12},"fnMap":{"1":{"name":"sqrt","line":10,"loc":{"start":{"line":10,"column":4},"end":{"line":23,"column":4}}},"2":{"name":"cbrt","line":26,"loc":{"start":{"line":26,"column":4},"end":{"line":41,"column":4}}},"3":{"name":"geometricMean","line":44,"loc":{"start":{"line":44,"column":4},"end":{"line":54,"column":4}}},"4":{"name":"log2","line":57,"loc":{"start":{"line":57,"column":4},"end":{"line":74,"column":4}}},"5":{"name":"exp2","line":77,"loc":{"start":{"line":77,"column":4},"end":{"line":98,"column":4}}},"6":{"name":"calculateOptimalAmount","line":101,"loc":{"start":{"line":101,"column":4},"end":{"line":119,"column":4}}}},"statementMap":{"1":{"start":{"line":11,"column":8},"end":{"line":11,"column":28}},"2":{"start":{"line":11,"column":20},"end":{"line":11,"column":28}},"3":{"start":{"line":12,"column":8},"end":{"line":12,"column":28}},"4":{"start":{"line":12,"column":20},"end":{"line":12,"column":28}},"5":{"start":{"line":15,"column":8},"end":{"line":15,"column":31}},"6":{"start":{"line":19,"column":8},"end":{"line":19,"column":589}},"7":{"start":{"line":27,"column":8},"end":{"line":27,"column":28}},"8":{"start":{"line":27,"column":20},"end":{"line":27,"column":28}},"9":{"start":{"line":28,"column":8},"end":{"line":28,"column":28}},"10":{"start":{"line":28,"column":20},"end":{"line":28,"column":28}},"11":{"start":{"line":30,"column":8},"end":{"line":30,"column":21}},"12":{"start":{"line":31,"column":8},"end":{"line":31,"column":29}},"13":{"start":{"line":34,"column":8},"end":{"line":34,"column":979}},"14":{"start":{"line":36,"column":12},"end":{"line":36,"column":36}},"15":{"start":{"line":37,"column":12},"end":{"line":37,"column":36}},"16":{"start":{"line":40,"column":8},"end":{"line":40,"column":16}},"17":{"start":{"line":45,"column":8},"end":{"line":45,"column":38}},"18":{"start":{"line":45,"column":30},"end":{"line":45,"column":38}},"19":{"start":{"line":48,"column":8},"end":{"line":48,"column":1421}},"20":{"start":{"line":49,"column":12},"end":{"line":49,"column":52}},"21":{"start":{"line":50,"column":12},"end":{"line":50,"column":31}},"22":{"start":{"line":53,"column":8},"end":{"line":53,"column":26}},"23":{"start":{"line":58,"column":8},"end":{"line":58,"column":28}},"24":{"start":{"line":58,"column":20},"end":{"line":58,"column":28}},"25":{"start":{"line":60,"column":8},"end":{"line":60,"column":26}},"26":{"start":{"line":61,"column":8},"end":{"line":61,"column":25}},"27":{"start":{"line":64,"column":8},"end":{"line":64,"column":61}},"28":{"start":{"line":65,"column":8},"end":{"line":65,"column":58}},"29":{"start":{"line":66,"column":8},"end":{"line":66,"column":58}},"30":{"start":{"line":67,"column":8},"end":{"line":67,"column":58}},"31":{"start":{"line":68,"column":8},"end":{"line":68,"column":55}},"32":{"start":{"line":69,"column":8},"end":{"line":69,"column":55}},"33":{"start":{"line":70,"column":8},"end":{"line":70,"column":55}},"34":{"start":{"line":71,"column":8},"end":{"line":71,"column":42}},"35":{"start":{"line":73,"column":8},"end":{"line":73,"column":33}},"36":{"start":{"line":78,"column":8},"end":{"line":78,"column":36}},"37":{"start":{"line":78,"column":20},"end":{"line":78,"column":36}},"38":{"start":{"line":80,"column":8},"end":{"line":80,"column":41}},"39":{"start":{"line":81,"column":8},"end":{"line":81,"column":40}},"40":{"start":{"line":83,"column":8},"end":{"line":83,"column":54}},"41":{"start":{"line":83,"column":30},"end":{"line":83,"column":54}},"42":{"start":{"line":85,"column":8},"end":{"line":85,"column":39}},"43":{"start":{"line":86,"column":8},"end":{"line":86,"column":40}},"44":{"start":{"line":86,"column":27},"end":{"line":86,"column":40}},"45":{"start":{"line":89,"column":8},"end":{"line":89,"column":29}},"46":{"start":{"line":90,"column":8},"end":{"line":90,"column":28}},"47":{"start":{"line":92,"column":8},"end":{"line":92,"column":2917}},"48":{"start":{"line":97,"column":8},"end":{"line":97,"column":18}},"49":{"start":{"line":106,"column":8},"end":{"line":106,"column":73}},"50":{"start":{"line":109,"column":8},"end":{"line":109,"column":3436}},"51":{"start":{"line":110,"column":12},"end":{"line":110,"column":40}},"52":{"start":{"line":111,"column":12},"end":{"line":111,"column":93}},"53":{"start":{"line":112,"column":15},"end":{"line":112,"column":3627}},"54":{"start":{"line":113,"column":12},"end":{"line":113,"column":47}},"55":{"start":{"line":114,"column":12},"end":{"line":114,"column":100}},"56":{"start":{"line":118,"column":8},"end":{"line":118,"column":85}}},"branchMap":{"1":{"line":11,"type":"if","locations":[{"start":{"line":11,"column":8},"end":{"line":11,"column":8}},{"start":{"line":11,"column":8},"end":{"line":11,"column":8}}]},"2":{"line":12,"type":"if","locations":[{"start":{"line":12,"column":8},"end":{"line":12,"column":8}},{"start":{"line":12,"column":8},"end":{"line":12,"column":8}}]},"3":{"line":27,"type":"if","locations":[{"start":{"line":27,"column":8},"end":{"line":27,"column":8}},{"start":{"line":27,"column":8},"end":{"line":27,"column":8}}]},"4":{"line":28,"type":"if","locations":[{"start":{"line":28,"column":8},"end":{"line":28,"column":8}},{"start":{"line":28,"column":8},"end":{"line":28,"column":8}}]},"5":{"line":37,"type":"if","locations":[{"start":{"line":37,"column":12},"end":{"line":37,"column":12}},{"start":{"line":37,"column":12},"end":{"line":37,"column":12}}]},"6":{"line":45,"type":"if","locations":[{"start":{"line":45,"column":8},"end":{"line":45,"column":8}},{"start":{"line":45,"column":8},"end":{"line":45,"column":8}}]},"7":{"line":45,"type":"cond-expr","locations":[{"start":{"line":45,"column":12},"end":{"line":45,"column":17}},{"start":{"line":45,"column":22},"end":{"line":45,"column":27}}]},"8":{"line":48,"type":"if","locations":[{"start":{"line":48,"column":8},"end":{"line":48,"column":8}},{"start":{"line":48,"column":8},"end":{"line":48,"column":8}}]},"9":{"line":48,"type":"cond-expr","locations":[{"start":{"line":48,"column":12},"end":{"line":48,"column":32}},{"start":{"line":48,"column":37},"end":{"line":48,"column":57}}]},"10":{"line":58,"type":"if","locations":[{"start":{"line":58,"column":8},"end":{"line":58,"column":8}},{"start":{"line":58,"column":8},"end":{"line":58,"column":8}}]},"11":{"line":64,"type":"if","locations":[{"start":{"line":64,"column":8},"end":{"line":64,"column":8}},{"start":{"line":64,"column":8},"end":{"line":64,"column":8}}]},"12":{"line":65,"type":"if","locations":[{"start":{"line":65,"column":8},"end":{"line":65,"column":8}},{"start":{"line":65,"column":8},"end":{"line":65,"column":8}}]},"13":{"line":66,"type":"if","locations":[{"start":{"line":66,"column":8},"end":{"line":66,"column":8}},{"start":{"line":66,"column":8},"end":{"line":66,"column":8}}]},"14":{"line":67,"type":"if","locations":[{"start":{"line":67,"column":8},"end":{"line":67,"column":8}},{"start":{"line":67,"column":8},"end":{"line":67,"column":8}}]},"15":{"line":68,"type":"if","locations":[{"start":{"line":68,"column":8},"end":{"line":68,"column":8}},{"start":{"line":68,"column":8},"end":{"line":68,"column":8}}]},"16":{"line":69,"type":"if","locations":[{"start":{"line":69,"column":8},"end":{"line":69,"column":8}},{"start":{"line":69,"column":8},"end":{"line":69,"column":8}}]},"17":{"line":70,"type":"if","locations":[{"start":{"line":70,"column":8},"end":{"line":70,"column":8}},{"start":{"line":70,"column":8},"end":{"line":70,"column":8}}]},"18":{"line":71,"type":"if","locations":[{"start":{"line":71,"column":8},"end":{"line":71,"column":8}},{"start":{"line":71,"column":8},"end":{"line":71,"column":8}}]},"19":{"line":78,"type":"if","locations":[{"start":{"line":78,"column":8},"end":{"line":78,"column":8}},{"start":{"line":78,"column":8},"end":{"line":78,"column":8}}]},"20":{"line":83,"type":"if","locations":[{"start":{"line":83,"column":8},"end":{"line":83,"column":8}},{"start":{"line":83,"column":8},"end":{"line":83,"column":8}}]},"21":{"line":86,"type":"if","locations":[{"start":{"line":86,"column":8},"end":{"line":86,"column":8}},{"start":{"line":86,"column":8},"end":{"line":86,"column":8}}]},"22":{"line":106,"type":"if","locations":[{"start":{"line":106,"column":8},"end":{"line":106,"column":8}},{"start":{"line":106,"column":8},"end":{"line":106,"column":8}}]},"23":{"line":109,"type":"if","locations":[{"start":{"line":109,"column":8},"end":{"line":109,"column":8}},{"start":{"line":109,"column":8},"end":{"line":109,"column":8}}]},"24":{"line":112,"type":"if","locations":[{"start":{"line":112,"column":15},"end":{"line":112,"column":15}},{"start":{"line":112,"column":15},"end":{"line":112,"column":15}}]}}},"contracts/libs/PoolLib.sol":{"l":{"38":48,"41":48,"42":48,"44":48,"45":27,"46":27,"47":26,"48":26,"49":26,"51":21,"52":21,"53":21,"54":21,"57":47,"64":47,"65":47,"66":47,"67":47,"69":47,"77":101,"79":100,"80":100,"81":100,"84":100,"85":100,"87":100,"89":100,"100":50,"101":47,"105":3,"106":2,"109":1,"110":1,"111":0,"115":1,"118":1,"123":1,"125":1,"134":1,"140":1,"141":1,"143":0,"147":1,"148":1,"149":1,"152":1,"154":0,"162":52,"163":51,"164":50,"166":49,"167":49,"170":47,"171":46,"173":45},"path":"/Users/a.rocchi/Projects/Personal/BofhContract/contracts/libs/PoolLib.sol","s":{"1":48,"2":48,"3":48,"4":27,"5":27,"6":47,"7":47,"8":101,"9":1,"10":100,"11":100,"12":100,"13":100,"14":100,"15":100,"16":0,"17":100,"18":50,"19":47,"20":3,"21":2,"22":1,"23":1,"24":0,"25":1,"26":1,"27":1,"28":1,"29":1,"30":1,"31":1,"32":1,"33":1,"34":0,"35":52,"36":51,"37":50,"38":49,"39":49,"40":47,"41":46,"42":45},"b":{"1":[27,21],"2":[26,1],"3":[47,0],"4":[1,100],"5":[0,100],"6":[47,3],"7":[47,0],"8":[2,1],"9":[0,1],"10":[0,1],"11":[0,1],"12":[0,1],"13":[51,1],"14":[50,1],"15":[49,1],"16":[47,2],"17":[46,1],"18":[45,1]},"f":{"1":48,"2":101,"3":50,"4":1,"5":52},"fnMap":{"1":{"name":"analyzePool","line":32,"loc":{"start":{"line":32,"column":4},"end":{"line":70,"column":4}}},"2":{"name":"calculatePriceImpact","line":73,"loc":{"start":{"line":73,"column":4},"end":{"line":90,"column":4}}},"3":{"name":"calculateVolatility","line":93,"loc":{"start":{"line":93,"column":4},"end":{"line":126,"column":4}}},"4":{"name":"calculateOptimalSwapAmount","line":129,"loc":{"start":{"line":129,"column":4},"end":{"line":155,"column":4}}},"5":{"name":"validateSwap","line":158,"loc":{"start":{"line":158,"column":4},"end":{"line":174,"column":4}}}},"statementMap":{"1":{"start":{"line":38,"column":8},"end":{"line":38,"column":1031}},"2":{"start":{"line":41,"column":8},"end":{"line":41,"column":52}},"3":{"start":{"line":44,"column":8},"end":{"line":44,"column":1217}},"4":{"start":{"line":45,"column":12},"end":{"line":45,"column":56}},"5":{"start":{"line":46,"column":12},"end":{"line":46,"column":54}},"6":{"start":{"line":57,"column":8},"end":{"line":57,"column":1694}},"7":{"start":{"line":69,"column":8},"end":{"line":69,"column":20}},"8":{"start":{"line":77,"column":8},"end":{"line":77,"column":35}},"9":{"start":{"line":77,"column":27},"end":{"line":77,"column":35}},"10":{"start":{"line":79,"column":8},"end":{"line":79,"column":52}},"11":{"start":{"line":80,"column":8},"end":{"line":80,"column":56}},"12":{"start":{"line":81,"column":8},"end":{"line":81,"column":48}},"13":{"start":{"line":84,"column":8},"end":{"line":84,"column":73}},"14":{"start":{"line":85,"column":8},"end":{"line":85,"column":69}},"15":{"start":{"line":87,"column":8},"end":{"line":87,"column":42}},"16":{"start":{"line":87,"column":34},"end":{"line":87,"column":42}},"17":{"start":{"line":89,"column":8},"end":{"line":89,"column":61}},"18":{"start":{"line":100,"column":8},"end":{"line":100,"column":3407}},"19":{"start":{"line":101,"column":12},"end":{"line":101,"column":34}},"20":{"start":{"line":105,"column":8},"end":{"line":105,"column":3598}},"21":{"start":{"line":106,"column":12},"end":{"line":106,"column":34}},"22":{"start":{"line":109,"column":8},"end":{"line":109,"column":60}},"23":{"start":{"line":110,"column":8},"end":{"line":110,"column":3756}},"24":{"start":{"line":111,"column":12},"end":{"line":111,"column":34}},"25":{"start":{"line":115,"column":8},"end":{"line":115,"column":77}},"26":{"start":{"line":118,"column":8},"end":{"line":118,"column":4016}},"27":{"start":{"line":123,"column":8},"end":{"line":123,"column":68}},"28":{"start":{"line":125,"column":8},"end":{"line":125,"column":88}},"29":{"start":{"line":140,"column":8},"end":{"line":140,"column":71}},"30":{"start":{"line":141,"column":8},"end":{"line":141,"column":4960}},"31":{"start":{"line":147,"column":8},"end":{"line":147,"column":59}},"32":{"start":{"line":148,"column":8},"end":{"line":148,"column":60}},"33":{"start":{"line":152,"column":8},"end":{"line":152,"column":83}},"34":{"start":{"line":154,"column":8},"end":{"line":154,"column":46}},"35":{"start":{"line":162,"column":8},"end":{"line":162,"column":70}},"36":{"start":{"line":163,"column":8},"end":{"line":163,"column":53}},"37":{"start":{"line":164,"column":8},"end":{"line":164,"column":81}},"38":{"start":{"line":166,"column":8},"end":{"line":166,"column":73}},"39":{"start":{"line":167,"column":8},"end":{"line":167,"column":77}},"40":{"start":{"line":170,"column":8},"end":{"line":170,"column":69}},"41":{"start":{"line":171,"column":8},"end":{"line":171,"column":73}},"42":{"start":{"line":173,"column":8},"end":{"line":173,"column":19}}},"branchMap":{"1":{"line":44,"type":"if","locations":[{"start":{"line":44,"column":8},"end":{"line":44,"column":8}},{"start":{"line":44,"column":8},"end":{"line":44,"column":8}}]},"2":{"line":46,"type":"if","locations":[{"start":{"line":46,"column":12},"end":{"line":46,"column":12}},{"start":{"line":46,"column":12},"end":{"line":46,"column":12}}]},"3":{"line":57,"type":"if","locations":[{"start":{"line":57,"column":8},"end":{"line":57,"column":8}},{"start":{"line":57,"column":8},"end":{"line":57,"column":8}}]},"4":{"line":77,"type":"if","locations":[{"start":{"line":77,"column":8},"end":{"line":77,"column":8}},{"start":{"line":77,"column":8},"end":{"line":77,"column":8}}]},"5":{"line":87,"type":"if","locations":[{"start":{"line":87,"column":8},"end":{"line":87,"column":8}},{"start":{"line":87,"column":8},"end":{"line":87,"column":8}}]},"6":{"line":100,"type":"if","locations":[{"start":{"line":100,"column":8},"end":{"line":100,"column":8}},{"start":{"line":100,"column":8},"end":{"line":100,"column":8}}]},"7":{"line":100,"type":"cond-expr","locations":[{"start":{"line":100,"column":12},"end":{"line":100,"column":31}},{"start":{"line":100,"column":36},"end":{"line":100,"column":53}}]},"8":{"line":105,"type":"if","locations":[{"start":{"line":105,"column":8},"end":{"line":105,"column":8}},{"start":{"line":105,"column":8},"end":{"line":105,"column":8}}]},"9":{"line":110,"type":"if","locations":[{"start":{"line":110,"column":8},"end":{"line":110,"column":8}},{"start":{"line":110,"column":8},"end":{"line":110,"column":8}}]},"10":{"line":119,"type":"if","locations":[{"start":{"line":119,"column":12},"end":{"line":119,"column":41}},{"start":{"line":120,"column":12},"end":{"line":120,"column":41}}]},"11":{"line":141,"type":"if","locations":[{"start":{"line":141,"column":8},"end":{"line":141,"column":8}},{"start":{"line":141,"column":8},"end":{"line":141,"column":8}}]},"12":{"line":152,"type":"if","locations":[{"start":{"line":152,"column":8},"end":{"line":152,"column":8}},{"start":{"line":152,"column":8},"end":{"line":152,"column":8}}]},"13":{"line":162,"type":"if","locations":[{"start":{"line":162,"column":8},"end":{"line":162,"column":8}},{"start":{"line":162,"column":8},"end":{"line":162,"column":8}}]},"14":{"line":163,"type":"if","locations":[{"start":{"line":163,"column":8},"end":{"line":163,"column":8}},{"start":{"line":163,"column":8},"end":{"line":163,"column":8}}]},"15":{"line":164,"type":"if","locations":[{"start":{"line":164,"column":8},"end":{"line":164,"column":8}},{"start":{"line":164,"column":8},"end":{"line":164,"column":8}}]},"16":{"line":167,"type":"if","locations":[{"start":{"line":167,"column":8},"end":{"line":167,"column":8}},{"start":{"line":167,"column":8},"end":{"line":167,"column":8}}]},"17":{"line":170,"type":"if","locations":[{"start":{"line":170,"column":8},"end":{"line":170,"column":8}},{"start":{"line":170,"column":8},"end":{"line":170,"column":8}}]},"18":{"line":171,"type":"if","locations":[{"start":{"line":171,"column":8},"end":{"line":171,"column":8}},{"start":{"line":171,"column":8},"end":{"line":171,"column":8}}]}}},"contracts/libs/SecurityLib.sol":{"l":{"33":31,"37":0,"41":27,"45":0,"53":30,"55":29,"56":29,"57":0,"60":29,"61":29,"65":13,"73":4,"74":4,"75":4,"77":2,"78":2,"86":3,"87":2,"89":1,"90":1,"95":11,"96":10,"97":10,"101":5,"102":5,"103":5,"113":3,"114":3,"116":2,"117":2,"118":2,"122":3,"123":1,"124":1,"128":2,"129":2,"138":0,"139":0,"147":3,"148":1,"158":3,"159":2,"165":0,"166":0,"172":0,"173":0},"path":"/Users/a.rocchi/Projects/Personal/BofhContract/contracts/libs/SecurityLib.sol","s":{"1":31,"2":0,"3":27,"4":0,"5":30,"6":29,"7":29,"8":4,"9":4,"10":4,"11":2,"12":3,"13":2,"14":1,"15":11,"16":10,"17":5,"18":5,"19":3,"20":3,"21":3,"22":1,"23":0,"24":3,"25":3,"26":0,"27":0},"b":{"1":[5,26],"2":[0,0],"3":[2,25],"4":[0,0],"5":[1,29],"6":[0,29],"7":[0,4],"8":[2,2],"9":[1,2],"10":[1,1],"11":[1,10],"12":[0,5],"13":[2,1],"14":[1,2],"15":[0,0],"16":[1,2],"17":[2,1],"18":[1,1],"19":[0,0],"20":[0,0],"21":[0,0]},"f":{"1":31,"2":0,"3":27,"4":0,"5":30,"6":13,"7":4,"8":3,"9":11,"10":5,"11":3,"12":0,"13":3,"14":3,"15":0,"16":0},"fnMap":{"1":{"name":"checkOwner","line":32,"loc":{"start":{"line":32,"column":4},"end":{"line":34,"column":4}}},"2":{"name":"checkOperator","line":36,"loc":{"start":{"line":36,"column":4},"end":{"line":38,"column":4}}},"3":{"name":"checkNotPaused","line":40,"loc":{"start":{"line":40,"column":4},"end":{"line":42,"column":4}}},"4":{"name":"checkNotLocked","line":44,"loc":{"start":{"line":44,"column":4},"end":{"line":46,"column":4}}},"5":{"name":"enterProtectedSection","line":49,"loc":{"start":{"line":49,"column":4},"end":{"line":62,"column":4}}},"6":{"name":"exitProtectedSection","line":64,"loc":{"start":{"line":64,"column":4},"end":{"line":66,"column":4}}},"7":{"name":"transferOwnership","line":69,"loc":{"start":{"line":69,"column":4},"end":{"line":79,"column":4}}},"8":{"name":"setOperator","line":81,"loc":{"start":{"line":81,"column":4},"end":{"line":91,"column":4}}},"9":{"name":"emergencyPause","line":94,"loc":{"start":{"line":94,"column":4},"end":{"line":98,"column":4}}},"10":{"name":"emergencyUnpause","line":100,"loc":{"start":{"line":100,"column":4},"end":{"line":104,"column":4}}},"11":{"name":"checkRateLimit","line":107,"loc":{"start":{"line":107,"column":4},"end":{"line":130,"column":4}}},"12":{"name":"setFunctionCooldown","line":133,"loc":{"start":{"line":133,"column":4},"end":{"line":140,"column":4}}},"13":{"name":"validateDeadline","line":143,"loc":{"start":{"line":143,"column":4},"end":{"line":150,"column":4}}},"14":{"name":"checkValueBounds","line":153,"loc":{"start":{"line":153,"column":4},"end":{"line":161,"column":4}}},"15":{"name":"validateAddress","line":164,"loc":{"start":{"line":164,"column":4},"end":{"line":168,"column":4}}},"16":{"name":"ensureNotContract","line":171,"loc":{"start":{"line":171,"column":4},"end":{"line":175,"column":4}}}},"statementMap":{"1":{"start":{"line":33,"column":8},"end":{"line":33,"column":59}},"2":{"start":{"line":37,"column":8},"end":{"line":37,"column":90}},"3":{"start":{"line":41,"column":8},"end":{"line":41,"column":48}},"4":{"start":{"line":45,"column":8},"end":{"line":45,"column":48}},"5":{"start":{"line":53,"column":8},"end":{"line":53,"column":54}},"6":{"start":{"line":55,"column":8},"end":{"line":55,"column":59}},"7":{"start":{"line":56,"column":8},"end":{"line":56,"column":1869}},"8":{"start":{"line":73,"column":8},"end":{"line":73,"column":37}},"9":{"start":{"line":74,"column":8},"end":{"line":74,"column":57}},"10":{"start":{"line":75,"column":8},"end":{"line":75,"column":59}},"11":{"start":{"line":78,"column":8},"end":{"line":78,"column":53}},"12":{"start":{"line":86,"column":8},"end":{"line":86,"column":59}},"13":{"start":{"line":87,"column":8},"end":{"line":87,"column":59}},"14":{"start":{"line":90,"column":8},"end":{"line":90,"column":52}},"15":{"start":{"line":95,"column":8},"end":{"line":95,"column":59}},"16":{"start":{"line":97,"column":8},"end":{"line":97,"column":52}},"17":{"start":{"line":101,"column":8},"end":{"line":101,"column":59}},"18":{"start":{"line":103,"column":8},"end":{"line":103,"column":53}},"19":{"start":{"line":113,"column":8},"end":{"line":113,"column":45}},"20":{"start":{"line":114,"column":8},"end":{"line":114,"column":3696}},"21":{"start":{"line":122,"column":8},"end":{"line":122,"column":3994}},"22":{"start":{"line":123,"column":12},"end":{"line":123,"column":70}},"23":{"start":{"line":138,"column":8},"end":{"line":138,"column":59}},"24":{"start":{"line":147,"column":8},"end":{"line":147,"column":4749}},"25":{"start":{"line":158,"column":8},"end":{"line":158,"column":5016}},"26":{"start":{"line":165,"column":8},"end":{"line":165,"column":5207}},"27":{"start":{"line":172,"column":8},"end":{"line":172,"column":5431}}},"branchMap":{"1":{"line":33,"type":"if","locations":[{"start":{"line":33,"column":8},"end":{"line":33,"column":8}},{"start":{"line":33,"column":8},"end":{"line":33,"column":8}}]},"2":{"line":37,"type":"if","locations":[{"start":{"line":37,"column":8},"end":{"line":37,"column":8}},{"start":{"line":37,"column":8},"end":{"line":37,"column":8}}]},"3":{"line":41,"type":"if","locations":[{"start":{"line":41,"column":8},"end":{"line":41,"column":8}},{"start":{"line":41,"column":8},"end":{"line":41,"column":8}}]},"4":{"line":45,"type":"if","locations":[{"start":{"line":45,"column":8},"end":{"line":45,"column":8}},{"start":{"line":45,"column":8},"end":{"line":45,"column":8}}]},"5":{"line":53,"type":"if","locations":[{"start":{"line":53,"column":8},"end":{"line":53,"column":8}},{"start":{"line":53,"column":8},"end":{"line":53,"column":8}}]},"6":{"line":56,"type":"if","locations":[{"start":{"line":56,"column":8},"end":{"line":56,"column":8}},{"start":{"line":56,"column":8},"end":{"line":56,"column":8}}]},"7":{"line":74,"type":"if","locations":[{"start":{"line":74,"column":8},"end":{"line":74,"column":8}},{"start":{"line":74,"column":8},"end":{"line":74,"column":8}}]},"8":{"line":75,"type":"if","locations":[{"start":{"line":75,"column":8},"end":{"line":75,"column":8}},{"start":{"line":75,"column":8},"end":{"line":75,"column":8}}]},"9":{"line":86,"type":"if","locations":[{"start":{"line":86,"column":8},"end":{"line":86,"column":8}},{"start":{"line":86,"column":8},"end":{"line":86,"column":8}}]},"10":{"line":87,"type":"if","locations":[{"start":{"line":87,"column":8},"end":{"line":87,"column":8}},{"start":{"line":87,"column":8},"end":{"line":87,"column":8}}]},"11":{"line":95,"type":"if","locations":[{"start":{"line":95,"column":8},"end":{"line":95,"column":8}},{"start":{"line":95,"column":8},"end":{"line":95,"column":8}}]},"12":{"line":101,"type":"if","locations":[{"start":{"line":101,"column":8},"end":{"line":101,"column":8}},{"start":{"line":101,"column":8},"end":{"line":101,"column":8}}]},"13":{"line":114,"type":"if","locations":[{"start":{"line":114,"column":8},"end":{"line":114,"column":8}},{"start":{"line":114,"column":8},"end":{"line":114,"column":8}}]},"14":{"line":122,"type":"if","locations":[{"start":{"line":122,"column":8},"end":{"line":122,"column":8}},{"start":{"line":122,"column":8},"end":{"line":122,"column":8}}]},"15":{"line":138,"type":"if","locations":[{"start":{"line":138,"column":8},"end":{"line":138,"column":8}},{"start":{"line":138,"column":8},"end":{"line":138,"column":8}}]},"16":{"line":147,"type":"if","locations":[{"start":{"line":147,"column":8},"end":{"line":147,"column":8}},{"start":{"line":147,"column":8},"end":{"line":147,"column":8}}]},"17":{"line":158,"type":"if","locations":[{"start":{"line":158,"column":8},"end":{"line":158,"column":8}},{"start":{"line":158,"column":8},"end":{"line":158,"column":8}}]},"18":{"line":158,"type":"cond-expr","locations":[{"start":{"line":158,"column":12},"end":{"line":158,"column":27}},{"start":{"line":158,"column":32},"end":{"line":158,"column":47}}]},"19":{"line":165,"type":"if","locations":[{"start":{"line":165,"column":8},"end":{"line":165,"column":8}},{"start":{"line":165,"column":8},"end":{"line":165,"column":8}}]},"20":{"line":165,"type":"cond-expr","locations":[{"start":{"line":165,"column":12},"end":{"line":165,"column":29}},{"start":{"line":165,"column":34},"end":{"line":165,"column":54}}]},"21":{"line":172,"type":"if","locations":[{"start":{"line":172,"column":8},"end":{"line":172,"column":8}},{"start":{"line":172,"column":8},"end":{"line":172,"column":8}}]}}},"contracts/main/BofhContract.sol":{"l":{"84":0,"85":0,"86":0,"87":0,"89":0,"98":0,"99":0,"103":0,"104":0,"106":0,"108":0,"109":0,"110":0,"162":0,"163":0,"164":0,"165":0,"169":0,"170":0,"174":0,"175":0,"179":0,"180":0,"181":0,"182":0,"190":0,"194":0,"199":0,"200":0,"201":0,"202":0,"203":0,"204":0,"209":0,"210":0,"211":0,"213":0,"214":0,"215":0,"216":0,"218":0,"222":0,"227":0,"235":0,"244":0,"248":0,"252":0,"256":0,"261":0,"264":0,"265":0,"270":0,"271":0,"272":0,"274":0,"275":0,"276":0,"277":0,"278":0,"280":0,"281":0,"282":0,"283":0,"287":0,"288":0,"289":0,"291":0,"296":0,"297":0,"298":0,"300":0,"301":0,"307":0,"309":0,"311":0,"313":0,"316":0,"317":0,"320":0,"321":0,"322":0,"323":0,"325":0,"326":0,"328":0,"331":0,"332":0,"336":0,"338":0,"341":0,"343":0,"344":0,"346":0,"347":0,"350":0,"351":0,"354":0,"355":0,"357":0,"358":0,"361":0,"362":0,"365":0,"368":0,"376":0,"377":0,"378":0,"380":0,"385":0,"387":0,"388":0,"390":0,"393":0,"401":0,"402":0,"404":0,"406":0,"407":0,"409":0,"414":0,"427":0,"428":0,"431":0,"432":0,"433":0,"434":0,"435":0,"436":0,"439":0,"440":0,"441":0,"444":0,"445":0,"446":0,"448":0,"451":0,"452":0,"453":0,"455":0,"460":0,"473":0,"474":0,"477":0,"478":0,"479":0,"480":0,"481":0,"482":0,"485":0,"488":0,"489":0,"490":0,"492":0,"495":0,"496":0,"497":0,"499":0,"506":0,"507":0,"508":0,"510":0,"513":0,"514":0,"515":0,"517":0,"522":0,"530":0,"534":0,"535":0,"536":0,"537":0,"541":0,"542":0,"543":0,"545":0},"path":"/Users/a.rocchi/Projects/Personal/BofhContract/contracts/main/BofhContract.sol","s":{"1":0,"2":0,"3":0,"4":0,"5":0,"6":0,"7":0,"8":0,"9":0,"10":0,"11":0,"12":0,"13":0,"14":0,"15":0,"16":0,"17":0,"18":0,"19":0,"20":0,"21":0,"22":0,"23":0,"24":0,"25":0,"26":0,"27":0,"28":0,"29":0,"30":0,"31":0,"32":0,"33":0,"34":0,"35":0,"36":0,"37":0,"38":0,"39":0,"40":0,"41":0,"42":0,"43":0,"44":0,"45":0,"46":0,"47":0,"48":0,"49":0,"50":0,"51":0,"52":0,"53":0,"54":0,"55":0,"56":0,"57":0,"58":0,"59":0,"60":0,"61":0,"62":0,"63":0,"64":0,"65":0,"66":0,"67":0,"68":0,"69":0,"70":0,"71":0,"72":0,"73":0,"74":0,"75":0,"76":0,"77":0,"78":0,"79":0,"80":0,"81":0,"82":0,"83":0,"84":0,"85":0,"86":0,"87":0,"88":0,"89":0,"90":0,"91":0,"92":0,"93":0,"94":0,"95":0,"96":0,"97":0,"98":0,"99":0,"100":0,"101":0,"102":0,"103":0,"104":0,"105":0,"106":0,"107":0,"108":0,"109":0,"110":0,"111":0,"112":0,"113":0},"b":{"1":[0,0],"2":[0,0],"3":[0,0],"4":[0,0],"5":[0,0],"6":[0,0],"7":[0,0],"8":[0,0],"9":[0,0],"10":[0,0],"11":[0,0],"12":[0,0],"13":[0,0],"14":[0,0],"15":[0,0],"16":[0,0],"17":[0,0],"18":[0,0],"19":[0,0],"20":[0,0],"21":[0,0],"22":[0,0],"23":[0,0],"24":[0,0],"25":[0,0],"26":[0,0],"27":[0,0],"28":[0,0],"29":[0,0],"30":[0,0],"31":[0,0],"32":[0,0],"33":[0,0],"34":[0,0],"35":[0,0],"36":[0,0],"37":[0,0],"38":[0,0],"39":[0,0],"40":[0,0],"41":[0,0],"42":[0,0],"43":[0,0],"44":[0,0],"45":[0,0],"46":[0,0],"47":[0,0],"48":[0,0],"49":[0,0],"50":[0,0],"51":[0,0],"52":[0,0],"53":[0,0],"54":[0,0],"55":[0,0],"56":[0,0]},"f":{"1":0,"2":0,"3":0,"4":0,"5":0,"6":0,"7":0,"8":0,"9":0,"10":0,"11":0,"12":0,"13":0,"14":0,"15":0,"16":0,"17":0,"18":0,"19":0,"20":0,"21":0,"22":0,"23":0,"24":0,"25":0,"26":0,"27":0,"28":0,"29":0,"30":0},"fnMap":{"1":{"name":"updateRiskParams","line":83,"loc":{"start":{"line":78,"column":4},"end":{"line":95,"column":4}}},"2":{"name":"setPoolBlacklist","line":97,"loc":{"start":{"line":97,"column":4},"end":{"line":100,"column":4}}},"3":{"name":"emergencyPause","line":102,"loc":{"start":{"line":102,"column":4},"end":{"line":113,"column":4}}},"4":{"name":"constructor","line":161,"loc":{"start":{"line":161,"column":4},"end":{"line":166,"column":4}}},"5":{"name":"onlyOwner","line":168,"loc":{"start":{"line":168,"column":4},"end":{"line":171,"column":4}}},"6":{"name":"whenActive","line":173,"loc":{"start":{"line":173,"column":4},"end":{"line":176,"column":4}}},"7":{"name":"nonReentrant","line":178,"loc":{"start":{"line":178,"column":4},"end":{"line":183,"column":4}}},"8":{"name":"getAdmin","line":189,"loc":{"start":{"line":189,"column":4},"end":{"line":191,"column":4}}},"9":{"name":"getBaseToken","line":193,"loc":{"start":{"line":193,"column":4},"end":{"line":195,"column":4}}},"10":{"name":"sqrt","line":198,"loc":{"start":{"line":198,"column":4},"end":{"line":206,"column":4}}},"11":{"name":"cbrt","line":208,"loc":{"start":{"line":208,"column":4},"end":{"line":219,"column":4}}},"12":{"name":"geometricMean","line":221,"loc":{"start":{"line":221,"column":4},"end":{"line":223,"column":4}}},"13":{"name":"getU256","line":226,"loc":{"start":{"line":226,"column":4},"end":{"line":232,"column":4}}},"14":{"name":"getU256_last","line":234,"loc":{"start":{"line":234,"column":4},"end":{"line":240,"column":4}}},"15":{"name":"getFee","line":243,"loc":{"start":{"line":243,"column":4},"end":{"line":245,"column":4}}},"16":{"name":"getPool","line":247,"loc":{"start":{"line":247,"column":4},"end":{"line":249,"column":4}}},"17":{"name":"getInitialAmount","line":251,"loc":{"start":{"line":251,"column":4},"end":{"line":253,"column":4}}},"18":{"name":"getExpectedAmount","line":255,"loc":{"start":{"line":255,"column":4},"end":{"line":257,"column":4}}},"19":{"name":"safeTransfer","line":260,"loc":{"start":{"line":260,"column":4},"end":{"line":266,"column":4}}},"20":{"name":"analyzePool","line":269,"loc":{"start":{"line":269,"column":4},"end":{"line":292,"column":4}}},"21":{"name":"calculatePriceImpact","line":295,"loc":{"start":{"line":295,"column":4},"end":{"line":302,"column":4}}},"22":{"name":"performSwap","line":305,"loc":{"start":{"line":305,"column":4},"end":{"line":381,"column":4}}},"23":{"name":"calculateOptimalAmountIn","line":384,"loc":{"start":{"line":384,"column":4},"end":{"line":394,"column":4}}},"24":{"name":"calculateOptimalAmountOut","line":397,"loc":{"start":{"line":397,"column":4},"end":{"line":410,"column":4}}},"25":{"name":"fourWaySwap","line":413,"loc":{"start":{"line":413,"column":4},"end":{"line":456,"column":4}}},"26":{"name":"fiveWaySwap","line":459,"loc":{"start":{"line":459,"column":4},"end":{"line":518,"column":4}}},"27":{"name":"adoptAllowance","line":521,"loc":{"start":{"line":521,"column":4},"end":{"line":527,"column":4}}},"28":{"name":"withdrawFunds","line":529,"loc":{"start":{"line":529,"column":4},"end":{"line":531,"column":4}}},"29":{"name":"changeAdmin","line":533,"loc":{"start":{"line":533,"column":4},"end":{"line":538,"column":4}}},"30":{"name":"deactivateContract","line":540,"loc":{"start":{"line":540,"column":4},"end":{"line":546,"column":4}}}},"statementMap":{"1":{"start":{"line":89,"column":8},"end":{"line":89,"column":3828}},"2":{"start":{"line":99,"column":8},"end":{"line":99,"column":47}},"3":{"start":{"line":104,"column":8},"end":{"line":104,"column":35}},"4":{"start":{"line":106,"column":8},"end":{"line":106,"column":4340}},"5":{"start":{"line":108,"column":12},"end":{"line":108,"column":72}},"6":{"start":{"line":109,"column":12},"end":{"line":109,"column":4497}},"7":{"start":{"line":110,"column":16},"end":{"line":110,"column":62}},"8":{"start":{"line":169,"column":8},"end":{"line":169,"column":54}},"9":{"start":{"line":174,"column":8},"end":{"line":174,"column":55}},"10":{"start":{"line":179,"column":8},"end":{"line":179,"column":62}},"11":{"start":{"line":190,"column":8},"end":{"line":190,"column":20}},"12":{"start":{"line":194,"column":8},"end":{"line":194,"column":24}},"13":{"start":{"line":199,"column":8},"end":{"line":199,"column":28}},"14":{"start":{"line":199,"column":20},"end":{"line":199,"column":28}},"15":{"start":{"line":200,"column":8},"end":{"line":200,"column":31}},"16":{"start":{"line":202,"column":8},"end":{"line":202,"column":6756}},"17":{"start":{"line":209,"column":8},"end":{"line":209,"column":28}},"18":{"start":{"line":209,"column":20},"end":{"line":209,"column":28}},"19":{"start":{"line":210,"column":8},"end":{"line":210,"column":21}},"20":{"start":{"line":211,"column":8},"end":{"line":211,"column":25}},"21":{"start":{"line":213,"column":8},"end":{"line":213,"column":7001}},"22":{"start":{"line":215,"column":12},"end":{"line":215,"column":29}},"23":{"start":{"line":218,"column":8},"end":{"line":218,"column":16}},"24":{"start":{"line":222,"column":8},"end":{"line":222,"column":26}},"25":{"start":{"line":244,"column":8},"end":{"line":244,"column":46}},"26":{"start":{"line":248,"column":8},"end":{"line":248,"column":45}},"27":{"start":{"line":252,"column":8},"end":{"line":252,"column":38}},"28":{"start":{"line":256,"column":8},"end":{"line":256,"column":45}},"29":{"start":{"line":261,"column":8},"end":{"line":261,"column":8393}},"30":{"start":{"line":264,"column":8},"end":{"line":264,"column":8548}},"31":{"start":{"line":270,"column":8},"end":{"line":270,"column":54}},"32":{"start":{"line":271,"column":8},"end":{"line":271,"column":66}},"33":{"start":{"line":274,"column":8},"end":{"line":274,"column":8962}},"34":{"start":{"line":275,"column":12},"end":{"line":275,"column":64}},"35":{"start":{"line":291,"column":8},"end":{"line":291,"column":19}},"36":{"start":{"line":296,"column":8},"end":{"line":296,"column":52}},"37":{"start":{"line":297,"column":8},"end":{"line":297,"column":56}},"38":{"start":{"line":298,"column":8},"end":{"line":298,"column":53}},"39":{"start":{"line":300,"column":8},"end":{"line":300,"column":78}},"40":{"start":{"line":301,"column":8},"end":{"line":301,"column":32}},"41":{"start":{"line":307,"column":8},"end":{"line":307,"column":57}},"42":{"start":{"line":309,"column":8},"end":{"line":309,"column":42}},"43":{"start":{"line":311,"column":8},"end":{"line":311,"column":65}},"44":{"start":{"line":313,"column":8},"end":{"line":313,"column":94}},"45":{"start":{"line":316,"column":8},"end":{"line":316,"column":10740}},"46":{"start":{"line":321,"column":12},"end":{"line":321,"column":92}},"47":{"start":{"line":322,"column":12},"end":{"line":322,"column":89}},"48":{"start":{"line":323,"column":12},"end":{"line":323,"column":34}},"49":{"start":{"line":325,"column":12},"end":{"line":325,"column":11178}},"50":{"start":{"line":331,"column":12},"end":{"line":331,"column":11491}},"51":{"start":{"line":341,"column":12},"end":{"line":341,"column":82}},"52":{"start":{"line":343,"column":12},"end":{"line":343,"column":28}},"53":{"start":{"line":350,"column":12},"end":{"line":350,"column":80}},"54":{"start":{"line":351,"column":12},"end":{"line":351,"column":79}},"55":{"start":{"line":354,"column":12},"end":{"line":354,"column":63}},"56":{"start":{"line":355,"column":12},"end":{"line":355,"column":73}},"57":{"start":{"line":357,"column":12},"end":{"line":357,"column":12667}},"58":{"start":{"line":362,"column":8},"end":{"line":362,"column":81}},"59":{"start":{"line":365,"column":8},"end":{"line":365,"column":78}},"60":{"start":{"line":368,"column":8},"end":{"line":368,"column":13101}},"61":{"start":{"line":376,"column":8},"end":{"line":376,"column":78}},"62":{"start":{"line":380,"column":8},"end":{"line":380,"column":20}},"63":{"start":{"line":385,"column":8},"end":{"line":385,"column":93}},"64":{"start":{"line":387,"column":8},"end":{"line":387,"column":13867}},"65":{"start":{"line":388,"column":12},"end":{"line":388,"column":58}},"66":{"start":{"line":389,"column":15},"end":{"line":389,"column":13978}},"67":{"start":{"line":390,"column":12},"end":{"line":390,"column":66}},"68":{"start":{"line":393,"column":8},"end":{"line":393,"column":25}},"69":{"start":{"line":401,"column":8},"end":{"line":401,"column":67}},"70":{"start":{"line":402,"column":8},"end":{"line":402,"column":82}},"71":{"start":{"line":404,"column":8},"end":{"line":404,"column":59}},"72":{"start":{"line":409,"column":8},"end":{"line":409,"column":36}},"73":{"start":{"line":414,"column":8},"end":{"line":414,"column":14931}},"74":{"start":{"line":427,"column":8},"end":{"line":427,"column":15363}},"75":{"start":{"line":431,"column":8},"end":{"line":431,"column":80}},"76":{"start":{"line":432,"column":8},"end":{"line":432,"column":53}},"77":{"start":{"line":433,"column":8},"end":{"line":433,"column":67}},"78":{"start":{"line":434,"column":8},"end":{"line":434,"column":45}},"79":{"start":{"line":435,"column":8},"end":{"line":435,"column":67}},"80":{"start":{"line":439,"column":8},"end":{"line":439,"column":15941}},"81":{"start":{"line":440,"column":12},"end":{"line":440,"column":55}},"82":{"start":{"line":444,"column":12},"end":{"line":444,"column":86}},"83":{"start":{"line":445,"column":12},"end":{"line":445,"column":16270}},"84":{"start":{"line":451,"column":8},"end":{"line":451,"column":69}},"85":{"start":{"line":452,"column":8},"end":{"line":452,"column":87}},"86":{"start":{"line":453,"column":8},"end":{"line":453,"column":81}},"87":{"start":{"line":455,"column":8},"end":{"line":455,"column":34}},"88":{"start":{"line":460,"column":8},"end":{"line":460,"column":16871}},"89":{"start":{"line":473,"column":8},"end":{"line":473,"column":17303}},"90":{"start":{"line":477,"column":8},"end":{"line":477,"column":88}},"91":{"start":{"line":478,"column":8},"end":{"line":478,"column":53}},"92":{"start":{"line":479,"column":8},"end":{"line":479,"column":67}},"93":{"start":{"line":480,"column":8},"end":{"line":480,"column":45}},"94":{"start":{"line":481,"column":8},"end":{"line":481,"column":67}},"95":{"start":{"line":485,"column":8},"end":{"line":485,"column":61}},"96":{"start":{"line":488,"column":8},"end":{"line":488,"column":18029}},"97":{"start":{"line":489,"column":12},"end":{"line":489,"column":55}},"98":{"start":{"line":495,"column":12},"end":{"line":495,"column":34}},"99":{"start":{"line":496,"column":12},"end":{"line":496,"column":18344}},"100":{"start":{"line":506,"column":12},"end":{"line":506,"column":80}},"101":{"start":{"line":507,"column":12},"end":{"line":507,"column":18804}},"102":{"start":{"line":513,"column":8},"end":{"line":513,"column":69}},"103":{"start":{"line":514,"column":8},"end":{"line":514,"column":87}},"104":{"start":{"line":515,"column":8},"end":{"line":515,"column":81}},"105":{"start":{"line":517,"column":8},"end":{"line":517,"column":34}},"106":{"start":{"line":522,"column":8},"end":{"line":522,"column":19330}},"107":{"start":{"line":530,"column":8},"end":{"line":530,"column":89}},"108":{"start":{"line":534,"column":8},"end":{"line":534,"column":57}},"109":{"start":{"line":535,"column":8},"end":{"line":535,"column":32}},"110":{"start":{"line":537,"column":8},"end":{"line":537,"column":53}},"111":{"start":{"line":541,"column":8},"end":{"line":541,"column":68}},"112":{"start":{"line":542,"column":8},"end":{"line":542,"column":20051}},"113":{"start":{"line":543,"column":12},"end":{"line":543,"column":58}}},"branchMap":{"1":{"line":83,"type":"if","locations":[{"start":{"line":83,"column":15},"end":{"line":83,"column":15}},{"start":{"line":83,"column":15},"end":{"line":83,"column":15}}]},"2":{"line":97,"type":"if","locations":[{"start":{"line":97,"column":71},"end":{"line":97,"column":71}},{"start":{"line":97,"column":71},"end":{"line":97,"column":71}}]},"3":{"line":102,"type":"if","locations":[{"start":{"line":102,"column":49},"end":{"line":102,"column":49}},{"start":{"line":102,"column":49},"end":{"line":102,"column":49}}]},"4":{"line":102,"type":"if","locations":[{"start":{"line":102,"column":59},"end":{"line":102,"column":59}},{"start":{"line":102,"column":59},"end":{"line":102,"column":59}}]},"5":{"line":106,"type":"if","locations":[{"start":{"line":106,"column":8},"end":{"line":106,"column":8}},{"start":{"line":106,"column":8},"end":{"line":106,"column":8}}]},"6":{"line":109,"type":"if","locations":[{"start":{"line":109,"column":12},"end":{"line":109,"column":12}},{"start":{"line":109,"column":12},"end":{"line":109,"column":12}}]},"7":{"line":169,"type":"if","locations":[{"start":{"line":169,"column":8},"end":{"line":169,"column":8}},{"start":{"line":169,"column":8},"end":{"line":169,"column":8}}]},"8":{"line":174,"type":"if","locations":[{"start":{"line":174,"column":8},"end":{"line":174,"column":8}},{"start":{"line":174,"column":8},"end":{"line":174,"column":8}}]},"9":{"line":179,"type":"if","locations":[{"start":{"line":179,"column":8},"end":{"line":179,"column":8}},{"start":{"line":179,"column":8},"end":{"line":179,"column":8}}]},"10":{"line":199,"type":"if","locations":[{"start":{"line":199,"column":8},"end":{"line":199,"column":8}},{"start":{"line":199,"column":8},"end":{"line":199,"column":8}}]},"11":{"line":209,"type":"if","locations":[{"start":{"line":209,"column":8},"end":{"line":209,"column":8}},{"start":{"line":209,"column":8},"end":{"line":209,"column":8}}]},"12":{"line":215,"type":"if","locations":[{"start":{"line":215,"column":12},"end":{"line":215,"column":12}},{"start":{"line":215,"column":12},"end":{"line":215,"column":12}}]},"13":{"line":264,"type":"if","locations":[{"start":{"line":264,"column":8},"end":{"line":264,"column":8}},{"start":{"line":264,"column":8},"end":{"line":264,"column":8}}]},"14":{"line":264,"type":"cond-expr","locations":[{"start":{"line":264,"column":12},"end":{"line":264,"column":19}},{"start":{"line":264,"column":24},"end":{"line":264,"column":70}}]},"15":{"line":274,"type":"if","locations":[{"start":{"line":274,"column":8},"end":{"line":274,"column":8}},{"start":{"line":274,"column":8},"end":{"line":274,"column":8}}]},"16":{"line":275,"type":"if","locations":[{"start":{"line":275,"column":12},"end":{"line":275,"column":12}},{"start":{"line":275,"column":12},"end":{"line":275,"column":12}}]},"17":{"line":307,"type":"if","locations":[{"start":{"line":307,"column":8},"end":{"line":307,"column":8}},{"start":{"line":307,"column":8},"end":{"line":307,"column":8}}]},"18":{"line":311,"type":"if","locations":[{"start":{"line":311,"column":8},"end":{"line":311,"column":8}},{"start":{"line":311,"column":8},"end":{"line":311,"column":8}}]},"19":{"line":316,"type":"if","locations":[{"start":{"line":316,"column":8},"end":{"line":316,"column":8}},{"start":{"line":316,"column":8},"end":{"line":316,"column":8}}]},"20":{"line":316,"type":"cond-expr","locations":[{"start":{"line":316,"column":12},"end":{"line":316,"column":51}},{"start":{"line":316,"column":56},"end":{"line":316,"column":96}}]},"21":{"line":325,"type":"if","locations":[{"start":{"line":325,"column":12},"end":{"line":325,"column":12}},{"start":{"line":325,"column":12},"end":{"line":325,"column":12}}]},"22":{"line":331,"type":"if","locations":[{"start":{"line":331,"column":12},"end":{"line":331,"column":12}},{"start":{"line":331,"column":12},"end":{"line":331,"column":12}}]},"23":{"line":341,"type":"if","locations":[{"start":{"line":341,"column":12},"end":{"line":341,"column":12}},{"start":{"line":341,"column":12},"end":{"line":341,"column":12}}]},"24":{"line":351,"type":"if","locations":[{"start":{"line":351,"column":12},"end":{"line":351,"column":12}},{"start":{"line":351,"column":12},"end":{"line":351,"column":12}}]},"25":{"line":357,"type":"if","locations":[{"start":{"line":357,"column":12},"end":{"line":357,"column":12}},{"start":{"line":357,"column":12},"end":{"line":357,"column":12}}]},"26":{"line":362,"type":"if","locations":[{"start":{"line":362,"column":49},"end":{"line":362,"column":61}},{"start":{"line":362,"column":65},"end":{"line":362,"column":80}}]},"27":{"line":387,"type":"if","locations":[{"start":{"line":387,"column":8},"end":{"line":387,"column":8}},{"start":{"line":387,"column":8},"end":{"line":387,"column":8}}]},"28":{"line":389,"type":"if","locations":[{"start":{"line":389,"column":15},"end":{"line":389,"column":15}},{"start":{"line":389,"column":15},"end":{"line":389,"column":15}}]},"29":{"line":404,"type":"if","locations":[{"start":{"line":404,"column":8},"end":{"line":404,"column":8}},{"start":{"line":404,"column":8},"end":{"line":404,"column":8}}]},"30":{"line":413,"type":"if","locations":[{"start":{"line":413,"column":60},"end":{"line":413,"column":60}},{"start":{"line":413,"column":60},"end":{"line":413,"column":60}}]},"31":{"line":413,"type":"if","locations":[{"start":{"line":413,"column":70},"end":{"line":413,"column":70}},{"start":{"line":413,"column":70},"end":{"line":413,"column":70}}]},"32":{"line":413,"type":"if","locations":[{"start":{"line":413,"column":81},"end":{"line":413,"column":81}},{"start":{"line":413,"column":81},"end":{"line":413,"column":81}}]},"33":{"line":427,"type":"if","locations":[{"start":{"line":427,"column":8},"end":{"line":427,"column":8}},{"start":{"line":427,"column":8},"end":{"line":427,"column":8}}]},"34":{"line":445,"type":"if","locations":[{"start":{"line":445,"column":12},"end":{"line":445,"column":12}},{"start":{"line":445,"column":12},"end":{"line":445,"column":12}}]},"35":{"line":451,"type":"if","locations":[{"start":{"line":451,"column":8},"end":{"line":451,"column":8}},{"start":{"line":451,"column":8},"end":{"line":451,"column":8}}]},"36":{"line":452,"type":"if","locations":[{"start":{"line":452,"column":8},"end":{"line":452,"column":8}},{"start":{"line":452,"column":8},"end":{"line":452,"column":8}}]},"37":{"line":453,"type":"if","locations":[{"start":{"line":453,"column":8},"end":{"line":453,"column":8}},{"start":{"line":453,"column":8},"end":{"line":453,"column":8}}]},"38":{"line":459,"type":"if","locations":[{"start":{"line":459,"column":60},"end":{"line":459,"column":60}},{"start":{"line":459,"column":60},"end":{"line":459,"column":60}}]},"39":{"line":459,"type":"if","locations":[{"start":{"line":459,"column":70},"end":{"line":459,"column":70}},{"start":{"line":459,"column":70},"end":{"line":459,"column":70}}]},"40":{"line":459,"type":"if","locations":[{"start":{"line":459,"column":81},"end":{"line":459,"column":81}},{"start":{"line":459,"column":81},"end":{"line":459,"column":81}}]},"41":{"line":473,"type":"if","locations":[{"start":{"line":473,"column":8},"end":{"line":473,"column":8}},{"start":{"line":473,"column":8},"end":{"line":473,"column":8}}]},"42":{"line":496,"type":"if","locations":[{"start":{"line":496,"column":12},"end":{"line":496,"column":12}},{"start":{"line":496,"column":12},"end":{"line":496,"column":12}}]},"43":{"line":507,"type":"if","locations":[{"start":{"line":507,"column":12},"end":{"line":507,"column":12}},{"start":{"line":507,"column":12},"end":{"line":507,"column":12}}]},"44":{"line":513,"type":"if","locations":[{"start":{"line":513,"column":8},"end":{"line":513,"column":8}},{"start":{"line":513,"column":8},"end":{"line":513,"column":8}}]},"45":{"line":514,"type":"if","locations":[{"start":{"line":514,"column":8},"end":{"line":514,"column":8}},{"start":{"line":514,"column":8},"end":{"line":514,"column":8}}]},"46":{"line":515,"type":"if","locations":[{"start":{"line":515,"column":8},"end":{"line":515,"column":8}},{"start":{"line":515,"column":8},"end":{"line":515,"column":8}}]},"47":{"line":521,"type":"if","locations":[{"start":{"line":521,"column":39},"end":{"line":521,"column":39}},{"start":{"line":521,"column":39},"end":{"line":521,"column":39}}]},"48":{"line":521,"type":"if","locations":[{"start":{"line":521,"column":49},"end":{"line":521,"column":49}},{"start":{"line":521,"column":49},"end":{"line":521,"column":49}}]},"49":{"line":521,"type":"if","locations":[{"start":{"line":521,"column":60},"end":{"line":521,"column":60}},{"start":{"line":521,"column":60},"end":{"line":521,"column":60}}]},"50":{"line":529,"type":"if","locations":[{"start":{"line":529,"column":38},"end":{"line":529,"column":38}},{"start":{"line":529,"column":38},"end":{"line":529,"column":38}}]},"51":{"line":529,"type":"if","locations":[{"start":{"line":529,"column":48},"end":{"line":529,"column":48}},{"start":{"line":529,"column":48},"end":{"line":529,"column":48}}]},"52":{"line":533,"type":"if","locations":[{"start":{"line":533,"column":52},"end":{"line":533,"column":52}},{"start":{"line":533,"column":52},"end":{"line":533,"column":52}}]},"53":{"line":534,"type":"if","locations":[{"start":{"line":534,"column":8},"end":{"line":534,"column":8}},{"start":{"line":534,"column":8},"end":{"line":534,"column":8}}]},"54":{"line":540,"type":"if","locations":[{"start":{"line":540,"column":43},"end":{"line":540,"column":43}},{"start":{"line":540,"column":43},"end":{"line":540,"column":43}}]},"55":{"line":540,"type":"if","locations":[{"start":{"line":540,"column":53},"end":{"line":540,"column":53}},{"start":{"line":540,"column":53},"end":{"line":540,"column":53}}]},"56":{"line":542,"type":"if","locations":[{"start":{"line":542,"column":8},"end":{"line":542,"column":8}},{"start":{"line":542,"column":8},"end":{"line":542,"column":8}}]}}},"contracts/main/BofhContractBase.sol":{"l":{"67":27,"68":24,"72":25,"73":24,"77":25,"78":25,"79":12,"85":24,"86":0,"89":0,"90":0,"91":0,"92":0,"95":0,"96":0,"100":0,"101":0,"104":0,"107":0,"109":24,"115":3,"116":3,"118":2,"121":2,"122":2,"123":2,"124":2,"134":6,"135":5,"137":4,"138":4,"139":4,"140":4,"142":4,"154":5,"155":5,"156":5,"168":0,"169":0,"171":0,"172":0,"173":0,"175":0,"180":7,"184":4,"189":2,"196":0,"238":5,"252":3,"264":2,"270":6,"282":0},"path":"/Users/a.rocchi/Projects/Personal/BofhContract/contracts/main/BofhContractBase.sol","s":{"1":27,"2":25,"3":25,"4":12,"5":24,"6":0,"7":0,"8":0,"9":0,"10":3,"11":3,"12":6,"13":5,"14":4,"15":5,"16":5,"17":0,"18":0,"19":0,"20":7,"21":4,"22":2,"23":0,"24":5,"25":3,"26":2,"27":6,"28":0},"b":{"1":[0,24],"2":[0,0],"3":[0,0],"4":[0,0],"5":[3,0],"6":[2,1],"7":[6,1],"8":[5,1],"9":[4,1],"10":[5,1],"11":[5,0],"12":[0,0],"13":[0,0],"14":[0,0],"15":[7,1],"16":[4,0],"17":[2,0],"18":[0,0]},"f":{"1":27,"2":25,"3":25,"4":24,"5":3,"6":6,"7":5,"8":0,"9":7,"10":4,"11":2,"12":0,"13":5,"14":3,"15":2,"16":6,"17":0},"fnMap":{"1":{"name":"onlyOwner","line":66,"loc":{"start":{"line":66,"column":4},"end":{"line":69,"column":4}}},"2":{"name":"whenNotPaused","line":71,"loc":{"start":{"line":71,"column":4},"end":{"line":74,"column":4}}},"3":{"name":"nonReentrant","line":76,"loc":{"start":{"line":76,"column":4},"end":{"line":80,"column":4}}},"4":{"name":"antiMEV","line":84,"loc":{"start":{"line":84,"column":4},"end":{"line":111,"column":4}}},"5":{"name":"constructor","line":114,"loc":{"start":{"line":114,"column":4},"end":{"line":125,"column":4}}},"6":{"name":"updateRiskParams","line":133,"loc":{"start":{"line":128,"column":4},"end":{"line":148,"column":4}}},"7":{"name":"setPoolBlacklist","line":153,"loc":{"start":{"line":150,"column":4},"end":{"line":157,"column":4}}},"8":{"name":"configureMEVProtection","line":167,"loc":{"start":{"line":163,"column":4},"end":{"line":176,"column":4}}},"9":{"name":"emergencyPause","line":179,"loc":{"start":{"line":179,"column":4},"end":{"line":181,"column":4}}},"10":{"name":"emergencyUnpause","line":183,"loc":{"start":{"line":183,"column":4},"end":{"line":185,"column":4}}},"11":{"name":"transferOwnership","line":188,"loc":{"start":{"line":188,"column":4},"end":{"line":190,"column":4}}},"12":{"name":"setOperator","line":195,"loc":{"start":{"line":192,"column":4},"end":{"line":197,"column":4}}},"13":{"name":"getAdmin","line":237,"loc":{"start":{"line":237,"column":4},"end":{"line":239,"column":4}}},"14":{"name":"getRiskParameters","line":246,"loc":{"start":{"line":246,"column":4},"end":{"line":258,"column":4}}},"15":{"name":"isPoolBlacklisted","line":263,"loc":{"start":{"line":263,"column":4},"end":{"line":265,"column":4}}},"16":{"name":"isPaused","line":269,"loc":{"start":{"line":269,"column":4},"end":{"line":271,"column":4}}},"17":{"name":"getMEVProtectionConfig","line":277,"loc":{"start":{"line":277,"column":4},"end":{"line":287,"column":4}}}},"statementMap":{"1":{"start":{"line":67,"column":8},"end":{"line":67,"column":33}},"2":{"start":{"line":72,"column":8},"end":{"line":72,"column":37}},"3":{"start":{"line":77,"column":8},"end":{"line":77,"column":51}},"4":{"start":{"line":79,"column":8},"end":{"line":79,"column":43}},"5":{"start":{"line":85,"column":8},"end":{"line":85,"column":2525}},"6":{"start":{"line":86,"column":12},"end":{"line":86,"column":65}},"7":{"start":{"line":89,"column":12},"end":{"line":89,"column":2708}},"8":{"start":{"line":91,"column":16},"end":{"line":91,"column":2820}},"9":{"start":{"line":100,"column":12},"end":{"line":100,"column":3142}},"10":{"start":{"line":115,"column":8},"end":{"line":115,"column":53}},"11":{"start":{"line":116,"column":8},"end":{"line":116,"column":62}},"12":{"start":{"line":134,"column":8},"end":{"line":134,"column":73}},"13":{"start":{"line":135,"column":8},"end":{"line":135,"column":69}},"14":{"start":{"line":142,"column":8},"end":{"line":142,"column":4560}},"15":{"start":{"line":154,"column":8},"end":{"line":154,"column":50}},"16":{"start":{"line":156,"column":8},"end":{"line":156,"column":47}},"17":{"start":{"line":168,"column":8},"end":{"line":168,"column":62}},"18":{"start":{"line":169,"column":8},"end":{"line":169,"column":55}},"19":{"start":{"line":175,"column":8},"end":{"line":175,"column":71}},"20":{"start":{"line":180,"column":8},"end":{"line":180,"column":37}},"21":{"start":{"line":184,"column":8},"end":{"line":184,"column":39}},"22":{"start":{"line":189,"column":8},"end":{"line":189,"column":48}},"23":{"start":{"line":196,"column":8},"end":{"line":196,"column":50}},"24":{"start":{"line":238,"column":8},"end":{"line":238,"column":34}},"25":{"start":{"line":252,"column":8},"end":{"line":252,"column":8901}},"26":{"start":{"line":264,"column":8},"end":{"line":264,"column":37}},"27":{"start":{"line":270,"column":8},"end":{"line":270,"column":35}},"28":{"start":{"line":282,"column":8},"end":{"line":282,"column":9920}}},"branchMap":{"1":{"line":85,"type":"if","locations":[{"start":{"line":85,"column":8},"end":{"line":85,"column":8}},{"start":{"line":85,"column":8},"end":{"line":85,"column":8}}]},"2":{"line":89,"type":"if","locations":[{"start":{"line":89,"column":12},"end":{"line":89,"column":12}},{"start":{"line":89,"column":12},"end":{"line":89,"column":12}}]},"3":{"line":91,"type":"if","locations":[{"start":{"line":91,"column":16},"end":{"line":91,"column":16}},{"start":{"line":91,"column":16},"end":{"line":91,"column":16}}]},"4":{"line":100,"type":"if","locations":[{"start":{"line":100,"column":12},"end":{"line":100,"column":12}},{"start":{"line":100,"column":12},"end":{"line":100,"column":12}}]},"5":{"line":115,"type":"if","locations":[{"start":{"line":115,"column":8},"end":{"line":115,"column":8}},{"start":{"line":115,"column":8},"end":{"line":115,"column":8}}]},"6":{"line":116,"type":"if","locations":[{"start":{"line":116,"column":8},"end":{"line":116,"column":8}},{"start":{"line":116,"column":8},"end":{"line":116,"column":8}}]},"7":{"line":133,"type":"if","locations":[{"start":{"line":133,"column":15},"end":{"line":133,"column":15}},{"start":{"line":133,"column":15},"end":{"line":133,"column":15}}]},"8":{"line":134,"type":"if","locations":[{"start":{"line":134,"column":8},"end":{"line":134,"column":8}},{"start":{"line":134,"column":8},"end":{"line":134,"column":8}}]},"9":{"line":135,"type":"if","locations":[{"start":{"line":135,"column":8},"end":{"line":135,"column":8}},{"start":{"line":135,"column":8},"end":{"line":135,"column":8}}]},"10":{"line":153,"type":"if","locations":[{"start":{"line":153,"column":15},"end":{"line":153,"column":15}},{"start":{"line":153,"column":15},"end":{"line":153,"column":15}}]},"11":{"line":154,"type":"if","locations":[{"start":{"line":154,"column":8},"end":{"line":154,"column":8}},{"start":{"line":154,"column":8},"end":{"line":154,"column":8}}]},"12":{"line":167,"type":"if","locations":[{"start":{"line":167,"column":15},"end":{"line":167,"column":15}},{"start":{"line":167,"column":15},"end":{"line":167,"column":15}}]},"13":{"line":168,"type":"if","locations":[{"start":{"line":168,"column":8},"end":{"line":168,"column":8}},{"start":{"line":168,"column":8},"end":{"line":168,"column":8}}]},"14":{"line":169,"type":"if","locations":[{"start":{"line":169,"column":8},"end":{"line":169,"column":8}},{"start":{"line":169,"column":8},"end":{"line":169,"column":8}}]},"15":{"line":179,"type":"if","locations":[{"start":{"line":179,"column":39},"end":{"line":179,"column":39}},{"start":{"line":179,"column":39},"end":{"line":179,"column":39}}]},"16":{"line":183,"type":"if","locations":[{"start":{"line":183,"column":41},"end":{"line":183,"column":41}},{"start":{"line":183,"column":41},"end":{"line":183,"column":41}}]},"17":{"line":188,"type":"if","locations":[{"start":{"line":188,"column":58},"end":{"line":188,"column":58}},{"start":{"line":188,"column":58},"end":{"line":188,"column":58}}]},"18":{"line":195,"type":"if","locations":[{"start":{"line":195,"column":15},"end":{"line":195,"column":15}},{"start":{"line":195,"column":15},"end":{"line":195,"column":15}}]}}},"contracts/main/BofhContractV2.sol":{"l":{"44":2,"45":2,"46":2,"47":2,"65":24,"66":24,"69":22,"70":22,"71":21,"72":21,"75":20,"76":19,"79":18,"80":76,"81":76,"85":18,"88":16,"89":16,"90":53,"91":52,"104":24,"107":15,"108":15,"118":15,"124":14,"125":45,"127":45,"136":44,"137":44,"138":44,"143":13,"146":12,"147":12,"150":12,"155":12,"163":12,"183":24,"206":0,"207":0,"210":0,"211":0,"212":0,"213":0,"214":0,"219":0,"220":0,"221":0,"224":0,"225":0,"226":0,"227":0,"234":0,"235":0,"240":0,"242":0,"255":45,"258":45,"266":45,"275":45,"279":44,"280":44,"283":44,"288":44,"289":44,"292":44,"299":44,"301":44,"303":44,"315":0,"317":0,"318":0,"319":0,"321":0,"322":0,"329":0,"330":0,"332":0,"335":0,"336":0,"338":0,"347":45,"348":45,"354":2,"360":0},"path":"/Users/a.rocchi/Projects/Personal/BofhContract/contracts/main/BofhContractV2.sol","s":{"1":2,"2":2,"3":24,"4":24,"5":22,"6":21,"7":21,"8":20,"9":19,"10":18,"11":76,"12":18,"13":16,"14":16,"15":53,"16":24,"17":15,"18":15,"19":15,"20":14,"21":45,"22":13,"23":12,"24":12,"25":12,"26":12,"27":12,"28":24,"29":0,"30":0,"31":0,"32":0,"33":0,"34":0,"35":0,"36":0,"37":0,"38":0,"39":0,"40":0,"41":0,"42":45,"43":45,"44":45,"45":45,"46":44,"47":44,"48":44,"49":44,"50":0,"51":0,"52":0,"53":0,"54":0,"55":0,"56":45,"57":2,"58":0},"b":{"1":[2,0],"2":[2,0],"3":[0,24],"4":[2,22],"5":[1,21],"6":[0,21],"7":[0,0],"8":[1,20],"9":[1,19],"10":[1,18],"11":[0,76],"12":[2,16],"13":[1,1],"14":[1,52],"15":[14,1],"16":[1,12],"17":[0,12],"18":[12,0],"19":[25,0],"20":[24,1],"21":[24,0],"22":[0,0],"23":[0,0],"24":[0,0],"25":[0,0],"26":[0,0],"27":[0,0],"28":[0,0],"29":[0,0],"30":[0,0],"31":[44,1],"32":[44,0],"33":[0,0],"34":[45,0]},"f":{"1":2,"2":24,"3":24,"4":24,"5":0,"6":45,"7":0,"8":45,"9":2,"10":0},"fnMap":{"1":{"name":"constructor","line":43,"loc":{"start":{"line":40,"column":4},"end":{"line":48,"column":4}}},"2":{"name":"_validateSwapInputs","line":57,"loc":{"start":{"line":57,"column":4},"end":{"line":93,"column":4}}},"3":{"name":"_executeSwap","line":96,"loc":{"start":{"line":96,"column":4},"end":{"line":164,"column":4}}},"4":{"name":"executeSwap","line":182,"loc":{"start":{"line":176,"column":4},"end":{"line":184,"column":4}}},"5":{"name":"executeMultiSwap","line":202,"loc":{"start":{"line":196,"column":4},"end":{"line":243,"column":4}}},"6":{"name":"executePathStep","line":246,"loc":{"start":{"line":246,"column":4},"end":{"line":304,"column":4}}},"7":{"name":"getOptimalPathMetrics","line":307,"loc":{"start":{"line":307,"column":4},"end":{"line":339,"column":4}}},"8":{"name":"_getPair","line":346,"loc":{"start":{"line":346,"column":4},"end":{"line":349,"column":4}}},"9":{"name":"getBaseToken","line":353,"loc":{"start":{"line":353,"column":4},"end":{"line":355,"column":4}}},"10":{"name":"getFactory","line":359,"loc":{"start":{"line":359,"column":4},"end":{"line":361,"column":4}}}},"statementMap":{"1":{"start":{"line":44,"column":8},"end":{"line":44,"column":62}},"2":{"start":{"line":45,"column":8},"end":{"line":45,"column":57}},"3":{"start":{"line":65,"column":8},"end":{"line":65,"column":49}},"4":{"start":{"line":66,"column":8},"end":{"line":66,"column":64}},"5":{"start":{"line":70,"column":8},"end":{"line":70,"column":56}},"6":{"start":{"line":71,"column":8},"end":{"line":71,"column":80}},"7":{"start":{"line":72,"column":8},"end":{"line":72,"column":70}},"8":{"start":{"line":75,"column":8},"end":{"line":75,"column":49}},"9":{"start":{"line":76,"column":8},"end":{"line":76,"column":53}},"10":{"start":{"line":79,"column":8},"end":{"line":79,"column":2502}},"11":{"start":{"line":80,"column":12},"end":{"line":80,"column":62}},"12":{"start":{"line":85,"column":8},"end":{"line":85,"column":91}},"13":{"start":{"line":88,"column":8},"end":{"line":88,"column":33}},"14":{"start":{"line":89,"column":8},"end":{"line":89,"column":2909}},"15":{"start":{"line":90,"column":12},"end":{"line":90,"column":56}},"16":{"start":{"line":104,"column":8},"end":{"line":104,"column":94}},"17":{"start":{"line":107,"column":8},"end":{"line":107,"column":42}},"18":{"start":{"line":108,"column":8},"end":{"line":108,"column":3532}},"19":{"start":{"line":118,"column":8},"end":{"line":118,"column":3860}},"20":{"start":{"line":124,"column":8},"end":{"line":124,"column":4040}},"21":{"start":{"line":125,"column":12},"end":{"line":125,"column":40}},"22":{"start":{"line":143,"column":8},"end":{"line":143,"column":75}},"23":{"start":{"line":146,"column":8},"end":{"line":146,"column":77}},"24":{"start":{"line":147,"column":8},"end":{"line":147,"column":68}},"25":{"start":{"line":150,"column":8},"end":{"line":150,"column":4823}},"26":{"start":{"line":155,"column":8},"end":{"line":155,"column":4956}},"27":{"start":{"line":163,"column":8},"end":{"line":163,"column":34}},"28":{"start":{"line":183,"column":8},"end":{"line":183,"column":73}},"29":{"start":{"line":206,"column":8},"end":{"line":206,"column":49}},"30":{"start":{"line":207,"column":8},"end":{"line":207,"column":64}},"31":{"start":{"line":210,"column":8},"end":{"line":210,"column":39}},"32":{"start":{"line":211,"column":8},"end":{"line":211,"column":54}},"33":{"start":{"line":212,"column":8},"end":{"line":212,"column":64}},"34":{"start":{"line":213,"column":8},"end":{"line":213,"column":67}},"35":{"start":{"line":214,"column":8},"end":{"line":214,"column":70}},"36":{"start":{"line":219,"column":8},"end":{"line":219,"column":58}},"37":{"start":{"line":220,"column":8},"end":{"line":220,"column":30}},"38":{"start":{"line":221,"column":8},"end":{"line":221,"column":31}},"39":{"start":{"line":224,"column":8},"end":{"line":224,"column":8197}},"40":{"start":{"line":240,"column":8},"end":{"line":240,"column":66}},"41":{"start":{"line":242,"column":8},"end":{"line":242,"column":22}},"42":{"start":{"line":255,"column":8},"end":{"line":255,"column":57}},"43":{"start":{"line":258,"column":8},"end":{"line":258,"column":9205}},"44":{"start":{"line":266,"column":8},"end":{"line":266,"column":9431}},"45":{"start":{"line":275,"column":8},"end":{"line":275,"column":77}},"46":{"start":{"line":283,"column":8},"end":{"line":283,"column":10303}},"47":{"start":{"line":289,"column":12},"end":{"line":289,"column":77}},"48":{"start":{"line":292,"column":12},"end":{"line":292,"column":10589}},"49":{"start":{"line":303,"column":8},"end":{"line":303,"column":20}},"50":{"start":{"line":315,"column":8},"end":{"line":315,"column":89}},"51":{"start":{"line":317,"column":8},"end":{"line":317,"column":44}},"52":{"start":{"line":318,"column":8},"end":{"line":318,"column":36}},"53":{"start":{"line":321,"column":8},"end":{"line":321,"column":11515}},"54":{"start":{"line":322,"column":12},"end":{"line":322,"column":11571}},"55":{"start":{"line":338,"column":8},"end":{"line":338,"column":61}},"56":{"start":{"line":348,"column":8},"end":{"line":348,"column":57}},"57":{"start":{"line":354,"column":8},"end":{"line":354,"column":24}},"58":{"start":{"line":360,"column":8},"end":{"line":360,"column":22}}},"branchMap":{"1":{"line":44,"type":"if","locations":[{"start":{"line":44,"column":8},"end":{"line":44,"column":8}},{"start":{"line":44,"column":8},"end":{"line":44,"column":8}}]},"2":{"line":45,"type":"if","locations":[{"start":{"line":45,"column":8},"end":{"line":45,"column":8}},{"start":{"line":45,"column":8},"end":{"line":45,"column":8}}]},"3":{"line":65,"type":"if","locations":[{"start":{"line":65,"column":8},"end":{"line":65,"column":8}},{"start":{"line":65,"column":8},"end":{"line":65,"column":8}}]},"4":{"line":66,"type":"if","locations":[{"start":{"line":66,"column":8},"end":{"line":66,"column":8}},{"start":{"line":66,"column":8},"end":{"line":66,"column":8}}]},"5":{"line":70,"type":"if","locations":[{"start":{"line":70,"column":8},"end":{"line":70,"column":8}},{"start":{"line":70,"column":8},"end":{"line":70,"column":8}}]},"6":{"line":71,"type":"if","locations":[{"start":{"line":71,"column":8},"end":{"line":71,"column":8}},{"start":{"line":71,"column":8},"end":{"line":71,"column":8}}]},"7":{"line":71,"type":"cond-expr","locations":[{"start":{"line":71,"column":12},"end":{"line":71,"column":25}},{"start":{"line":71,"column":30},"end":{"line":71,"column":57}}]},"8":{"line":72,"type":"if","locations":[{"start":{"line":72,"column":8},"end":{"line":72,"column":8}},{"start":{"line":72,"column":8},"end":{"line":72,"column":8}}]},"9":{"line":75,"type":"if","locations":[{"start":{"line":75,"column":8},"end":{"line":75,"column":8}},{"start":{"line":75,"column":8},"end":{"line":75,"column":8}}]},"10":{"line":76,"type":"if","locations":[{"start":{"line":76,"column":8},"end":{"line":76,"column":8}},{"start":{"line":76,"column":8},"end":{"line":76,"column":8}}]},"11":{"line":80,"type":"if","locations":[{"start":{"line":80,"column":12},"end":{"line":80,"column":12}},{"start":{"line":80,"column":12},"end":{"line":80,"column":12}}]},"12":{"line":85,"type":"if","locations":[{"start":{"line":85,"column":8},"end":{"line":85,"column":8}},{"start":{"line":85,"column":8},"end":{"line":85,"column":8}}]},"13":{"line":85,"type":"cond-expr","locations":[{"start":{"line":85,"column":12},"end":{"line":85,"column":31}},{"start":{"line":85,"column":36},"end":{"line":85,"column":68}}]},"14":{"line":90,"type":"if","locations":[{"start":{"line":90,"column":12},"end":{"line":90,"column":12}},{"start":{"line":90,"column":12},"end":{"line":90,"column":12}}]},"15":{"line":118,"type":"if","locations":[{"start":{"line":118,"column":8},"end":{"line":118,"column":8}},{"start":{"line":118,"column":8},"end":{"line":118,"column":8}}]},"16":{"line":143,"type":"if","locations":[{"start":{"line":143,"column":8},"end":{"line":143,"column":8}},{"start":{"line":143,"column":8},"end":{"line":143,"column":8}}]},"17":{"line":147,"type":"if","locations":[{"start":{"line":147,"column":8},"end":{"line":147,"column":8}},{"start":{"line":147,"column":8},"end":{"line":147,"column":8}}]},"18":{"line":150,"type":"if","locations":[{"start":{"line":150,"column":8},"end":{"line":150,"column":8}},{"start":{"line":150,"column":8},"end":{"line":150,"column":8}}]},"19":{"line":182,"type":"if","locations":[{"start":{"line":182,"column":24},"end":{"line":182,"column":24}},{"start":{"line":182,"column":24},"end":{"line":182,"column":24}}]},"20":{"line":182,"type":"if","locations":[{"start":{"line":182,"column":37},"end":{"line":182,"column":37}},{"start":{"line":182,"column":37},"end":{"line":182,"column":37}}]},"21":{"line":182,"type":"if","locations":[{"start":{"line":182,"column":51},"end":{"line":182,"column":51}},{"start":{"line":182,"column":51},"end":{"line":182,"column":51}}]},"22":{"line":202,"type":"if","locations":[{"start":{"line":202,"column":24},"end":{"line":202,"column":24}},{"start":{"line":202,"column":24},"end":{"line":202,"column":24}}]},"23":{"line":202,"type":"if","locations":[{"start":{"line":202,"column":37},"end":{"line":202,"column":37}},{"start":{"line":202,"column":37},"end":{"line":202,"column":37}}]},"24":{"line":206,"type":"if","locations":[{"start":{"line":206,"column":8},"end":{"line":206,"column":8}},{"start":{"line":206,"column":8},"end":{"line":206,"column":8}}]},"25":{"line":207,"type":"if","locations":[{"start":{"line":207,"column":8},"end":{"line":207,"column":8}},{"start":{"line":207,"column":8},"end":{"line":207,"column":8}}]},"26":{"line":211,"type":"if","locations":[{"start":{"line":211,"column":8},"end":{"line":211,"column":8}},{"start":{"line":211,"column":8},"end":{"line":211,"column":8}}]},"27":{"line":212,"type":"if","locations":[{"start":{"line":212,"column":8},"end":{"line":212,"column":8}},{"start":{"line":212,"column":8},"end":{"line":212,"column":8}}]},"28":{"line":213,"type":"if","locations":[{"start":{"line":213,"column":8},"end":{"line":213,"column":8}},{"start":{"line":213,"column":8},"end":{"line":213,"column":8}}]},"29":{"line":214,"type":"if","locations":[{"start":{"line":214,"column":8},"end":{"line":214,"column":8}},{"start":{"line":214,"column":8},"end":{"line":214,"column":8}}]},"30":{"line":240,"type":"if","locations":[{"start":{"line":240,"column":8},"end":{"line":240,"column":8}},{"start":{"line":240,"column":8},"end":{"line":240,"column":8}}]},"31":{"line":275,"type":"if","locations":[{"start":{"line":275,"column":8},"end":{"line":275,"column":8}},{"start":{"line":275,"column":8},"end":{"line":275,"column":8}}]},"32":{"line":283,"type":"if","locations":[{"start":{"line":283,"column":8},"end":{"line":283,"column":8}},{"start":{"line":283,"column":8},"end":{"line":283,"column":8}}]},"33":{"line":315,"type":"if","locations":[{"start":{"line":315,"column":8},"end":{"line":315,"column":8}},{"start":{"line":315,"column":8},"end":{"line":315,"column":8}}]},"34":{"line":348,"type":"if","locations":[{"start":{"line":348,"column":8},"end":{"line":348,"column":8}},{"start":{"line":348,"column":8},"end":{"line":348,"column":8}}]}}},"contracts/mocks/MathLibTest.sol":{"l":{"12":13,"16":10,"20":8,"24":5,"28":5,"36":12},"path":"/Users/a.rocchi/Projects/Personal/BofhContract/contracts/mocks/MathLibTest.sol","s":{"1":13,"2":10,"3":8,"4":5,"5":5,"6":12},"b":{},"f":{"1":13,"2":10,"3":8,"4":5,"5":5,"6":12},"fnMap":{"1":{"name":"testSqrt","line":11,"loc":{"start":{"line":11,"column":4},"end":{"line":13,"column":4}}},"2":{"name":"testCbrt","line":15,"loc":{"start":{"line":15,"column":4},"end":{"line":17,"column":4}}},"3":{"name":"testGeometricMean","line":19,"loc":{"start":{"line":19,"column":4},"end":{"line":21,"column":4}}},"4":{"name":"testLog2","line":23,"loc":{"start":{"line":23,"column":4},"end":{"line":25,"column":4}}},"5":{"name":"testExp2","line":27,"loc":{"start":{"line":27,"column":4},"end":{"line":29,"column":4}}},"6":{"name":"testCalculateOptimalAmount","line":31,"loc":{"start":{"line":31,"column":4},"end":{"line":37,"column":4}}}},"statementMap":{"1":{"start":{"line":12,"column":8},"end":{"line":12,"column":30}},"2":{"start":{"line":16,"column":8},"end":{"line":16,"column":30}},"3":{"start":{"line":20,"column":8},"end":{"line":20,"column":42}},"4":{"start":{"line":24,"column":8},"end":{"line":24,"column":30}},"5":{"start":{"line":28,"column":8},"end":{"line":28,"column":30}},"6":{"start":{"line":36,"column":8},"end":{"line":36,"column":75}}},"branchMap":{}},"contracts/mocks/MockFactory.sol":{"l":{"21":13,"22":13,"25":13,"26":13,"29":13,"33":13,"34":13,"39":13,"40":13,"41":13,"43":13,"47":0,"55":0,"58":0,"59":0,"67":0},"path":"/Users/a.rocchi/Projects/Personal/BofhContract/contracts/mocks/MockFactory.sol","s":{"1":13,"2":13,"3":13,"4":13,"5":13,"6":13,"7":13,"8":13,"9":0,"10":0,"11":0,"12":0,"13":0},"b":{"1":[13,0],"2":[7,6],"3":[13,0],"4":[13,0],"5":[0,0]},"f":{"1":13,"2":0,"3":0},"fnMap":{"1":{"name":"createPair","line":17,"loc":{"start":{"line":17,"column":4},"end":{"line":44,"column":4}}},"2":{"name":"allPairsLength","line":46,"loc":{"start":{"line":46,"column":4},"end":{"line":48,"column":4}}},"3":{"name":"computePairAddress","line":51,"loc":{"start":{"line":51,"column":4},"end":{"line":68,"column":4}}}},"statementMap":{"1":{"start":{"line":21,"column":8},"end":{"line":21,"column":55}},"2":{"start":{"line":22,"column":8},"end":{"line":22,"column":565}},"3":{"start":{"line":25,"column":8},"end":{"line":25,"column":52}},"4":{"start":{"line":26,"column":8},"end":{"line":26,"column":68}},"5":{"start":{"line":29,"column":8},"end":{"line":29,"column":866}},"6":{"start":{"line":33,"column":8},"end":{"line":33,"column":66}},"7":{"start":{"line":41,"column":8},"end":{"line":41,"column":26}},"8":{"start":{"line":43,"column":8},"end":{"line":43,"column":63}},"9":{"start":{"line":47,"column":8},"end":{"line":47,"column":30}},"10":{"start":{"line":55,"column":8},"end":{"line":55,"column":1733}},"11":{"start":{"line":58,"column":8},"end":{"line":58,"column":66}},"12":{"start":{"line":59,"column":8},"end":{"line":59,"column":1904}},"13":{"start":{"line":67,"column":8},"end":{"line":67,"column":46}}},"branchMap":{"1":{"line":21,"type":"if","locations":[{"start":{"line":21,"column":8},"end":{"line":21,"column":8}},{"start":{"line":21,"column":8},"end":{"line":21,"column":8}}]},"2":{"line":23,"type":"if","locations":[{"start":{"line":23,"column":14},"end":{"line":23,"column":29}},{"start":{"line":24,"column":14},"end":{"line":24,"column":29}}]},"3":{"line":25,"type":"if","locations":[{"start":{"line":25,"column":8},"end":{"line":25,"column":8}},{"start":{"line":25,"column":8},"end":{"line":25,"column":8}}]},"4":{"line":26,"type":"if","locations":[{"start":{"line":26,"column":8},"end":{"line":26,"column":8}},{"start":{"line":26,"column":8},"end":{"line":26,"column":8}}]},"5":{"line":56,"type":"if","locations":[{"start":{"line":56,"column":14},"end":{"line":56,"column":29}},{"start":{"line":57,"column":14},"end":{"line":57,"column":29}}]}}},"contracts/mocks/MockPair.sol":{"l":{"30":13,"31":13,"34":13,"44":96,"45":96,"46":96,"50":4,"51":4,"52":4,"53":4,"54":4,"56":4,"57":4,"58":4,"59":4,"61":0,"67":4,"68":4,"70":4,"71":4,"75":0,"76":0,"77":0,"78":0,"80":0,"81":0,"82":0,"83":0,"85":0,"86":0,"87":0,"88":0,"89":0,"91":0,"92":0,"101":44,"102":44,"103":44,"105":44,"106":44,"107":44,"108":44,"109":44,"110":44,"111":44,"112":44,"113":44,"116":44,"117":44,"118":44,"120":44,"121":44,"122":44,"123":44,"129":44,"130":44,"134":9,"148":57,"149":57,"150":57,"151":57,"152":57,"153":57,"161":8,"162":8,"166":0,"167":0,"177":0,"181":4,"182":4,"183":4,"184":4,"185":300,"186":300,"189":0},"path":"/Users/a.rocchi/Projects/Personal/BofhContract/contracts/mocks/MockPair.sol","s":{"1":13,"2":13,"3":4,"4":4,"5":4,"6":4,"7":4,"8":4,"9":4,"10":4,"11":4,"12":4,"13":4,"14":4,"15":0,"16":0,"17":0,"18":0,"19":0,"20":0,"21":0,"22":0,"23":0,"24":0,"25":0,"26":44,"27":44,"28":44,"29":44,"30":44,"31":44,"32":44,"33":19,"34":44,"35":25,"36":44,"37":0,"38":44,"39":44,"40":44,"41":44,"42":44,"43":44,"44":44,"45":44,"46":9,"47":57,"48":57,"49":57,"50":4,"51":4,"52":4,"53":0},"b":{"1":[13,0],"2":[13,0],"3":[13,0],"4":[4,0],"5":[4,0],"6":[0,0],"7":[44,0],"8":[19,25],"9":[44,0],"10":[44,0],"11":[19,25],"12":[25,19],"13":[0,44],"14":[25,19],"15":[19,25],"16":[44,0],"17":[25,19],"18":[44,0],"19":[57,0],"20":[0,0],"21":[4,0],"22":[0,0]},"f":{"1":13,"2":96,"3":4,"4":0,"5":44,"6":9,"7":57,"8":8,"9":0,"10":0,"11":4},"fnMap":{"1":{"name":"constructor","line":29,"loc":{"start":{"line":29,"column":4},"end":{"line":37,"column":4}}},"2":{"name":"getReserves","line":39,"loc":{"start":{"line":39,"column":4},"end":{"line":47,"column":4}}},"3":{"name":"mint","line":49,"loc":{"start":{"line":49,"column":4},"end":{"line":72,"column":4}}},"4":{"name":"burn","line":74,"loc":{"start":{"line":74,"column":4},"end":{"line":93,"column":4}}},"5":{"name":"swap","line":95,"loc":{"start":{"line":95,"column":4},"end":{"line":131,"column":4}}},"6":{"name":"sync","line":133,"loc":{"start":{"line":133,"column":4},"end":{"line":140,"column":4}}},"7":{"name":"_update","line":142,"loc":{"start":{"line":142,"column":4},"end":{"line":154,"column":4}}},"8":{"name":"_mint","line":160,"loc":{"start":{"line":160,"column":4},"end":{"line":163,"column":4}}},"9":{"name":"_burn","line":165,"loc":{"start":{"line":165,"column":4},"end":{"line":168,"column":4}}},"10":{"name":"min","line":176,"loc":{"start":{"line":176,"column":4},"end":{"line":178,"column":4}}},"11":{"name":"sqrt","line":180,"loc":{"start":{"line":180,"column":4},"end":{"line":191,"column":4}}}},"statementMap":{"1":{"start":{"line":30,"column":8},"end":{"line":30,"column":87}},"2":{"start":{"line":31,"column":8},"end":{"line":31,"column":57}},"3":{"start":{"line":50,"column":8},"end":{"line":50,"column":63}},"4":{"start":{"line":51,"column":8},"end":{"line":51,"column":69}},"5":{"start":{"line":52,"column":8},"end":{"line":52,"column":69}},"6":{"start":{"line":53,"column":8},"end":{"line":53,"column":46}},"7":{"start":{"line":54,"column":8},"end":{"line":54,"column":46}},"8":{"start":{"line":56,"column":8},"end":{"line":56,"column":42}},"9":{"start":{"line":57,"column":8},"end":{"line":57,"column":1909}},"10":{"start":{"line":59,"column":12},"end":{"line":59,"column":47}},"11":{"start":{"line":67,"column":8},"end":{"line":67,"column":62}},"12":{"start":{"line":68,"column":8},"end":{"line":68,"column":27}},"13":{"start":{"line":70,"column":8},"end":{"line":70,"column":56}},"14":{"start":{"line":71,"column":8},"end":{"line":71,"column":47}},"15":{"start":{"line":75,"column":8},"end":{"line":75,"column":63}},"16":{"start":{"line":76,"column":8},"end":{"line":76,"column":69}},"17":{"start":{"line":77,"column":8},"end":{"line":77,"column":69}},"18":{"start":{"line":78,"column":8},"end":{"line":78,"column":52}},"19":{"start":{"line":80,"column":8},"end":{"line":80,"column":42}},"20":{"start":{"line":83,"column":8},"end":{"line":83,"column":75}},"21":{"start":{"line":85,"column":8},"end":{"line":85,"column":38}},"22":{"start":{"line":86,"column":8},"end":{"line":86,"column":46}},"23":{"start":{"line":87,"column":8},"end":{"line":87,"column":46}},"24":{"start":{"line":91,"column":8},"end":{"line":91,"column":56}},"25":{"start":{"line":92,"column":8},"end":{"line":92,"column":51}},"26":{"start":{"line":101,"column":8},"end":{"line":101,"column":78}},"27":{"start":{"line":102,"column":8},"end":{"line":102,"column":63}},"28":{"start":{"line":103,"column":8},"end":{"line":103,"column":90}},"29":{"start":{"line":105,"column":8},"end":{"line":105,"column":24}},"30":{"start":{"line":106,"column":8},"end":{"line":106,"column":24}},"31":{"start":{"line":108,"column":12},"end":{"line":108,"column":62}},"32":{"start":{"line":109,"column":12},"end":{"line":109,"column":74}},"33":{"start":{"line":109,"column":32},"end":{"line":109,"column":73}},"34":{"start":{"line":110,"column":12},"end":{"line":110,"column":74}},"35":{"start":{"line":110,"column":32},"end":{"line":110,"column":73}},"36":{"start":{"line":111,"column":12},"end":{"line":111,"column":109}},"37":{"start":{"line":111,"column":33},"end":{"line":111,"column":108}},"38":{"start":{"line":116,"column":8},"end":{"line":116,"column":103}},"39":{"start":{"line":117,"column":8},"end":{"line":117,"column":103}},"40":{"start":{"line":118,"column":8},"end":{"line":118,"column":75}},"41":{"start":{"line":121,"column":12},"end":{"line":121,"column":89}},"42":{"start":{"line":122,"column":12},"end":{"line":122,"column":89}},"43":{"start":{"line":123,"column":12},"end":{"line":123,"column":4960}},"44":{"start":{"line":129,"column":8},"end":{"line":129,"column":56}},"45":{"start":{"line":130,"column":8},"end":{"line":130,"column":79}},"46":{"start":{"line":134,"column":8},"end":{"line":134,"column":5328}},"47":{"start":{"line":148,"column":8},"end":{"line":148,"column":90}},"48":{"start":{"line":149,"column":8},"end":{"line":149,"column":63}},"49":{"start":{"line":153,"column":8},"end":{"line":153,"column":37}},"50":{"start":{"line":181,"column":8},"end":{"line":181,"column":6702}},"51":{"start":{"line":183,"column":12},"end":{"line":183,"column":33}},"52":{"start":{"line":184,"column":12},"end":{"line":184,"column":6785}},"53":{"start":{"line":188,"column":15},"end":{"line":188,"column":6886}}},"branchMap":{"1":{"line":30,"type":"if","locations":[{"start":{"line":30,"column":8},"end":{"line":30,"column":8}},{"start":{"line":30,"column":8},"end":{"line":30,"column":8}}]},"2":{"line":31,"type":"if","locations":[{"start":{"line":31,"column":8},"end":{"line":31,"column":8}},{"start":{"line":31,"column":8},"end":{"line":31,"column":8}}]},"3":{"line":35,"type":"if","locations":[{"start":{"line":35,"column":14},"end":{"line":35,"column":31}},{"start":{"line":36,"column":14},"end":{"line":36,"column":31}}]},"4":{"line":57,"type":"if","locations":[{"start":{"line":57,"column":8},"end":{"line":57,"column":8}},{"start":{"line":57,"column":8},"end":{"line":57,"column":8}}]},"5":{"line":67,"type":"if","locations":[{"start":{"line":67,"column":8},"end":{"line":67,"column":8}},{"start":{"line":67,"column":8},"end":{"line":67,"column":8}}]},"6":{"line":83,"type":"if","locations":[{"start":{"line":83,"column":8},"end":{"line":83,"column":8}},{"start":{"line":83,"column":8},"end":{"line":83,"column":8}}]},"7":{"line":101,"type":"if","locations":[{"start":{"line":101,"column":8},"end":{"line":101,"column":8}},{"start":{"line":101,"column":8},"end":{"line":101,"column":8}}]},"8":{"line":101,"type":"cond-expr","locations":[{"start":{"line":101,"column":16},"end":{"line":101,"column":29}},{"start":{"line":101,"column":34},"end":{"line":101,"column":47}}]},"9":{"line":103,"type":"if","locations":[{"start":{"line":103,"column":8},"end":{"line":103,"column":8}},{"start":{"line":103,"column":8},"end":{"line":103,"column":8}}]},"10":{"line":108,"type":"if","locations":[{"start":{"line":108,"column":12},"end":{"line":108,"column":12}},{"start":{"line":108,"column":12},"end":{"line":108,"column":12}}]},"11":{"line":109,"type":"if","locations":[{"start":{"line":109,"column":12},"end":{"line":109,"column":12}},{"start":{"line":109,"column":12},"end":{"line":109,"column":12}}]},"12":{"line":110,"type":"if","locations":[{"start":{"line":110,"column":12},"end":{"line":110,"column":12}},{"start":{"line":110,"column":12},"end":{"line":110,"column":12}}]},"13":{"line":111,"type":"if","locations":[{"start":{"line":111,"column":12},"end":{"line":111,"column":12}},{"start":{"line":111,"column":12},"end":{"line":111,"column":12}}]},"14":{"line":116,"type":"if","locations":[{"start":{"line":116,"column":64},"end":{"line":116,"column":98}},{"start":{"line":116,"column":102},"end":{"line":116,"column":102}}]},"15":{"line":117,"type":"if","locations":[{"start":{"line":117,"column":64},"end":{"line":117,"column":98}},{"start":{"line":117,"column":102},"end":{"line":117,"column":102}}]},"16":{"line":118,"type":"if","locations":[{"start":{"line":118,"column":8},"end":{"line":118,"column":8}},{"start":{"line":118,"column":8},"end":{"line":118,"column":8}}]},"17":{"line":118,"type":"cond-expr","locations":[{"start":{"line":118,"column":16},"end":{"line":118,"column":28}},{"start":{"line":118,"column":33},"end":{"line":118,"column":45}}]},"18":{"line":123,"type":"if","locations":[{"start":{"line":123,"column":12},"end":{"line":123,"column":12}},{"start":{"line":123,"column":12},"end":{"line":123,"column":12}}]},"19":{"line":148,"type":"if","locations":[{"start":{"line":148,"column":8},"end":{"line":148,"column":8}},{"start":{"line":148,"column":8},"end":{"line":148,"column":8}}]},"20":{"line":177,"type":"if","locations":[{"start":{"line":177,"column":20},"end":{"line":177,"column":20}},{"start":{"line":177,"column":24},"end":{"line":177,"column":24}}]},"21":{"line":181,"type":"if","locations":[{"start":{"line":181,"column":8},"end":{"line":181,"column":8}},{"start":{"line":181,"column":8},"end":{"line":181,"column":8}}]},"22":{"line":188,"type":"if","locations":[{"start":{"line":188,"column":15},"end":{"line":188,"column":15}},{"start":{"line":188,"column":15},"end":{"line":188,"column":15}}]}}},"contracts/mocks/MockToken.sol":{"l":{"21":11,"22":11,"23":11,"24":11,"25":11,"29":206,"33":130,"34":130,"35":130,"36":130,"40":0,"44":14,"45":14,"46":14,"54":15,"55":15,"56":15,"57":14,"58":14,"62":0,"63":0,"64":0,"68":0,"69":0,"70":0,"71":0,"72":0,"74":0,"78":0,"79":0,"80":0,"81":0,"83":0,"87":0,"88":0,"89":0,"90":0,"91":0,"93":0,"101":144,"102":144,"103":144,"104":144,"106":144,"114":14,"115":14,"116":14,"124":15,"125":15,"126":1,"127":0,"128":0},"path":"/Users/a.rocchi/Projects/Personal/BofhContract/contracts/mocks/MockToken.sol","s":{"1":11,"2":206,"3":130,"4":130,"5":130,"6":130,"7":0,"8":14,"9":14,"10":14,"11":15,"12":15,"13":15,"14":14,"15":14,"16":0,"17":0,"18":0,"19":0,"20":0,"21":0,"22":0,"23":0,"24":0,"25":0,"26":0,"27":0,"28":0,"29":144,"30":144,"31":14,"32":14,"33":15,"34":15,"35":1,"36":0},"b":{"1":[130,0],"2":[15,0],"3":[0,0],"4":[0,0],"5":[0,0],"6":[0,0],"7":[144,0],"8":[14,0],"9":[1,14],"10":[0,1]},"f":{"1":11,"2":206,"3":130,"4":0,"5":14,"6":15,"7":0,"8":0,"9":0,"10":0,"11":144,"12":14,"13":15},"fnMap":{"1":{"name":"constructor","line":16,"loc":{"start":{"line":16,"column":4},"end":{"line":26,"column":4}}},"2":{"name":"balanceOf","line":28,"loc":{"start":{"line":28,"column":4},"end":{"line":30,"column":4}}},"3":{"name":"transfer","line":32,"loc":{"start":{"line":32,"column":4},"end":{"line":37,"column":4}}},"4":{"name":"allowance","line":39,"loc":{"start":{"line":39,"column":4},"end":{"line":41,"column":4}}},"5":{"name":"approve","line":43,"loc":{"start":{"line":43,"column":4},"end":{"line":47,"column":4}}},"6":{"name":"transferFrom","line":49,"loc":{"start":{"line":49,"column":4},"end":{"line":59,"column":4}}},"7":{"name":"increaseAllowance","line":61,"loc":{"start":{"line":61,"column":4},"end":{"line":65,"column":4}}},"8":{"name":"decreaseAllowance","line":67,"loc":{"start":{"line":67,"column":4},"end":{"line":75,"column":4}}},"9":{"name":"mint","line":77,"loc":{"start":{"line":77,"column":4},"end":{"line":84,"column":4}}},"10":{"name":"burn","line":86,"loc":{"start":{"line":86,"column":4},"end":{"line":94,"column":4}}},"11":{"name":"_transfer","line":96,"loc":{"start":{"line":96,"column":4},"end":{"line":107,"column":4}}},"12":{"name":"_approve","line":109,"loc":{"start":{"line":109,"column":4},"end":{"line":117,"column":4}}},"13":{"name":"_spendAllowance","line":119,"loc":{"start":{"line":119,"column":4},"end":{"line":131,"column":4}}}},"statementMap":{"1":{"start":{"line":25,"column":8},"end":{"line":25,"column":61}},"2":{"start":{"line":29,"column":8},"end":{"line":29,"column":32}},"3":{"start":{"line":33,"column":8},"end":{"line":33,"column":60}},"4":{"start":{"line":34,"column":8},"end":{"line":34,"column":34}},"5":{"start":{"line":35,"column":8},"end":{"line":35,"column":35}},"6":{"start":{"line":36,"column":8},"end":{"line":36,"column":19}},"7":{"start":{"line":40,"column":8},"end":{"line":40,"column":41}},"8":{"start":{"line":44,"column":8},"end":{"line":44,"column":34}},"9":{"start":{"line":45,"column":8},"end":{"line":45,"column":39}},"10":{"start":{"line":46,"column":8},"end":{"line":46,"column":19}},"11":{"start":{"line":54,"column":8},"end":{"line":54,"column":60}},"12":{"start":{"line":55,"column":8},"end":{"line":55,"column":36}},"13":{"start":{"line":56,"column":8},"end":{"line":56,"column":45}},"14":{"start":{"line":57,"column":8},"end":{"line":57,"column":34}},"15":{"start":{"line":58,"column":8},"end":{"line":58,"column":19}},"16":{"start":{"line":62,"column":8},"end":{"line":62,"column":34}},"17":{"start":{"line":63,"column":8},"end":{"line":63,"column":72}},"18":{"start":{"line":64,"column":8},"end":{"line":64,"column":19}},"19":{"start":{"line":68,"column":8},"end":{"line":68,"column":34}},"20":{"start":{"line":69,"column":8},"end":{"line":69,"column":61}},"21":{"start":{"line":70,"column":8},"end":{"line":70,"column":75}},"22":{"start":{"line":72,"column":12},"end":{"line":72,"column":71}},"23":{"start":{"line":74,"column":8},"end":{"line":74,"column":19}},"24":{"start":{"line":78,"column":8},"end":{"line":78,"column":56}},"25":{"start":{"line":83,"column":8},"end":{"line":83,"column":45}},"26":{"start":{"line":87,"column":8},"end":{"line":87,"column":60}},"27":{"start":{"line":88,"column":8},"end":{"line":88,"column":71}},"28":{"start":{"line":93,"column":8},"end":{"line":93,"column":47}},"29":{"start":{"line":101,"column":8},"end":{"line":101,"column":75}},"30":{"start":{"line":106,"column":8},"end":{"line":106,"column":39}},"31":{"start":{"line":114,"column":8},"end":{"line":114,"column":64}},"32":{"start":{"line":116,"column":8},"end":{"line":116,"column":45}},"33":{"start":{"line":124,"column":8},"end":{"line":124,"column":61}},"34":{"start":{"line":125,"column":8},"end":{"line":125,"column":3967}},"35":{"start":{"line":126,"column":12},"end":{"line":126,"column":72}},"36":{"start":{"line":128,"column":16},"end":{"line":128,"column":66}}},"branchMap":{"1":{"line":33,"type":"if","locations":[{"start":{"line":33,"column":8},"end":{"line":33,"column":8}},{"start":{"line":33,"column":8},"end":{"line":33,"column":8}}]},"2":{"line":54,"type":"if","locations":[{"start":{"line":54,"column":8},"end":{"line":54,"column":8}},{"start":{"line":54,"column":8},"end":{"line":54,"column":8}}]},"3":{"line":70,"type":"if","locations":[{"start":{"line":70,"column":8},"end":{"line":70,"column":8}},{"start":{"line":70,"column":8},"end":{"line":70,"column":8}}]},"4":{"line":78,"type":"if","locations":[{"start":{"line":78,"column":8},"end":{"line":78,"column":8}},{"start":{"line":78,"column":8},"end":{"line":78,"column":8}}]},"5":{"line":87,"type":"if","locations":[{"start":{"line":87,"column":8},"end":{"line":87,"column":8}},{"start":{"line":87,"column":8},"end":{"line":87,"column":8}}]},"6":{"line":88,"type":"if","locations":[{"start":{"line":88,"column":8},"end":{"line":88,"column":8}},{"start":{"line":88,"column":8},"end":{"line":88,"column":8}}]},"7":{"line":101,"type":"if","locations":[{"start":{"line":101,"column":8},"end":{"line":101,"column":8}},{"start":{"line":101,"column":8},"end":{"line":101,"column":8}}]},"8":{"line":114,"type":"if","locations":[{"start":{"line":114,"column":8},"end":{"line":114,"column":8}},{"start":{"line":114,"column":8},"end":{"line":114,"column":8}}]},"9":{"line":125,"type":"if","locations":[{"start":{"line":125,"column":8},"end":{"line":125,"column":8}},{"start":{"line":125,"column":8},"end":{"line":125,"column":8}}]},"10":{"line":126,"type":"if","locations":[{"start":{"line":126,"column":12},"end":{"line":126,"column":12}},{"start":{"line":126,"column":12},"end":{"line":126,"column":12}}]}}},"contracts/mocks/PoolLibTest.sol":{"l":{"15":4,"23":3,"32":3,"39":1,"46":7},"path":"/Users/a.rocchi/Projects/Personal/BofhContract/contracts/mocks/PoolLibTest.sol","s":{"1":4,"2":3,"3":3,"4":1,"5":7},"b":{},"f":{"1":4,"2":3,"3":3,"4":1,"5":7},"fnMap":{"1":{"name":"testCalculatePriceImpact","line":11,"loc":{"start":{"line":11,"column":4},"end":{"line":16,"column":4}}},"2":{"name":"testCalculateVolatility","line":18,"loc":{"start":{"line":18,"column":4},"end":{"line":24,"column":4}}},"3":{"name":"testAnalyzePool","line":26,"loc":{"start":{"line":26,"column":4},"end":{"line":33,"column":4}}},"4":{"name":"testCalculateOptimalSwapAmount","line":35,"loc":{"start":{"line":35,"column":4},"end":{"line":40,"column":4}}},"5":{"name":"testValidateSwap","line":42,"loc":{"start":{"line":42,"column":4},"end":{"line":47,"column":4}}}},"statementMap":{"1":{"start":{"line":15,"column":8},"end":{"line":15,"column":59}},"2":{"start":{"line":23,"column":8},"end":{"line":23,"column":81}},"3":{"start":{"line":32,"column":8},"end":{"line":32,"column":70}},"4":{"start":{"line":39,"column":8},"end":{"line":39,"column":63}},"5":{"start":{"line":46,"column":8},"end":{"line":46,"column":49}}},"branchMap":{}},"contracts/mocks/SecurityLibTest.sol":{"l":{"22":1,"23":1,"24":1,"28":4,"32":0,"36":2,"40":0,"44":5,"48":1,"52":2,"56":3,"60":4,"64":1,"71":3,"75":0,"79":3,"87":3,"91":0,"95":0,"100":0,"104":0,"108":0},"path":"/Users/a.rocchi/Projects/Personal/BofhContract/contracts/mocks/SecurityLibTest.sol","s":{"1":4,"2":0,"3":2,"4":0,"5":5,"6":1,"7":2,"8":3,"9":4,"10":1,"11":3,"12":0,"13":3,"14":3,"15":0,"16":0,"17":0,"18":0,"19":0},"b":{},"f":{"1":1,"2":4,"3":0,"4":2,"5":0,"6":5,"7":1,"8":2,"9":3,"10":4,"11":1,"12":3,"13":0,"14":3,"15":3,"16":0,"17":0,"18":0,"19":0,"20":0},"fnMap":{"1":{"name":"constructor","line":21,"loc":{"start":{"line":21,"column":4},"end":{"line":25,"column":4}}},"2":{"name":"testCheckOwner","line":27,"loc":{"start":{"line":27,"column":4},"end":{"line":29,"column":4}}},"3":{"name":"testCheckOperator","line":31,"loc":{"start":{"line":31,"column":4},"end":{"line":33,"column":4}}},"4":{"name":"testCheckNotPaused","line":35,"loc":{"start":{"line":35,"column":4},"end":{"line":37,"column":4}}},"5":{"name":"testCheckNotLocked","line":39,"loc":{"start":{"line":39,"column":4},"end":{"line":41,"column":4}}},"6":{"name":"testEnterProtectedSection","line":43,"loc":{"start":{"line":43,"column":4},"end":{"line":45,"column":4}}},"7":{"name":"testExitProtectedSection","line":47,"loc":{"start":{"line":47,"column":4},"end":{"line":49,"column":4}}},"8":{"name":"testTransferOwnership","line":51,"loc":{"start":{"line":51,"column":4},"end":{"line":53,"column":4}}},"9":{"name":"testSetOperator","line":55,"loc":{"start":{"line":55,"column":4},"end":{"line":57,"column":4}}},"10":{"name":"testEmergencyPause","line":59,"loc":{"start":{"line":59,"column":4},"end":{"line":61,"column":4}}},"11":{"name":"testEmergencyUnpause","line":63,"loc":{"start":{"line":63,"column":4},"end":{"line":65,"column":4}}},"12":{"name":"testCheckRateLimit","line":67,"loc":{"start":{"line":67,"column":4},"end":{"line":72,"column":4}}},"13":{"name":"testSetFunctionCooldown","line":74,"loc":{"start":{"line":74,"column":4},"end":{"line":76,"column":4}}},"14":{"name":"testValidateDeadline","line":78,"loc":{"start":{"line":78,"column":4},"end":{"line":80,"column":4}}},"15":{"name":"testCheckValueBounds","line":82,"loc":{"start":{"line":82,"column":4},"end":{"line":88,"column":4}}},"16":{"name":"testValidateAddress","line":90,"loc":{"start":{"line":90,"column":4},"end":{"line":92,"column":4}}},"17":{"name":"testEnsureNotContract","line":94,"loc":{"start":{"line":94,"column":4},"end":{"line":96,"column":4}}},"18":{"name":"getOwner","line":99,"loc":{"start":{"line":99,"column":4},"end":{"line":101,"column":4}}},"19":{"name":"isPaused","line":103,"loc":{"start":{"line":103,"column":4},"end":{"line":105,"column":4}}},"20":{"name":"isLocked","line":107,"loc":{"start":{"line":107,"column":4},"end":{"line":109,"column":4}}}},"statementMap":{"1":{"start":{"line":28,"column":8},"end":{"line":28,"column":33}},"2":{"start":{"line":32,"column":8},"end":{"line":32,"column":36}},"3":{"start":{"line":36,"column":8},"end":{"line":36,"column":37}},"4":{"start":{"line":40,"column":8},"end":{"line":40,"column":37}},"5":{"start":{"line":44,"column":8},"end":{"line":44,"column":51}},"6":{"start":{"line":48,"column":8},"end":{"line":48,"column":43}},"7":{"start":{"line":52,"column":8},"end":{"line":52,"column":48}},"8":{"start":{"line":56,"column":8},"end":{"line":56,"column":50}},"9":{"start":{"line":60,"column":8},"end":{"line":60,"column":37}},"10":{"start":{"line":64,"column":8},"end":{"line":64,"column":39}},"11":{"start":{"line":71,"column":8},"end":{"line":71,"column":80}},"12":{"start":{"line":75,"column":8},"end":{"line":75,"column":66}},"13":{"start":{"line":79,"column":8},"end":{"line":79,"column":58}},"14":{"start":{"line":87,"column":8},"end":{"line":87,"column":62}},"15":{"start":{"line":91,"column":8},"end":{"line":91,"column":40}},"16":{"start":{"line":95,"column":8},"end":{"line":95,"column":42}},"17":{"start":{"line":100,"column":8},"end":{"line":100,"column":34}},"18":{"start":{"line":104,"column":8},"end":{"line":104,"column":35}},"19":{"start":{"line":108,"column":8},"end":{"line":108,"column":35}}},"branchMap":{}}}