{"contracts/interfaces/ISwapInterfaces.sol":{"l":{},"path":"/Users/a.rocchi/Projects/Personal/BofhContract/contracts/interfaces/ISwapInterfaces.sol","s":{},"b":{},"f":{},"fnMap":{},"statementMap":{},"branchMap":{}},"contracts/libs/MathLib.sol":{"l":{"11":0,"14":0,"15":0,"16":0,"17":0,"19":0,"23":0,"24":0,"25":0,"26":0,"32":0,"34":0,"35":0,"38":0,"39":0,"40":0,"43":0,"44":0,"46":0,"49":0,"50":0,"52":0,"57":0,"60":0,"61":0,"62":0,"65":0,"70":0,"72":0,"73":0,"76":0,"77":0,"78":0,"79":0,"80":0,"81":0,"82":0,"83":0,"85":0,"90":0,"92":0,"93":0,"95":0,"97":0,"98":0,"101":0,"102":0,"104":0,"105":0,"106":0,"109":0,"118":0,"121":0,"122":0,"123":0,"125":0,"126":0,"130":0},"path":"/Users/a.rocchi/Projects/Personal/BofhContract/contracts/libs/MathLib.sol","s":{"1":0,"2":0,"3":0,"4":0,"5":0,"6":0,"7":0,"8":0,"9":0,"10":0,"11":0,"12":0,"13":0,"14":0,"15":0,"16":0,"17":0,"18":0,"19":0,"20":0,"21":0,"22":0,"23":0,"24":0,"25":0,"26":0,"27":0,"28":0,"29":0,"30":0,"31":0,"32":0,"33":0,"34":0,"35":0,"36":0,"37":0,"38":0,"39":0,"40":0,"41":0,"42":0,"43":0,"44":0,"45":0,"46":0,"47":0,"48":0,"49":0,"50":0,"51":0,"52":0,"53":0,"54":0,"55":0,"56":0,"57":0,"58":0},"b":{"1":[0,0],"2":[0,0],"3":[0,0],"4":[0,0],"5":[0,0],"6":[0,0],"7":[0,0],"8":[0,0],"9":[0,0],"10":[0,0],"11":[0,0],"12":[0,0],"13":[0,0],"14":[0,0],"15":[0,0],"16":[0,0],"17":[0,0],"18":[0,0],"19":[0,0],"20":[0,0],"21":[0,0],"22":[0,0],"23":[0,0],"24":[0,0],"25":[0,0],"26":[0,0],"27":[0,0]},"f":{"1":0,"2":0,"3":0,"4":0,"5":0,"6":0},"fnMap":{"1":{"name":"sqrt","line":10,"loc":{"start":{"line":10,"column":4},"end":{"line":28,"column":4}}},"2":{"name":"cbrt","line":31,"loc":{"start":{"line":31,"column":4},"end":{"line":53,"column":4}}},"3":{"name":"geometricMean","line":56,"loc":{"start":{"line":56,"column":4},"end":{"line":66,"column":4}}},"4":{"name":"log2","line":69,"loc":{"start":{"line":69,"column":4},"end":{"line":86,"column":4}}},"5":{"name":"exp2","line":89,"loc":{"start":{"line":89,"column":4},"end":{"line":110,"column":4}}},"6":{"name":"calculateOptimalAmount","line":113,"loc":{"start":{"line":113,"column":4},"end":{"line":131,"column":4}}}},"statementMap":{"1":{"start":{"line":11,"column":8},"end":{"line":11,"column":28}},"2":{"start":{"line":11,"column":20},"end":{"line":11,"column":28}},"3":{"start":{"line":14,"column":8},"end":{"line":14,"column":21}},"4":{"start":{"line":15,"column":8},"end":{"line":15,"column":497}},"5":{"start":{"line":23,"column":8},"end":{"line":23,"column":722}},"6":{"start":{"line":24,"column":12},"end":{"line":24,"column":43}},"7":{"start":{"line":25,"column":12},"end":{"line":25,"column":32}},"8":{"start":{"line":32,"column":8},"end":{"line":32,"column":28}},"9":{"start":{"line":32,"column":20},"end":{"line":32,"column":28}},"10":{"start":{"line":34,"column":8},"end":{"line":34,"column":21}},"11":{"start":{"line":35,"column":8},"end":{"line":35,"column":25}},"12":{"start":{"line":38,"column":8},"end":{"line":38,"column":1168}},"13":{"start":{"line":39,"column":12},"end":{"line":39,"column":28}},"14":{"start":{"line":43,"column":12},"end":{"line":43,"column":1364}},"15":{"start":{"line":44,"column":16},"end":{"line":44,"column":52}},"16":{"start":{"line":46,"column":16},"end":{"line":46,"column":52}},"17":{"start":{"line":49,"column":12},"end":{"line":49,"column":29}},"18":{"start":{"line":52,"column":8},"end":{"line":52,"column":16}},"19":{"start":{"line":57,"column":8},"end":{"line":57,"column":38}},"20":{"start":{"line":57,"column":30},"end":{"line":57,"column":38}},"21":{"start":{"line":60,"column":8},"end":{"line":60,"column":1869}},"22":{"start":{"line":61,"column":12},"end":{"line":61,"column":52}},"23":{"start":{"line":62,"column":12},"end":{"line":62,"column":31}},"24":{"start":{"line":65,"column":8},"end":{"line":65,"column":26}},"25":{"start":{"line":70,"column":8},"end":{"line":70,"column":28}},"26":{"start":{"line":70,"column":20},"end":{"line":70,"column":28}},"27":{"start":{"line":72,"column":8},"end":{"line":72,"column":26}},"28":{"start":{"line":73,"column":8},"end":{"line":73,"column":25}},"29":{"start":{"line":76,"column":8},"end":{"line":76,"column":61}},"30":{"start":{"line":77,"column":8},"end":{"line":77,"column":58}},"31":{"start":{"line":78,"column":8},"end":{"line":78,"column":58}},"32":{"start":{"line":79,"column":8},"end":{"line":79,"column":58}},"33":{"start":{"line":80,"column":8},"end":{"line":80,"column":55}},"34":{"start":{"line":81,"column":8},"end":{"line":81,"column":55}},"35":{"start":{"line":82,"column":8},"end":{"line":82,"column":55}},"36":{"start":{"line":83,"column":8},"end":{"line":83,"column":42}},"37":{"start":{"line":85,"column":8},"end":{"line":85,"column":33}},"38":{"start":{"line":90,"column":8},"end":{"line":90,"column":36}},"39":{"start":{"line":90,"column":20},"end":{"line":90,"column":36}},"40":{"start":{"line":92,"column":8},"end":{"line":92,"column":41}},"41":{"start":{"line":93,"column":8},"end":{"line":93,"column":40}},"42":{"start":{"line":95,"column":8},"end":{"line":95,"column":54}},"43":{"start":{"line":95,"column":30},"end":{"line":95,"column":54}},"44":{"start":{"line":97,"column":8},"end":{"line":97,"column":39}},"45":{"start":{"line":98,"column":8},"end":{"line":98,"column":40}},"46":{"start":{"line":98,"column":27},"end":{"line":98,"column":40}},"47":{"start":{"line":101,"column":8},"end":{"line":101,"column":29}},"48":{"start":{"line":102,"column":8},"end":{"line":102,"column":28}},"49":{"start":{"line":104,"column":8},"end":{"line":104,"column":3365}},"50":{"start":{"line":109,"column":8},"end":{"line":109,"column":18}},"51":{"start":{"line":118,"column":8},"end":{"line":118,"column":73}},"52":{"start":{"line":121,"column":8},"end":{"line":121,"column":3884}},"53":{"start":{"line":122,"column":12},"end":{"line":122,"column":40}},"54":{"start":{"line":123,"column":12},"end":{"line":123,"column":93}},"55":{"start":{"line":124,"column":15},"end":{"line":124,"column":4075}},"56":{"start":{"line":125,"column":12},"end":{"line":125,"column":47}},"57":{"start":{"line":126,"column":12},"end":{"line":126,"column":100}},"58":{"start":{"line":130,"column":8},"end":{"line":130,"column":85}}},"branchMap":{"1":{"line":11,"type":"if","locations":[{"start":{"line":11,"column":8},"end":{"line":11,"column":8}},{"start":{"line":11,"column":8},"end":{"line":11,"column":8}}]},"2":{"line":15,"type":"if","locations":[{"start":{"line":15,"column":8},"end":{"line":15,"column":8}},{"start":{"line":15,"column":8},"end":{"line":15,"column":8}}]},"3":{"line":25,"type":"if","locations":[{"start":{"line":25,"column":12},"end":{"line":25,"column":12}},{"start":{"line":25,"column":12},"end":{"line":25,"column":12}}]},"4":{"line":32,"type":"if","locations":[{"start":{"line":32,"column":8},"end":{"line":32,"column":8}},{"start":{"line":32,"column":8},"end":{"line":32,"column":8}}]},"5":{"line":43,"type":"if","locations":[{"start":{"line":43,"column":12},"end":{"line":43,"column":12}},{"start":{"line":43,"column":12},"end":{"line":43,"column":12}}]},"6":{"line":44,"type":"if","locations":[{"start":{"line":44,"column":16},"end":{"line":44,"column":16}},{"start":{"line":44,"column":16},"end":{"line":44,"column":16}}]},"7":{"line":46,"type":"if","locations":[{"start":{"line":46,"column":16},"end":{"line":46,"column":16}},{"start":{"line":46,"column":16},"end":{"line":46,"column":16}}]},"8":{"line":49,"type":"if","locations":[{"start":{"line":49,"column":12},"end":{"line":49,"column":12}},{"start":{"line":49,"column":12},"end":{"line":49,"column":12}}]},"9":{"line":57,"type":"if","locations":[{"start":{"line":57,"column":8},"end":{"line":57,"column":8}},{"start":{"line":57,"column":8},"end":{"line":57,"column":8}}]},"10":{"line":57,"type":"cond-expr","locations":[{"start":{"line":57,"column":12},"end":{"line":57,"column":17}},{"start":{"line":57,"column":22},"end":{"line":57,"column":27}}]},"11":{"line":60,"type":"if","locations":[{"start":{"line":60,"column":8},"end":{"line":60,"column":8}},{"start":{"line":60,"column":8},"end":{"line":60,"column":8}}]},"12":{"line":60,"type":"cond-expr","locations":[{"start":{"line":60,"column":12},"end":{"line":60,"column":32}},{"start":{"line":60,"column":37},"end":{"line":60,"column":57}}]},"13":{"line":70,"type":"if","locations":[{"start":{"line":70,"column":8},"end":{"line":70,"column":8}},{"start":{"line":70,"column":8},"end":{"line":70,"column":8}}]},"14":{"line":76,"type":"if","locations":[{"start":{"line":76,"column":8},"end":{"line":76,"column":8}},{"start":{"line":76,"column":8},"end":{"line":76,"column":8}}]},"15":{"line":77,"type":"if","locations":[{"start":{"line":77,"column":8},"end":{"line":77,"column":8}},{"start":{"line":77,"column":8},"end":{"line":77,"column":8}}]},"16":{"line":78,"type":"if","locations":[{"start":{"line":78,"column":8},"end":{"line":78,"column":8}},{"start":{"line":78,"column":8},"end":{"line":78,"column":8}}]},"17":{"line":79,"type":"if","locations":[{"start":{"line":79,"column":8},"end":{"line":79,"column":8}},{"start":{"line":79,"column":8},"end":{"line":79,"column":8}}]},"18":{"line":80,"type":"if","locations":[{"start":{"line":80,"column":8},"end":{"line":80,"column":8}},{"start":{"line":80,"column":8},"end":{"line":80,"column":8}}]},"19":{"line":81,"type":"if","locations":[{"start":{"line":81,"column":8},"end":{"line":81,"column":8}},{"start":{"line":81,"column":8},"end":{"line":81,"column":8}}]},"20":{"line":82,"type":"if","locations":[{"start":{"line":82,"column":8},"end":{"line":82,"column":8}},{"start":{"line":82,"column":8},"end":{"line":82,"column":8}}]},"21":{"line":83,"type":"if","locations":[{"start":{"line":83,"column":8},"end":{"line":83,"column":8}},{"start":{"line":83,"column":8},"end":{"line":83,"column":8}}]},"22":{"line":90,"type":"if","locations":[{"start":{"line":90,"column":8},"end":{"line":90,"column":8}},{"start":{"line":90,"column":8},"end":{"line":90,"column":8}}]},"23":{"line":95,"type":"if","locations":[{"start":{"line":95,"column":8},"end":{"line":95,"column":8}},{"start":{"line":95,"column":8},"end":{"line":95,"column":8}}]},"24":{"line":98,"type":"if","locations":[{"start":{"line":98,"column":8},"end":{"line":98,"column":8}},{"start":{"line":98,"column":8},"end":{"line":98,"column":8}}]},"25":{"line":118,"type":"if","locations":[{"start":{"line":118,"column":8},"end":{"line":118,"column":8}},{"start":{"line":118,"column":8},"end":{"line":118,"column":8}}]},"26":{"line":121,"type":"if","locations":[{"start":{"line":121,"column":8},"end":{"line":121,"column":8}},{"start":{"line":121,"column":8},"end":{"line":121,"column":8}}]},"27":{"line":124,"type":"if","locations":[{"start":{"line":124,"column":15},"end":{"line":124,"column":15}},{"start":{"line":124,"column":15},"end":{"line":124,"column":15}}]}}},"contracts/libs/PoolLib.sol":{"l":{"38":0,"41":0,"42":0,"44":0,"45":0,"46":0,"47":0,"48":0,"49":0,"51":0,"52":0,"53":0,"54":0,"57":0,"64":0,"65":0,"66":0,"67":0,"69":0,"77":0,"79":0,"80":0,"81":0,"84":0,"85":0,"87":0,"89":0,"98":0,"100":0,"101":0,"104":0,"105":0,"110":0,"112":0,"121":0,"127":0,"128":0,"130":0,"134":0,"135":0,"136":0,"139":0,"141":0,"149":0,"150":0,"151":0,"153":0,"154":0,"157":0,"158":0,"160":0},"path":"/Users/a.rocchi/Projects/Personal/BofhContract/contracts/libs/PoolLib.sol","s":{"1":0,"2":0,"3":0,"4":0,"5":0,"6":0,"7":0,"8":0,"9":0,"10":0,"11":0,"12":0,"13":0,"14":0,"15":0,"16":0,"17":0,"18":0,"19":0,"20":0,"21":0,"22":0,"23":0,"24":0,"25":0,"26":0,"27":0,"28":0,"29":0,"30":0,"31":0,"32":0,"33":0,"34":0,"35":0,"36":0,"37":0,"38":0,"39":0,"40":0},"b":{"1":[0,0],"2":[0,0],"3":[0,0],"4":[0,0],"5":[0,0],"6":[0,0],"7":[0,0],"8":[0,0],"9":[0,0],"10":[0,0],"11":[0,0],"12":[0,0],"13":[0,0],"14":[0,0],"15":[0,0],"16":[0,0]},"f":{"1":0,"2":0,"3":0,"4":0,"5":0},"fnMap":{"1":{"name":"analyzePool","line":32,"loc":{"start":{"line":32,"column":4},"end":{"line":70,"column":4}}},"2":{"name":"calculatePriceImpact","line":73,"loc":{"start":{"line":73,"column":4},"end":{"line":90,"column":4}}},"3":{"name":"calculateVolatility","line":93,"loc":{"start":{"line":93,"column":4},"end":{"line":113,"column":4}}},"4":{"name":"calculateOptimalSwapAmount","line":116,"loc":{"start":{"line":116,"column":4},"end":{"line":142,"column":4}}},"5":{"name":"validateSwap","line":145,"loc":{"start":{"line":145,"column":4},"end":{"line":161,"column":4}}}},"statementMap":{"1":{"start":{"line":38,"column":8},"end":{"line":38,"column":1031}},"2":{"start":{"line":41,"column":8},"end":{"line":41,"column":52}},"3":{"start":{"line":44,"column":8},"end":{"line":44,"column":1217}},"4":{"start":{"line":45,"column":12},"end":{"line":45,"column":56}},"5":{"start":{"line":46,"column":12},"end":{"line":46,"column":54}},"6":{"start":{"line":57,"column":8},"end":{"line":57,"column":1694}},"7":{"start":{"line":69,"column":8},"end":{"line":69,"column":20}},"8":{"start":{"line":77,"column":8},"end":{"line":77,"column":35}},"9":{"start":{"line":77,"column":27},"end":{"line":77,"column":35}},"10":{"start":{"line":79,"column":8},"end":{"line":79,"column":52}},"11":{"start":{"line":80,"column":8},"end":{"line":80,"column":56}},"12":{"start":{"line":81,"column":8},"end":{"line":81,"column":48}},"13":{"start":{"line":84,"column":8},"end":{"line":84,"column":73}},"14":{"start":{"line":85,"column":8},"end":{"line":85,"column":69}},"15":{"start":{"line":87,"column":8},"end":{"line":87,"column":42}},"16":{"start":{"line":87,"column":34},"end":{"line":87,"column":42}},"17":{"start":{"line":89,"column":8},"end":{"line":89,"column":61}},"18":{"start":{"line":98,"column":8},"end":{"line":98,"column":69}},"19":{"start":{"line":98,"column":47},"end":{"line":98,"column":69}},"20":{"start":{"line":100,"column":8},"end":{"line":100,"column":60}},"21":{"start":{"line":101,"column":8},"end":{"line":101,"column":50}},"22":{"start":{"line":101,"column":28},"end":{"line":101,"column":50}},"23":{"start":{"line":104,"column":8},"end":{"line":104,"column":77}},"24":{"start":{"line":105,"column":8},"end":{"line":105,"column":3564}},"25":{"start":{"line":110,"column":8},"end":{"line":110,"column":68}},"26":{"start":{"line":112,"column":8},"end":{"line":112,"column":88}},"27":{"start":{"line":127,"column":8},"end":{"line":127,"column":71}},"28":{"start":{"line":128,"column":8},"end":{"line":128,"column":4530}},"29":{"start":{"line":134,"column":8},"end":{"line":134,"column":59}},"30":{"start":{"line":135,"column":8},"end":{"line":135,"column":60}},"31":{"start":{"line":139,"column":8},"end":{"line":139,"column":83}},"32":{"start":{"line":141,"column":8},"end":{"line":141,"column":46}},"33":{"start":{"line":149,"column":8},"end":{"line":149,"column":70}},"34":{"start":{"line":150,"column":8},"end":{"line":150,"column":53}},"35":{"start":{"line":151,"column":8},"end":{"line":151,"column":81}},"36":{"start":{"line":153,"column":8},"end":{"line":153,"column":73}},"37":{"start":{"line":154,"column":8},"end":{"line":154,"column":77}},"38":{"start":{"line":157,"column":8},"end":{"line":157,"column":69}},"39":{"start":{"line":158,"column":8},"end":{"line":158,"column":73}},"40":{"start":{"line":160,"column":8},"end":{"line":160,"column":19}}},"branchMap":{"1":{"line":44,"type":"if","locations":[{"start":{"line":44,"column":8},"end":{"line":44,"column":8}},{"start":{"line":44,"column":8},"end":{"line":44,"column":8}}]},"2":{"line":46,"type":"if","locations":[{"start":{"line":46,"column":12},"end":{"line":46,"column":12}},{"start":{"line":46,"column":12},"end":{"line":46,"column":12}}]},"3":{"line":57,"type":"if","locations":[{"start":{"line":57,"column":8},"end":{"line":57,"column":8}},{"start":{"line":57,"column":8},"end":{"line":57,"column":8}}]},"4":{"line":77,"type":"if","locations":[{"start":{"line":77,"column":8},"end":{"line":77,"column":8}},{"start":{"line":77,"column":8},"end":{"line":77,"column":8}}]},"5":{"line":87,"type":"if","locations":[{"start":{"line":87,"column":8},"end":{"line":87,"column":8}},{"start":{"line":87,"column":8},"end":{"line":87,"column":8}}]},"6":{"line":98,"type":"if","locations":[{"start":{"line":98,"column":8},"end":{"line":98,"column":8}},{"start":{"line":98,"column":8},"end":{"line":98,"column":8}}]},"7":{"line":101,"type":"if","locations":[{"start":{"line":101,"column":8},"end":{"line":101,"column":8}},{"start":{"line":101,"column":8},"end":{"line":101,"column":8}}]},"8":{"line":106,"type":"if","locations":[{"start":{"line":106,"column":12},"end":{"line":106,"column":41}},{"start":{"line":107,"column":12},"end":{"line":107,"column":41}}]},"9":{"line":128,"type":"if","locations":[{"start":{"line":128,"column":8},"end":{"line":128,"column":8}},{"start":{"line":128,"column":8},"end":{"line":128,"column":8}}]},"10":{"line":139,"type":"if","locations":[{"start":{"line":139,"column":8},"end":{"line":139,"column":8}},{"start":{"line":139,"column":8},"end":{"line":139,"column":8}}]},"11":{"line":149,"type":"if","locations":[{"start":{"line":149,"column":8},"end":{"line":149,"column":8}},{"start":{"line":149,"column":8},"end":{"line":149,"column":8}}]},"12":{"line":150,"type":"if","locations":[{"start":{"line":150,"column":8},"end":{"line":150,"column":8}},{"start":{"line":150,"column":8},"end":{"line":150,"column":8}}]},"13":{"line":151,"type":"if","locations":[{"start":{"line":151,"column":8},"end":{"line":151,"column":8}},{"start":{"line":151,"column":8},"end":{"line":151,"column":8}}]},"14":{"line":154,"type":"if","locations":[{"start":{"line":154,"column":8},"end":{"line":154,"column":8}},{"start":{"line":154,"column":8},"end":{"line":154,"column":8}}]},"15":{"line":157,"type":"if","locations":[{"start":{"line":157,"column":8},"end":{"line":157,"column":8}},{"start":{"line":157,"column":8},"end":{"line":157,"column":8}}]},"16":{"line":158,"type":"if","locations":[{"start":{"line":158,"column":8},"end":{"line":158,"column":8}},{"start":{"line":158,"column":8},"end":{"line":158,"column":8}}]}}},"contracts/libs/SecurityLib.sol":{"l":{"33":26,"37":0,"41":11,"45":0,"53":11,"55":11,"56":11,"57":0,"60":11,"61":11,"65":0,"73":2,"74":2,"75":2,"77":1,"78":1,"86":0,"87":0,"89":0,"90":0,"95":7,"96":7,"97":7,"101":4,"102":4,"103":4,"113":0,"114":0,"116":0,"117":0,"118":0,"122":0,"123":0,"124":0,"128":0,"129":0,"138":0,"139":0,"147":0,"148":0,"158":0,"159":0,"165":0,"166":0,"172":0,"173":0},"path":"/Users/a.rocchi/Projects/Personal/BofhContract/contracts/libs/SecurityLib.sol","s":{"1":26,"2":0,"3":11,"4":0,"5":11,"6":11,"7":11,"8":2,"9":2,"10":2,"11":1,"12":0,"13":0,"14":0,"15":7,"16":7,"17":4,"18":4,"19":0,"20":0,"21":0,"22":0,"23":0,"24":0,"25":0,"26":0,"27":0},"b":{"1":[3,23],"2":[0,0],"3":[1,10],"4":[0,0],"5":[0,11],"6":[0,11],"7":[0,2],"8":[1,1],"9":[0,0],"10":[0,0],"11":[0,7],"12":[0,4],"13":[0,0],"14":[0,0],"15":[0,0],"16":[0,0],"17":[0,0],"18":[0,0],"19":[0,0],"20":[0,0],"21":[0,0]},"f":{"1":26,"2":0,"3":11,"4":0,"5":11,"6":0,"7":2,"8":0,"9":7,"10":4,"11":0,"12":0,"13":0,"14":0,"15":0,"16":0},"fnMap":{"1":{"name":"checkOwner","line":32,"loc":{"start":{"line":32,"column":4},"end":{"line":34,"column":4}}},"2":{"name":"checkOperator","line":36,"loc":{"start":{"line":36,"column":4},"end":{"line":38,"column":4}}},"3":{"name":"checkNotPaused","line":40,"loc":{"start":{"line":40,"column":4},"end":{"line":42,"column":4}}},"4":{"name":"checkNotLocked","line":44,"loc":{"start":{"line":44,"column":4},"end":{"line":46,"column":4}}},"5":{"name":"enterProtectedSection","line":49,"loc":{"start":{"line":49,"column":4},"end":{"line":62,"column":4}}},"6":{"name":"exitProtectedSection","line":64,"loc":{"start":{"line":64,"column":4},"end":{"line":66,"column":4}}},"7":{"name":"transferOwnership","line":69,"loc":{"start":{"line":69,"column":4},"end":{"line":79,"column":4}}},"8":{"name":"setOperator","line":81,"loc":{"start":{"line":81,"column":4},"end":{"line":91,"column":4}}},"9":{"name":"emergencyPause","line":94,"loc":{"start":{"line":94,"column":4},"end":{"line":98,"column":4}}},"10":{"name":"emergencyUnpause","line":100,"loc":{"start":{"line":100,"column":4},"end":{"line":104,"column":4}}},"11":{"name":"checkRateLimit","line":107,"loc":{"start":{"line":107,"column":4},"end":{"line":130,"column":4}}},"12":{"name":"setFunctionCooldown","line":133,"loc":{"start":{"line":133,"column":4},"end":{"line":140,"column":4}}},"13":{"name":"validateDeadline","line":143,"loc":{"start":{"line":143,"column":4},"end":{"line":150,"column":4}}},"14":{"name":"checkValueBounds","line":153,"loc":{"start":{"line":153,"column":4},"end":{"line":161,"column":4}}},"15":{"name":"validateAddress","line":164,"loc":{"start":{"line":164,"column":4},"end":{"line":168,"column":4}}},"16":{"name":"ensureNotContract","line":171,"loc":{"start":{"line":171,"column":4},"end":{"line":175,"column":4}}}},"statementMap":{"1":{"start":{"line":33,"column":8},"end":{"line":33,"column":59}},"2":{"start":{"line":37,"column":8},"end":{"line":37,"column":90}},"3":{"start":{"line":41,"column":8},"end":{"line":41,"column":48}},"4":{"start":{"line":45,"column":8},"end":{"line":45,"column":48}},"5":{"start":{"line":53,"column":8},"end":{"line":53,"column":54}},"6":{"start":{"line":55,"column":8},"end":{"line":55,"column":59}},"7":{"start":{"line":56,"column":8},"end":{"line":56,"column":1869}},"8":{"start":{"line":73,"column":8},"end":{"line":73,"column":37}},"9":{"start":{"line":74,"column":8},"end":{"line":74,"column":57}},"10":{"start":{"line":75,"column":8},"end":{"line":75,"column":59}},"11":{"start":{"line":78,"column":8},"end":{"line":78,"column":53}},"12":{"start":{"line":86,"column":8},"end":{"line":86,"column":59}},"13":{"start":{"line":87,"column":8},"end":{"line":87,"column":59}},"14":{"start":{"line":90,"column":8},"end":{"line":90,"column":52}},"15":{"start":{"line":95,"column":8},"end":{"line":95,"column":59}},"16":{"start":{"line":97,"column":8},"end":{"line":97,"column":52}},"17":{"start":{"line":101,"column":8},"end":{"line":101,"column":59}},"18":{"start":{"line":103,"column":8},"end":{"line":103,"column":53}},"19":{"start":{"line":113,"column":8},"end":{"line":113,"column":45}},"20":{"start":{"line":114,"column":8},"end":{"line":114,"column":3696}},"21":{"start":{"line":122,"column":8},"end":{"line":122,"column":3994}},"22":{"start":{"line":123,"column":12},"end":{"line":123,"column":70}},"23":{"start":{"line":138,"column":8},"end":{"line":138,"column":59}},"24":{"start":{"line":147,"column":8},"end":{"line":147,"column":4749}},"25":{"start":{"line":158,"column":8},"end":{"line":158,"column":5016}},"26":{"start":{"line":165,"column":8},"end":{"line":165,"column":5207}},"27":{"start":{"line":172,"column":8},"end":{"line":172,"column":5431}}},"branchMap":{"1":{"line":33,"type":"if","locations":[{"start":{"line":33,"column":8},"end":{"line":33,"column":8}},{"start":{"line":33,"column":8},"end":{"line":33,"column":8}}]},"2":{"line":37,"type":"if","locations":[{"start":{"line":37,"column":8},"end":{"line":37,"column":8}},{"start":{"line":37,"column":8},"end":{"line":37,"column":8}}]},"3":{"line":41,"type":"if","locations":[{"start":{"line":41,"column":8},"end":{"line":41,"column":8}},{"start":{"line":41,"column":8},"end":{"line":41,"column":8}}]},"4":{"line":45,"type":"if","locations":[{"start":{"line":45,"column":8},"end":{"line":45,"column":8}},{"start":{"line":45,"column":8},"end":{"line":45,"column":8}}]},"5":{"line":53,"type":"if","locations":[{"start":{"line":53,"column":8},"end":{"line":53,"column":8}},{"start":{"line":53,"column":8},"end":{"line":53,"column":8}}]},"6":{"line":56,"type":"if","locations":[{"start":{"line":56,"column":8},"end":{"line":56,"column":8}},{"start":{"line":56,"column":8},"end":{"line":56,"column":8}}]},"7":{"line":74,"type":"if","locations":[{"start":{"line":74,"column":8},"end":{"line":74,"column":8}},{"start":{"line":74,"column":8},"end":{"line":74,"column":8}}]},"8":{"line":75,"type":"if","locations":[{"start":{"line":75,"column":8},"end":{"line":75,"column":8}},{"start":{"line":75,"column":8},"end":{"line":75,"column":8}}]},"9":{"line":86,"type":"if","locations":[{"start":{"line":86,"column":8},"end":{"line":86,"column":8}},{"start":{"line":86,"column":8},"end":{"line":86,"column":8}}]},"10":{"line":87,"type":"if","locations":[{"start":{"line":87,"column":8},"end":{"line":87,"column":8}},{"start":{"line":87,"column":8},"end":{"line":87,"column":8}}]},"11":{"line":95,"type":"if","locations":[{"start":{"line":95,"column":8},"end":{"line":95,"column":8}},{"start":{"line":95,"column":8},"end":{"line":95,"column":8}}]},"12":{"line":101,"type":"if","locations":[{"start":{"line":101,"column":8},"end":{"line":101,"column":8}},{"start":{"line":101,"column":8},"end":{"line":101,"column":8}}]},"13":{"line":114,"type":"if","locations":[{"start":{"line":114,"column":8},"end":{"line":114,"column":8}},{"start":{"line":114,"column":8},"end":{"line":114,"column":8}}]},"14":{"line":122,"type":"if","locations":[{"start":{"line":122,"column":8},"end":{"line":122,"column":8}},{"start":{"line":122,"column":8},"end":{"line":122,"column":8}}]},"15":{"line":138,"type":"if","locations":[{"start":{"line":138,"column":8},"end":{"line":138,"column":8}},{"start":{"line":138,"column":8},"end":{"line":138,"column":8}}]},"16":{"line":147,"type":"if","locations":[{"start":{"line":147,"column":8},"end":{"line":147,"column":8}},{"start":{"line":147,"column":8},"end":{"line":147,"column":8}}]},"17":{"line":158,"type":"if","locations":[{"start":{"line":158,"column":8},"end":{"line":158,"column":8}},{"start":{"line":158,"column":8},"end":{"line":158,"column":8}}]},"18":{"line":158,"type":"cond-expr","locations":[{"start":{"line":158,"column":12},"end":{"line":158,"column":27}},{"start":{"line":158,"column":32},"end":{"line":158,"column":47}}]},"19":{"line":165,"type":"if","locations":[{"start":{"line":165,"column":8},"end":{"line":165,"column":8}},{"start":{"line":165,"column":8},"end":{"line":165,"column":8}}]},"20":{"line":165,"type":"cond-expr","locations":[{"start":{"line":165,"column":12},"end":{"line":165,"column":29}},{"start":{"line":165,"column":34},"end":{"line":165,"column":54}}]},"21":{"line":172,"type":"if","locations":[{"start":{"line":172,"column":8},"end":{"line":172,"column":8}},{"start":{"line":172,"column":8},"end":{"line":172,"column":8}}]}}},"contracts/main/BofhContract.sol":{"l":{"84":0,"85":0,"86":0,"87":0,"89":0,"98":0,"99":0,"103":0,"104":0,"106":0,"108":0,"109":0,"110":0,"162":0,"163":0,"164":0,"165":0,"169":0,"170":0,"174":0,"175":0,"179":0,"180":0,"181":0,"182":0,"190":0,"194":0,"199":0,"200":0,"201":0,"202":0,"203":0,"204":0,"209":0,"210":0,"211":0,"213":0,"214":0,"215":0,"216":0,"218":0,"222":0,"227":0,"235":0,"244":0,"248":0,"252":0,"256":0,"261":0,"264":0,"265":0,"270":0,"271":0,"272":0,"274":0,"275":0,"276":0,"277":0,"278":0,"280":0,"281":0,"282":0,"283":0,"287":0,"288":0,"289":0,"291":0,"296":0,"297":0,"298":0,"300":0,"301":0,"307":0,"309":0,"311":0,"313":0,"316":0,"317":0,"320":0,"321":0,"322":0,"323":0,"325":0,"326":0,"328":0,"331":0,"332":0,"336":0,"338":0,"341":0,"343":0,"344":0,"346":0,"347":0,"350":0,"351":0,"354":0,"355":0,"357":0,"358":0,"361":0,"362":0,"365":0,"368":0,"376":0,"377":0,"378":0,"380":0,"385":0,"387":0,"388":0,"390":0,"393":0,"401":0,"402":0,"404":0,"406":0,"407":0,"409":0,"414":0,"427":0,"428":0,"431":0,"432":0,"433":0,"434":0,"435":0,"436":0,"439":0,"440":0,"441":0,"444":0,"445":0,"446":0,"448":0,"451":0,"452":0,"453":0,"455":0,"460":0,"473":0,"474":0,"477":0,"478":0,"479":0,"480":0,"481":0,"482":0,"485":0,"488":0,"489":0,"490":0,"492":0,"495":0,"496":0,"497":0,"499":0,"506":0,"507":0,"508":0,"510":0,"513":0,"514":0,"515":0,"517":0,"522":0,"530":0,"534":0,"535":0,"536":0,"537":0,"541":0,"542":0,"543":0,"545":0},"path":"/Users/a.rocchi/Projects/Personal/BofhContract/contracts/main/BofhContract.sol","s":{"1":0,"2":0,"3":0,"4":0,"5":0,"6":0,"7":0,"8":0,"9":0,"10":0,"11":0,"12":0,"13":0,"14":0,"15":0,"16":0,"17":0,"18":0,"19":0,"20":0,"21":0,"22":0,"23":0,"24":0,"25":0,"26":0,"27":0,"28":0,"29":0,"30":0,"31":0,"32":0,"33":0,"34":0,"35":0,"36":0,"37":0,"38":0,"39":0,"40":0,"41":0,"42":0,"43":0,"44":0,"45":0,"46":0,"47":0,"48":0,"49":0,"50":0,"51":0,"52":0,"53":0,"54":0,"55":0,"56":0,"57":0,"58":0,"59":0,"60":0,"61":0,"62":0,"63":0,"64":0,"65":0,"66":0,"67":0,"68":0,"69":0,"70":0,"71":0,"72":0,"73":0,"74":0,"75":0,"76":0,"77":0,"78":0,"79":0,"80":0,"81":0,"82":0,"83":0,"84":0,"85":0,"86":0,"87":0,"88":0,"89":0,"90":0,"91":0,"92":0,"93":0,"94":0,"95":0,"96":0,"97":0,"98":0,"99":0,"100":0,"101":0,"102":0,"103":0,"104":0,"105":0,"106":0,"107":0,"108":0,"109":0,"110":0,"111":0,"112":0,"113":0},"b":{"1":[0,0],"2":[0,0],"3":[0,0],"4":[0,0],"5":[0,0],"6":[0,0],"7":[0,0],"8":[0,0],"9":[0,0],"10":[0,0],"11":[0,0],"12":[0,0],"13":[0,0],"14":[0,0],"15":[0,0],"16":[0,0],"17":[0,0],"18":[0,0],"19":[0,0],"20":[0,0],"21":[0,0],"22":[0,0],"23":[0,0],"24":[0,0],"25":[0,0],"26":[0,0],"27":[0,0],"28":[0,0],"29":[0,0],"30":[0,0],"31":[0,0],"32":[0,0],"33":[0,0],"34":[0,0],"35":[0,0],"36":[0,0],"37":[0,0],"38":[0,0],"39":[0,0],"40":[0,0],"41":[0,0],"42":[0,0],"43":[0,0],"44":[0,0],"45":[0,0],"46":[0,0],"47":[0,0],"48":[0,0],"49":[0,0],"50":[0,0],"51":[0,0],"52":[0,0],"53":[0,0],"54":[0,0],"55":[0,0],"56":[0,0]},"f":{"1":0,"2":0,"3":0,"4":0,"5":0,"6":0,"7":0,"8":0,"9":0,"10":0,"11":0,"12":0,"13":0,"14":0,"15":0,"16":0,"17":0,"18":0,"19":0,"20":0,"21":0,"22":0,"23":0,"24":0,"25":0,"26":0,"27":0,"28":0,"29":0,"30":0},"fnMap":{"1":{"name":"updateRiskParams","line":83,"loc":{"start":{"line":78,"column":4},"end":{"line":95,"column":4}}},"2":{"name":"setPoolBlacklist","line":97,"loc":{"start":{"line":97,"column":4},"end":{"line":100,"column":4}}},"3":{"name":"emergencyPause","line":102,"loc":{"start":{"line":102,"column":4},"end":{"line":113,"column":4}}},"4":{"name":"constructor","line":161,"loc":{"start":{"line":161,"column":4},"end":{"line":166,"column":4}}},"5":{"name":"onlyOwner","line":168,"loc":{"start":{"line":168,"column":4},"end":{"line":171,"column":4}}},"6":{"name":"whenActive","line":173,"loc":{"start":{"line":173,"column":4},"end":{"line":176,"column":4}}},"7":{"name":"nonReentrant","line":178,"loc":{"start":{"line":178,"column":4},"end":{"line":183,"column":4}}},"8":{"name":"getAdmin","line":189,"loc":{"start":{"line":189,"column":4},"end":{"line":191,"column":4}}},"9":{"name":"getBaseToken","line":193,"loc":{"start":{"line":193,"column":4},"end":{"line":195,"column":4}}},"10":{"name":"sqrt","line":198,"loc":{"start":{"line":198,"column":4},"end":{"line":206,"column":4}}},"11":{"name":"cbrt","line":208,"loc":{"start":{"line":208,"column":4},"end":{"line":219,"column":4}}},"12":{"name":"geometricMean","line":221,"loc":{"start":{"line":221,"column":4},"end":{"line":223,"column":4}}},"13":{"name":"getU256","line":226,"loc":{"start":{"line":226,"column":4},"end":{"line":232,"column":4}}},"14":{"name":"getU256_last","line":234,"loc":{"start":{"line":234,"column":4},"end":{"line":240,"column":4}}},"15":{"name":"getFee","line":243,"loc":{"start":{"line":243,"column":4},"end":{"line":245,"column":4}}},"16":{"name":"getPool","line":247,"loc":{"start":{"line":247,"column":4},"end":{"line":249,"column":4}}},"17":{"name":"getInitialAmount","line":251,"loc":{"start":{"line":251,"column":4},"end":{"line":253,"column":4}}},"18":{"name":"getExpectedAmount","line":255,"loc":{"start":{"line":255,"column":4},"end":{"line":257,"column":4}}},"19":{"name":"safeTransfer","line":260,"loc":{"start":{"line":260,"column":4},"end":{"line":266,"column":4}}},"20":{"name":"analyzePool","line":269,"loc":{"start":{"line":269,"column":4},"end":{"line":292,"column":4}}},"21":{"name":"calculatePriceImpact","line":295,"loc":{"start":{"line":295,"column":4},"end":{"line":302,"column":4}}},"22":{"name":"performSwap","line":305,"loc":{"start":{"line":305,"column":4},"end":{"line":381,"column":4}}},"23":{"name":"calculateOptimalAmountIn","line":384,"loc":{"start":{"line":384,"column":4},"end":{"line":394,"column":4}}},"24":{"name":"calculateOptimalAmountOut","line":397,"loc":{"start":{"line":397,"column":4},"end":{"line":410,"column":4}}},"25":{"name":"fourWaySwap","line":413,"loc":{"start":{"line":413,"column":4},"end":{"line":456,"column":4}}},"26":{"name":"fiveWaySwap","line":459,"loc":{"start":{"line":459,"column":4},"end":{"line":518,"column":4}}},"27":{"name":"adoptAllowance","line":521,"loc":{"start":{"line":521,"column":4},"end":{"line":527,"column":4}}},"28":{"name":"withdrawFunds","line":529,"loc":{"start":{"line":529,"column":4},"end":{"line":531,"column":4}}},"29":{"name":"changeAdmin","line":533,"loc":{"start":{"line":533,"column":4},"end":{"line":538,"column":4}}},"30":{"name":"deactivateContract","line":540,"loc":{"start":{"line":540,"column":4},"end":{"line":546,"column":4}}}},"statementMap":{"1":{"start":{"line":89,"column":8},"end":{"line":89,"column":3828}},"2":{"start":{"line":99,"column":8},"end":{"line":99,"column":47}},"3":{"start":{"line":104,"column":8},"end":{"line":104,"column":35}},"4":{"start":{"line":106,"column":8},"end":{"line":106,"column":4340}},"5":{"start":{"line":108,"column":12},"end":{"line":108,"column":72}},"6":{"start":{"line":109,"column":12},"end":{"line":109,"column":4497}},"7":{"start":{"line":110,"column":16},"end":{"line":110,"column":62}},"8":{"start":{"line":169,"column":8},"end":{"line":169,"column":54}},"9":{"start":{"line":174,"column":8},"end":{"line":174,"column":55}},"10":{"start":{"line":179,"column":8},"end":{"line":179,"column":62}},"11":{"start":{"line":190,"column":8},"end":{"line":190,"column":20}},"12":{"start":{"line":194,"column":8},"end":{"line":194,"column":24}},"13":{"start":{"line":199,"column":8},"end":{"line":199,"column":28}},"14":{"start":{"line":199,"column":20},"end":{"line":199,"column":28}},"15":{"start":{"line":200,"column":8},"end":{"line":200,"column":31}},"16":{"start":{"line":202,"column":8},"end":{"line":202,"column":6756}},"17":{"start":{"line":209,"column":8},"end":{"line":209,"column":28}},"18":{"start":{"line":209,"column":20},"end":{"line":209,"column":28}},"19":{"start":{"line":210,"column":8},"end":{"line":210,"column":21}},"20":{"start":{"line":211,"column":8},"end":{"line":211,"column":25}},"21":{"start":{"line":213,"column":8},"end":{"line":213,"column":7001}},"22":{"start":{"line":215,"column":12},"end":{"line":215,"column":29}},"23":{"start":{"line":218,"column":8},"end":{"line":218,"column":16}},"24":{"start":{"line":222,"column":8},"end":{"line":222,"column":26}},"25":{"start":{"line":244,"column":8},"end":{"line":244,"column":46}},"26":{"start":{"line":248,"column":8},"end":{"line":248,"column":45}},"27":{"start":{"line":252,"column":8},"end":{"line":252,"column":38}},"28":{"start":{"line":256,"column":8},"end":{"line":256,"column":45}},"29":{"start":{"line":261,"column":8},"end":{"line":261,"column":8393}},"30":{"start":{"line":264,"column":8},"end":{"line":264,"column":8548}},"31":{"start":{"line":270,"column":8},"end":{"line":270,"column":54}},"32":{"start":{"line":271,"column":8},"end":{"line":271,"column":66}},"33":{"start":{"line":274,"column":8},"end":{"line":274,"column":8962}},"34":{"start":{"line":275,"column":12},"end":{"line":275,"column":64}},"35":{"start":{"line":291,"column":8},"end":{"line":291,"column":19}},"36":{"start":{"line":296,"column":8},"end":{"line":296,"column":52}},"37":{"start":{"line":297,"column":8},"end":{"line":297,"column":56}},"38":{"start":{"line":298,"column":8},"end":{"line":298,"column":53}},"39":{"start":{"line":300,"column":8},"end":{"line":300,"column":78}},"40":{"start":{"line":301,"column":8},"end":{"line":301,"column":32}},"41":{"start":{"line":307,"column":8},"end":{"line":307,"column":57}},"42":{"start":{"line":309,"column":8},"end":{"line":309,"column":42}},"43":{"start":{"line":311,"column":8},"end":{"line":311,"column":65}},"44":{"start":{"line":313,"column":8},"end":{"line":313,"column":94}},"45":{"start":{"line":316,"column":8},"end":{"line":316,"column":10740}},"46":{"start":{"line":321,"column":12},"end":{"line":321,"column":92}},"47":{"start":{"line":322,"column":12},"end":{"line":322,"column":89}},"48":{"start":{"line":323,"column":12},"end":{"line":323,"column":34}},"49":{"start":{"line":325,"column":12},"end":{"line":325,"column":11178}},"50":{"start":{"line":331,"column":12},"end":{"line":331,"column":11491}},"51":{"start":{"line":341,"column":12},"end":{"line":341,"column":82}},"52":{"start":{"line":343,"column":12},"end":{"line":343,"column":28}},"53":{"start":{"line":350,"column":12},"end":{"line":350,"column":80}},"54":{"start":{"line":351,"column":12},"end":{"line":351,"column":79}},"55":{"start":{"line":354,"column":12},"end":{"line":354,"column":63}},"56":{"start":{"line":355,"column":12},"end":{"line":355,"column":73}},"57":{"start":{"line":357,"column":12},"end":{"line":357,"column":12667}},"58":{"start":{"line":362,"column":8},"end":{"line":362,"column":81}},"59":{"start":{"line":365,"column":8},"end":{"line":365,"column":78}},"60":{"start":{"line":368,"column":8},"end":{"line":368,"column":13101}},"61":{"start":{"line":376,"column":8},"end":{"line":376,"column":78}},"62":{"start":{"line":380,"column":8},"end":{"line":380,"column":20}},"63":{"start":{"line":385,"column":8},"end":{"line":385,"column":93}},"64":{"start":{"line":387,"column":8},"end":{"line":387,"column":13867}},"65":{"start":{"line":388,"column":12},"end":{"line":388,"column":58}},"66":{"start":{"line":389,"column":15},"end":{"line":389,"column":13978}},"67":{"start":{"line":390,"column":12},"end":{"line":390,"column":66}},"68":{"start":{"line":393,"column":8},"end":{"line":393,"column":25}},"69":{"start":{"line":401,"column":8},"end":{"line":401,"column":67}},"70":{"start":{"line":402,"column":8},"end":{"line":402,"column":82}},"71":{"start":{"line":404,"column":8},"end":{"line":404,"column":59}},"72":{"start":{"line":409,"column":8},"end":{"line":409,"column":36}},"73":{"start":{"line":414,"column":8},"end":{"line":414,"column":14931}},"74":{"start":{"line":427,"column":8},"end":{"line":427,"column":15363}},"75":{"start":{"line":431,"column":8},"end":{"line":431,"column":80}},"76":{"start":{"line":432,"column":8},"end":{"line":432,"column":53}},"77":{"start":{"line":433,"column":8},"end":{"line":433,"column":67}},"78":{"start":{"line":434,"column":8},"end":{"line":434,"column":45}},"79":{"start":{"line":435,"column":8},"end":{"line":435,"column":67}},"80":{"start":{"line":439,"column":8},"end":{"line":439,"column":15941}},"81":{"start":{"line":440,"column":12},"end":{"line":440,"column":55}},"82":{"start":{"line":444,"column":12},"end":{"line":444,"column":86}},"83":{"start":{"line":445,"column":12},"end":{"line":445,"column":16270}},"84":{"start":{"line":451,"column":8},"end":{"line":451,"column":69}},"85":{"start":{"line":452,"column":8},"end":{"line":452,"column":87}},"86":{"start":{"line":453,"column":8},"end":{"line":453,"column":81}},"87":{"start":{"line":455,"column":8},"end":{"line":455,"column":34}},"88":{"start":{"line":460,"column":8},"end":{"line":460,"column":16871}},"89":{"start":{"line":473,"column":8},"end":{"line":473,"column":17303}},"90":{"start":{"line":477,"column":8},"end":{"line":477,"column":88}},"91":{"start":{"line":478,"column":8},"end":{"line":478,"column":53}},"92":{"start":{"line":479,"column":8},"end":{"line":479,"column":67}},"93":{"start":{"line":480,"column":8},"end":{"line":480,"column":45}},"94":{"start":{"line":481,"column":8},"end":{"line":481,"column":67}},"95":{"start":{"line":485,"column":8},"end":{"line":485,"column":61}},"96":{"start":{"line":488,"column":8},"end":{"line":488,"column":18029}},"97":{"start":{"line":489,"column":12},"end":{"line":489,"column":55}},"98":{"start":{"line":495,"column":12},"end":{"line":495,"column":34}},"99":{"start":{"line":496,"column":12},"end":{"line":496,"column":18344}},"100":{"start":{"line":506,"column":12},"end":{"line":506,"column":80}},"101":{"start":{"line":507,"column":12},"end":{"line":507,"column":18804}},"102":{"start":{"line":513,"column":8},"end":{"line":513,"column":69}},"103":{"start":{"line":514,"column":8},"end":{"line":514,"column":87}},"104":{"start":{"line":515,"column":8},"end":{"line":515,"column":81}},"105":{"start":{"line":517,"column":8},"end":{"line":517,"column":34}},"106":{"start":{"line":522,"column":8},"end":{"line":522,"column":19330}},"107":{"start":{"line":530,"column":8},"end":{"line":530,"column":89}},"108":{"start":{"line":534,"column":8},"end":{"line":534,"column":57}},"109":{"start":{"line":535,"column":8},"end":{"line":535,"column":32}},"110":{"start":{"line":537,"column":8},"end":{"line":537,"column":53}},"111":{"start":{"line":541,"column":8},"end":{"line":541,"column":68}},"112":{"start":{"line":542,"column":8},"end":{"line":542,"column":20051}},"113":{"start":{"line":543,"column":12},"end":{"line":543,"column":58}}},"branchMap":{"1":{"line":83,"type":"if","locations":[{"start":{"line":83,"column":15},"end":{"line":83,"column":15}},{"start":{"line":83,"column":15},"end":{"line":83,"column":15}}]},"2":{"line":97,"type":"if","locations":[{"start":{"line":97,"column":71},"end":{"line":97,"column":71}},{"start":{"line":97,"column":71},"end":{"line":97,"column":71}}]},"3":{"line":102,"type":"if","locations":[{"start":{"line":102,"column":49},"end":{"line":102,"column":49}},{"start":{"line":102,"column":49},"end":{"line":102,"column":49}}]},"4":{"line":102,"type":"if","locations":[{"start":{"line":102,"column":59},"end":{"line":102,"column":59}},{"start":{"line":102,"column":59},"end":{"line":102,"column":59}}]},"5":{"line":106,"type":"if","locations":[{"start":{"line":106,"column":8},"end":{"line":106,"column":8}},{"start":{"line":106,"column":8},"end":{"line":106,"column":8}}]},"6":{"line":109,"type":"if","locations":[{"start":{"line":109,"column":12},"end":{"line":109,"column":12}},{"start":{"line":109,"column":12},"end":{"line":109,"column":12}}]},"7":{"line":169,"type":"if","locations":[{"start":{"line":169,"column":8},"end":{"line":169,"column":8}},{"start":{"line":169,"column":8},"end":{"line":169,"column":8}}]},"8":{"line":174,"type":"if","locations":[{"start":{"line":174,"column":8},"end":{"line":174,"column":8}},{"start":{"line":174,"column":8},"end":{"line":174,"column":8}}]},"9":{"line":179,"type":"if","locations":[{"start":{"line":179,"column":8},"end":{"line":179,"column":8}},{"start":{"line":179,"column":8},"end":{"line":179,"column":8}}]},"10":{"line":199,"type":"if","locations":[{"start":{"line":199,"column":8},"end":{"line":199,"column":8}},{"start":{"line":199,"column":8},"end":{"line":199,"column":8}}]},"11":{"line":209,"type":"if","locations":[{"start":{"line":209,"column":8},"end":{"line":209,"column":8}},{"start":{"line":209,"column":8},"end":{"line":209,"column":8}}]},"12":{"line":215,"type":"if","locations":[{"start":{"line":215,"column":12},"end":{"line":215,"column":12}},{"start":{"line":215,"column":12},"end":{"line":215,"column":12}}]},"13":{"line":264,"type":"if","locations":[{"start":{"line":264,"column":8},"end":{"line":264,"column":8}},{"start":{"line":264,"column":8},"end":{"line":264,"column":8}}]},"14":{"line":264,"type":"cond-expr","locations":[{"start":{"line":264,"column":12},"end":{"line":264,"column":19}},{"start":{"line":264,"column":24},"end":{"line":264,"column":70}}]},"15":{"line":274,"type":"if","locations":[{"start":{"line":274,"column":8},"end":{"line":274,"column":8}},{"start":{"line":274,"column":8},"end":{"line":274,"column":8}}]},"16":{"line":275,"type":"if","locations":[{"start":{"line":275,"column":12},"end":{"line":275,"column":12}},{"start":{"line":275,"column":12},"end":{"line":275,"column":12}}]},"17":{"line":307,"type":"if","locations":[{"start":{"line":307,"column":8},"end":{"line":307,"column":8}},{"start":{"line":307,"column":8},"end":{"line":307,"column":8}}]},"18":{"line":311,"type":"if","locations":[{"start":{"line":311,"column":8},"end":{"line":311,"column":8}},{"start":{"line":311,"column":8},"end":{"line":311,"column":8}}]},"19":{"line":316,"type":"if","locations":[{"start":{"line":316,"column":8},"end":{"line":316,"column":8}},{"start":{"line":316,"column":8},"end":{"line":316,"column":8}}]},"20":{"line":316,"type":"cond-expr","locations":[{"start":{"line":316,"column":12},"end":{"line":316,"column":51}},{"start":{"line":316,"column":56},"end":{"line":316,"column":96}}]},"21":{"line":325,"type":"if","locations":[{"start":{"line":325,"column":12},"end":{"line":325,"column":12}},{"start":{"line":325,"column":12},"end":{"line":325,"column":12}}]},"22":{"line":331,"type":"if","locations":[{"start":{"line":331,"column":12},"end":{"line":331,"column":12}},{"start":{"line":331,"column":12},"end":{"line":331,"column":12}}]},"23":{"line":341,"type":"if","locations":[{"start":{"line":341,"column":12},"end":{"line":341,"column":12}},{"start":{"line":341,"column":12},"end":{"line":341,"column":12}}]},"24":{"line":351,"type":"if","locations":[{"start":{"line":351,"column":12},"end":{"line":351,"column":12}},{"start":{"line":351,"column":12},"end":{"line":351,"column":12}}]},"25":{"line":357,"type":"if","locations":[{"start":{"line":357,"column":12},"end":{"line":357,"column":12}},{"start":{"line":357,"column":12},"end":{"line":357,"column":12}}]},"26":{"line":362,"type":"if","locations":[{"start":{"line":362,"column":49},"end":{"line":362,"column":61}},{"start":{"line":362,"column":65},"end":{"line":362,"column":80}}]},"27":{"line":387,"type":"if","locations":[{"start":{"line":387,"column":8},"end":{"line":387,"column":8}},{"start":{"line":387,"column":8},"end":{"line":387,"column":8}}]},"28":{"line":389,"type":"if","locations":[{"start":{"line":389,"column":15},"end":{"line":389,"column":15}},{"start":{"line":389,"column":15},"end":{"line":389,"column":15}}]},"29":{"line":404,"type":"if","locations":[{"start":{"line":404,"column":8},"end":{"line":404,"column":8}},{"start":{"line":404,"column":8},"end":{"line":404,"column":8}}]},"30":{"line":413,"type":"if","locations":[{"start":{"line":413,"column":60},"end":{"line":413,"column":60}},{"start":{"line":413,"column":60},"end":{"line":413,"column":60}}]},"31":{"line":413,"type":"if","locations":[{"start":{"line":413,"column":70},"end":{"line":413,"column":70}},{"start":{"line":413,"column":70},"end":{"line":413,"column":70}}]},"32":{"line":413,"type":"if","locations":[{"start":{"line":413,"column":81},"end":{"line":413,"column":81}},{"start":{"line":413,"column":81},"end":{"line":413,"column":81}}]},"33":{"line":427,"type":"if","locations":[{"start":{"line":427,"column":8},"end":{"line":427,"column":8}},{"start":{"line":427,"column":8},"end":{"line":427,"column":8}}]},"34":{"line":445,"type":"if","locations":[{"start":{"line":445,"column":12},"end":{"line":445,"column":12}},{"start":{"line":445,"column":12},"end":{"line":445,"column":12}}]},"35":{"line":451,"type":"if","locations":[{"start":{"line":451,"column":8},"end":{"line":451,"column":8}},{"start":{"line":451,"column":8},"end":{"line":451,"column":8}}]},"36":{"line":452,"type":"if","locations":[{"start":{"line":452,"column":8},"end":{"line":452,"column":8}},{"start":{"line":452,"column":8},"end":{"line":452,"column":8}}]},"37":{"line":453,"type":"if","locations":[{"start":{"line":453,"column":8},"end":{"line":453,"column":8}},{"start":{"line":453,"column":8},"end":{"line":453,"column":8}}]},"38":{"line":459,"type":"if","locations":[{"start":{"line":459,"column":60},"end":{"line":459,"column":60}},{"start":{"line":459,"column":60},"end":{"line":459,"column":60}}]},"39":{"line":459,"type":"if","locations":[{"start":{"line":459,"column":70},"end":{"line":459,"column":70}},{"start":{"line":459,"column":70},"end":{"line":459,"column":70}}]},"40":{"line":459,"type":"if","locations":[{"start":{"line":459,"column":81},"end":{"line":459,"column":81}},{"start":{"line":459,"column":81},"end":{"line":459,"column":81}}]},"41":{"line":473,"type":"if","locations":[{"start":{"line":473,"column":8},"end":{"line":473,"column":8}},{"start":{"line":473,"column":8},"end":{"line":473,"column":8}}]},"42":{"line":496,"type":"if","locations":[{"start":{"line":496,"column":12},"end":{"line":496,"column":12}},{"start":{"line":496,"column":12},"end":{"line":496,"column":12}}]},"43":{"line":507,"type":"if","locations":[{"start":{"line":507,"column":12},"end":{"line":507,"column":12}},{"start":{"line":507,"column":12},"end":{"line":507,"column":12}}]},"44":{"line":513,"type":"if","locations":[{"start":{"line":513,"column":8},"end":{"line":513,"column":8}},{"start":{"line":513,"column":8},"end":{"line":513,"column":8}}]},"45":{"line":514,"type":"if","locations":[{"start":{"line":514,"column":8},"end":{"line":514,"column":8}},{"start":{"line":514,"column":8},"end":{"line":514,"column":8}}]},"46":{"line":515,"type":"if","locations":[{"start":{"line":515,"column":8},"end":{"line":515,"column":8}},{"start":{"line":515,"column":8},"end":{"line":515,"column":8}}]},"47":{"line":521,"type":"if","locations":[{"start":{"line":521,"column":39},"end":{"line":521,"column":39}},{"start":{"line":521,"column":39},"end":{"line":521,"column":39}}]},"48":{"line":521,"type":"if","locations":[{"start":{"line":521,"column":49},"end":{"line":521,"column":49}},{"start":{"line":521,"column":49},"end":{"line":521,"column":49}}]},"49":{"line":521,"type":"if","locations":[{"start":{"line":521,"column":60},"end":{"line":521,"column":60}},{"start":{"line":521,"column":60},"end":{"line":521,"column":60}}]},"50":{"line":529,"type":"if","locations":[{"start":{"line":529,"column":38},"end":{"line":529,"column":38}},{"start":{"line":529,"column":38},"end":{"line":529,"column":38}}]},"51":{"line":529,"type":"if","locations":[{"start":{"line":529,"column":48},"end":{"line":529,"column":48}},{"start":{"line":529,"column":48},"end":{"line":529,"column":48}}]},"52":{"line":533,"type":"if","locations":[{"start":{"line":533,"column":52},"end":{"line":533,"column":52}},{"start":{"line":533,"column":52},"end":{"line":533,"column":52}}]},"53":{"line":534,"type":"if","locations":[{"start":{"line":534,"column":8},"end":{"line":534,"column":8}},{"start":{"line":534,"column":8},"end":{"line":534,"column":8}}]},"54":{"line":540,"type":"if","locations":[{"start":{"line":540,"column":43},"end":{"line":540,"column":43}},{"start":{"line":540,"column":43},"end":{"line":540,"column":43}}]},"55":{"line":540,"type":"if","locations":[{"start":{"line":540,"column":53},"end":{"line":540,"column":53}},{"start":{"line":540,"column":53},"end":{"line":540,"column":53}}]},"56":{"line":542,"type":"if","locations":[{"start":{"line":542,"column":8},"end":{"line":542,"column":8}},{"start":{"line":542,"column":8},"end":{"line":542,"column":8}}]}}},"contracts/main/BofhContractBase.sol":{"l":{"67":26,"68":23,"72":11,"73":10,"77":11,"78":11,"79":0,"85":10,"86":0,"89":0,"90":0,"91":0,"92":0,"95":0,"96":0,"100":0,"101":0,"104":0,"107":0,"109":10,"115":2,"116":2,"118":1,"121":1,"122":1,"123":1,"124":1,"134":5,"135":4,"137":3,"138":3,"139":3,"140":3,"142":3,"154":5,"155":5,"156":5,"168":0,"169":0,"171":0,"172":0,"173":0,"175":0,"180":7,"184":4,"189":2,"196":0,"238":5,"252":3,"264":2,"270":6,"282":0},"path":"/Users/a.rocchi/Projects/Personal/BofhContract/contracts/main/BofhContractBase.sol","s":{"1":26,"2":11,"3":11,"4":0,"5":10,"6":0,"7":0,"8":0,"9":0,"10":2,"11":2,"12":5,"13":4,"14":3,"15":5,"16":5,"17":0,"18":0,"19":0,"20":7,"21":4,"22":2,"23":0,"24":5,"25":3,"26":2,"27":6,"28":0},"b":{"1":[0,10],"2":[0,0],"3":[0,0],"4":[0,0],"5":[2,0],"6":[1,1],"7":[5,1],"8":[4,1],"9":[3,1],"10":[5,1],"11":[5,0],"12":[0,0],"13":[0,0],"14":[0,0],"15":[7,1],"16":[4,0],"17":[2,0],"18":[0,0]},"f":{"1":26,"2":11,"3":11,"4":10,"5":2,"6":5,"7":5,"8":0,"9":7,"10":4,"11":2,"12":0,"13":5,"14":3,"15":2,"16":6,"17":0},"fnMap":{"1":{"name":"onlyOwner","line":66,"loc":{"start":{"line":66,"column":4},"end":{"line":69,"column":4}}},"2":{"name":"whenNotPaused","line":71,"loc":{"start":{"line":71,"column":4},"end":{"line":74,"column":4}}},"3":{"name":"nonReentrant","line":76,"loc":{"start":{"line":76,"column":4},"end":{"line":80,"column":4}}},"4":{"name":"antiMEV","line":84,"loc":{"start":{"line":84,"column":4},"end":{"line":111,"column":4}}},"5":{"name":"constructor","line":114,"loc":{"start":{"line":114,"column":4},"end":{"line":125,"column":4}}},"6":{"name":"updateRiskParams","line":133,"loc":{"start":{"line":128,"column":4},"end":{"line":148,"column":4}}},"7":{"name":"setPoolBlacklist","line":153,"loc":{"start":{"line":150,"column":4},"end":{"line":157,"column":4}}},"8":{"name":"configureMEVProtection","line":167,"loc":{"start":{"line":163,"column":4},"end":{"line":176,"column":4}}},"9":{"name":"emergencyPause","line":179,"loc":{"start":{"line":179,"column":4},"end":{"line":181,"column":4}}},"10":{"name":"emergencyUnpause","line":183,"loc":{"start":{"line":183,"column":4},"end":{"line":185,"column":4}}},"11":{"name":"transferOwnership","line":188,"loc":{"start":{"line":188,"column":4},"end":{"line":190,"column":4}}},"12":{"name":"setOperator","line":195,"loc":{"start":{"line":192,"column":4},"end":{"line":197,"column":4}}},"13":{"name":"getAdmin","line":237,"loc":{"start":{"line":237,"column":4},"end":{"line":239,"column":4}}},"14":{"name":"getRiskParameters","line":246,"loc":{"start":{"line":246,"column":4},"end":{"line":258,"column":4}}},"15":{"name":"isPoolBlacklisted","line":263,"loc":{"start":{"line":263,"column":4},"end":{"line":265,"column":4}}},"16":{"name":"isPaused","line":269,"loc":{"start":{"line":269,"column":4},"end":{"line":271,"column":4}}},"17":{"name":"getMEVProtectionConfig","line":277,"loc":{"start":{"line":277,"column":4},"end":{"line":287,"column":4}}}},"statementMap":{"1":{"start":{"line":67,"column":8},"end":{"line":67,"column":33}},"2":{"start":{"line":72,"column":8},"end":{"line":72,"column":37}},"3":{"start":{"line":77,"column":8},"end":{"line":77,"column":51}},"4":{"start":{"line":79,"column":8},"end":{"line":79,"column":43}},"5":{"start":{"line":85,"column":8},"end":{"line":85,"column":2475}},"6":{"start":{"line":86,"column":12},"end":{"line":86,"column":65}},"7":{"start":{"line":89,"column":12},"end":{"line":89,"column":2658}},"8":{"start":{"line":91,"column":16},"end":{"line":91,"column":2770}},"9":{"start":{"line":100,"column":12},"end":{"line":100,"column":3092}},"10":{"start":{"line":115,"column":8},"end":{"line":115,"column":53}},"11":{"start":{"line":116,"column":8},"end":{"line":116,"column":62}},"12":{"start":{"line":134,"column":8},"end":{"line":134,"column":73}},"13":{"start":{"line":135,"column":8},"end":{"line":135,"column":69}},"14":{"start":{"line":142,"column":8},"end":{"line":142,"column":4510}},"15":{"start":{"line":154,"column":8},"end":{"line":154,"column":50}},"16":{"start":{"line":156,"column":8},"end":{"line":156,"column":47}},"17":{"start":{"line":168,"column":8},"end":{"line":168,"column":62}},"18":{"start":{"line":169,"column":8},"end":{"line":169,"column":55}},"19":{"start":{"line":175,"column":8},"end":{"line":175,"column":71}},"20":{"start":{"line":180,"column":8},"end":{"line":180,"column":37}},"21":{"start":{"line":184,"column":8},"end":{"line":184,"column":39}},"22":{"start":{"line":189,"column":8},"end":{"line":189,"column":48}},"23":{"start":{"line":196,"column":8},"end":{"line":196,"column":50}},"24":{"start":{"line":238,"column":8},"end":{"line":238,"column":34}},"25":{"start":{"line":252,"column":8},"end":{"line":252,"column":8851}},"26":{"start":{"line":264,"column":8},"end":{"line":264,"column":37}},"27":{"start":{"line":270,"column":8},"end":{"line":270,"column":35}},"28":{"start":{"line":282,"column":8},"end":{"line":282,"column":9870}}},"branchMap":{"1":{"line":85,"type":"if","locations":[{"start":{"line":85,"column":8},"end":{"line":85,"column":8}},{"start":{"line":85,"column":8},"end":{"line":85,"column":8}}]},"2":{"line":89,"type":"if","locations":[{"start":{"line":89,"column":12},"end":{"line":89,"column":12}},{"start":{"line":89,"column":12},"end":{"line":89,"column":12}}]},"3":{"line":91,"type":"if","locations":[{"start":{"line":91,"column":16},"end":{"line":91,"column":16}},{"start":{"line":91,"column":16},"end":{"line":91,"column":16}}]},"4":{"line":100,"type":"if","locations":[{"start":{"line":100,"column":12},"end":{"line":100,"column":12}},{"start":{"line":100,"column":12},"end":{"line":100,"column":12}}]},"5":{"line":115,"type":"if","locations":[{"start":{"line":115,"column":8},"end":{"line":115,"column":8}},{"start":{"line":115,"column":8},"end":{"line":115,"column":8}}]},"6":{"line":116,"type":"if","locations":[{"start":{"line":116,"column":8},"end":{"line":116,"column":8}},{"start":{"line":116,"column":8},"end":{"line":116,"column":8}}]},"7":{"line":133,"type":"if","locations":[{"start":{"line":133,"column":15},"end":{"line":133,"column":15}},{"start":{"line":133,"column":15},"end":{"line":133,"column":15}}]},"8":{"line":134,"type":"if","locations":[{"start":{"line":134,"column":8},"end":{"line":134,"column":8}},{"start":{"line":134,"column":8},"end":{"line":134,"column":8}}]},"9":{"line":135,"type":"if","locations":[{"start":{"line":135,"column":8},"end":{"line":135,"column":8}},{"start":{"line":135,"column":8},"end":{"line":135,"column":8}}]},"10":{"line":153,"type":"if","locations":[{"start":{"line":153,"column":15},"end":{"line":153,"column":15}},{"start":{"line":153,"column":15},"end":{"line":153,"column":15}}]},"11":{"line":154,"type":"if","locations":[{"start":{"line":154,"column":8},"end":{"line":154,"column":8}},{"start":{"line":154,"column":8},"end":{"line":154,"column":8}}]},"12":{"line":167,"type":"if","locations":[{"start":{"line":167,"column":15},"end":{"line":167,"column":15}},{"start":{"line":167,"column":15},"end":{"line":167,"column":15}}]},"13":{"line":168,"type":"if","locations":[{"start":{"line":168,"column":8},"end":{"line":168,"column":8}},{"start":{"line":168,"column":8},"end":{"line":168,"column":8}}]},"14":{"line":169,"type":"if","locations":[{"start":{"line":169,"column":8},"end":{"line":169,"column":8}},{"start":{"line":169,"column":8},"end":{"line":169,"column":8}}]},"15":{"line":179,"type":"if","locations":[{"start":{"line":179,"column":39},"end":{"line":179,"column":39}},{"start":{"line":179,"column":39},"end":{"line":179,"column":39}}]},"16":{"line":183,"type":"if","locations":[{"start":{"line":183,"column":41},"end":{"line":183,"column":41}},{"start":{"line":183,"column":41},"end":{"line":183,"column":41}}]},"17":{"line":188,"type":"if","locations":[{"start":{"line":188,"column":58},"end":{"line":188,"column":58}},{"start":{"line":188,"column":58},"end":{"line":188,"column":58}}]},"18":{"line":195,"type":"if","locations":[{"start":{"line":195,"column":15},"end":{"line":195,"column":15}},{"start":{"line":195,"column":15},"end":{"line":195,"column":15}}]}}},"contracts/main/BofhContractV2.sol":{"l":{"41":1,"59":10,"60":10,"63":8,"64":8,"65":7,"66":6,"69":5,"70":4,"73":3,"74":9,"75":9,"79":3,"82":1,"83":1,"84":1,"85":0,"98":10,"101":0,"102":0,"112":0,"118":0,"119":0,"121":0,"130":0,"131":0,"132":0,"137":0,"140":0,"141":0,"144":0,"149":0,"157":0,"177":10,"200":0,"201":0,"204":0,"205":0,"206":0,"207":0,"208":0,"213":0,"214":0,"215":0,"218":0,"219":0,"220":0,"221":0,"228":0,"229":0,"234":0,"236":0,"249":0,"257":0,"266":0,"269":0,"273":0,"274":0,"275":0,"278":0,"283":0,"285":0,"292":0,"293":0,"294":0,"296":0,"308":0,"310":0,"311":0,"312":0,"314":0,"315":0,"322":0,"323":0,"325":0,"328":0,"329":0,"331":0,"337":2},"path":"/Users/a.rocchi/Projects/Personal/BofhContract/contracts/main/BofhContractV2.sol","s":{"1":10,"2":10,"3":8,"4":7,"5":6,"6":5,"7":4,"8":3,"9":9,"10":3,"11":1,"12":1,"13":1,"14":10,"15":0,"16":0,"17":0,"18":0,"19":0,"20":0,"21":0,"22":0,"23":0,"24":0,"25":0,"26":10,"27":0,"28":0,"29":0,"30":0,"31":0,"32":0,"33":0,"34":0,"35":0,"36":0,"37":0,"38":0,"39":0,"40":0,"41":0,"42":0,"43":0,"44":0,"45":0,"46":0,"47":0,"48":0,"49":0,"50":0,"51":0,"52":0,"53":0,"54":0,"55":2},"b":{"1":[0,10],"2":[2,8],"3":[1,7],"4":[1,6],"5":[0,1],"6":[1,5],"7":[1,4],"8":[1,3],"9":[0,9],"10":[2,1],"11":[1,1],"12":[1,0],"13":[0,0],"14":[0,0],"15":[0,0],"16":[0,0],"17":[11,0],"18":[10,1],"19":[10,0],"20":[0,0],"21":[0,0],"22":[0,0],"23":[0,0],"24":[0,0],"25":[0,0],"26":[0,0],"27":[0,0],"28":[0,0],"29":[0,0],"30":[0,0],"31":[0,0]},"f":{"1":1,"2":10,"3":10,"4":10,"5":0,"6":0,"7":0,"8":2},"fnMap":{"1":{"name":"constructor","line":40,"loc":{"start":{"line":38,"column":4},"end":{"line":42,"column":4}}},"2":{"name":"_validateSwapInputs","line":51,"loc":{"start":{"line":51,"column":4},"end":{"line":87,"column":4}}},"3":{"name":"_executeSwap","line":90,"loc":{"start":{"line":90,"column":4},"end":{"line":158,"column":4}}},"4":{"name":"executeSwap","line":176,"loc":{"start":{"line":170,"column":4},"end":{"line":178,"column":4}}},"5":{"name":"executeMultiSwap","line":196,"loc":{"start":{"line":190,"column":4},"end":{"line":237,"column":4}}},"6":{"name":"executePathStep","line":240,"loc":{"start":{"line":240,"column":4},"end":{"line":297,"column":4}}},"7":{"name":"getOptimalPathMetrics","line":300,"loc":{"start":{"line":300,"column":4},"end":{"line":332,"column":4}}},"8":{"name":"getBaseToken","line":336,"loc":{"start":{"line":336,"column":4},"end":{"line":338,"column":4}}}},"statementMap":{"1":{"start":{"line":59,"column":8},"end":{"line":59,"column":49}},"2":{"start":{"line":60,"column":8},"end":{"line":60,"column":64}},"3":{"start":{"line":64,"column":8},"end":{"line":64,"column":56}},"4":{"start":{"line":65,"column":8},"end":{"line":65,"column":80}},"5":{"start":{"line":66,"column":8},"end":{"line":66,"column":70}},"6":{"start":{"line":69,"column":8},"end":{"line":69,"column":49}},"7":{"start":{"line":70,"column":8},"end":{"line":70,"column":53}},"8":{"start":{"line":73,"column":8},"end":{"line":73,"column":2240}},"9":{"start":{"line":74,"column":12},"end":{"line":74,"column":62}},"10":{"start":{"line":79,"column":8},"end":{"line":79,"column":91}},"11":{"start":{"line":82,"column":8},"end":{"line":82,"column":33}},"12":{"start":{"line":83,"column":8},"end":{"line":83,"column":2647}},"13":{"start":{"line":84,"column":12},"end":{"line":84,"column":56}},"14":{"start":{"line":98,"column":8},"end":{"line":98,"column":94}},"15":{"start":{"line":101,"column":8},"end":{"line":101,"column":42}},"16":{"start":{"line":102,"column":8},"end":{"line":102,"column":3270}},"17":{"start":{"line":112,"column":8},"end":{"line":112,"column":3598}},"18":{"start":{"line":118,"column":8},"end":{"line":118,"column":3778}},"19":{"start":{"line":119,"column":12},"end":{"line":119,"column":40}},"20":{"start":{"line":137,"column":8},"end":{"line":137,"column":75}},"21":{"start":{"line":140,"column":8},"end":{"line":140,"column":77}},"22":{"start":{"line":141,"column":8},"end":{"line":141,"column":68}},"23":{"start":{"line":144,"column":8},"end":{"line":144,"column":4561}},"24":{"start":{"line":149,"column":8},"end":{"line":149,"column":4694}},"25":{"start":{"line":157,"column":8},"end":{"line":157,"column":34}},"26":{"start":{"line":177,"column":8},"end":{"line":177,"column":73}},"27":{"start":{"line":200,"column":8},"end":{"line":200,"column":49}},"28":{"start":{"line":201,"column":8},"end":{"line":201,"column":64}},"29":{"start":{"line":204,"column":8},"end":{"line":204,"column":39}},"30":{"start":{"line":205,"column":8},"end":{"line":205,"column":54}},"31":{"start":{"line":206,"column":8},"end":{"line":206,"column":64}},"32":{"start":{"line":207,"column":8},"end":{"line":207,"column":67}},"33":{"start":{"line":208,"column":8},"end":{"line":208,"column":70}},"34":{"start":{"line":213,"column":8},"end":{"line":213,"column":58}},"35":{"start":{"line":214,"column":8},"end":{"line":214,"column":30}},"36":{"start":{"line":215,"column":8},"end":{"line":215,"column":31}},"37":{"start":{"line":218,"column":8},"end":{"line":218,"column":7935}},"38":{"start":{"line":234,"column":8},"end":{"line":234,"column":66}},"39":{"start":{"line":236,"column":8},"end":{"line":236,"column":22}},"40":{"start":{"line":249,"column":8},"end":{"line":249,"column":8807}},"41":{"start":{"line":257,"column":8},"end":{"line":257,"column":9097}},"42":{"start":{"line":266,"column":8},"end":{"line":266,"column":77}},"43":{"start":{"line":269,"column":8},"end":{"line":269,"column":9619}},"44":{"start":{"line":278,"column":8},"end":{"line":278,"column":9926}},"45":{"start":{"line":283,"column":8},"end":{"line":283,"column":73}},"46":{"start":{"line":285,"column":8},"end":{"line":285,"column":10129}},"47":{"start":{"line":292,"column":8},"end":{"line":292,"column":72}},"48":{"start":{"line":296,"column":8},"end":{"line":296,"column":20}},"49":{"start":{"line":308,"column":8},"end":{"line":308,"column":89}},"50":{"start":{"line":310,"column":8},"end":{"line":310,"column":44}},"51":{"start":{"line":311,"column":8},"end":{"line":311,"column":36}},"52":{"start":{"line":314,"column":8},"end":{"line":314,"column":11026}},"53":{"start":{"line":315,"column":12},"end":{"line":315,"column":11082}},"54":{"start":{"line":331,"column":8},"end":{"line":331,"column":61}},"55":{"start":{"line":337,"column":8},"end":{"line":337,"column":24}}},"branchMap":{"1":{"line":59,"type":"if","locations":[{"start":{"line":59,"column":8},"end":{"line":59,"column":8}},{"start":{"line":59,"column":8},"end":{"line":59,"column":8}}]},"2":{"line":60,"type":"if","locations":[{"start":{"line":60,"column":8},"end":{"line":60,"column":8}},{"start":{"line":60,"column":8},"end":{"line":60,"column":8}}]},"3":{"line":64,"type":"if","locations":[{"start":{"line":64,"column":8},"end":{"line":64,"column":8}},{"start":{"line":64,"column":8},"end":{"line":64,"column":8}}]},"4":{"line":65,"type":"if","locations":[{"start":{"line":65,"column":8},"end":{"line":65,"column":8}},{"start":{"line":65,"column":8},"end":{"line":65,"column":8}}]},"5":{"line":65,"type":"cond-expr","locations":[{"start":{"line":65,"column":12},"end":{"line":65,"column":25}},{"start":{"line":65,"column":30},"end":{"line":65,"column":57}}]},"6":{"line":66,"type":"if","locations":[{"start":{"line":66,"column":8},"end":{"line":66,"column":8}},{"start":{"line":66,"column":8},"end":{"line":66,"column":8}}]},"7":{"line":69,"type":"if","locations":[{"start":{"line":69,"column":8},"end":{"line":69,"column":8}},{"start":{"line":69,"column":8},"end":{"line":69,"column":8}}]},"8":{"line":70,"type":"if","locations":[{"start":{"line":70,"column":8},"end":{"line":70,"column":8}},{"start":{"line":70,"column":8},"end":{"line":70,"column":8}}]},"9":{"line":74,"type":"if","locations":[{"start":{"line":74,"column":12},"end":{"line":74,"column":12}},{"start":{"line":74,"column":12},"end":{"line":74,"column":12}}]},"10":{"line":79,"type":"if","locations":[{"start":{"line":79,"column":8},"end":{"line":79,"column":8}},{"start":{"line":79,"column":8},"end":{"line":79,"column":8}}]},"11":{"line":79,"type":"cond-expr","locations":[{"start":{"line":79,"column":12},"end":{"line":79,"column":31}},{"start":{"line":79,"column":36},"end":{"line":79,"column":68}}]},"12":{"line":84,"type":"if","locations":[{"start":{"line":84,"column":12},"end":{"line":84,"column":12}},{"start":{"line":84,"column":12},"end":{"line":84,"column":12}}]},"13":{"line":112,"type":"if","locations":[{"start":{"line":112,"column":8},"end":{"line":112,"column":8}},{"start":{"line":112,"column":8},"end":{"line":112,"column":8}}]},"14":{"line":137,"type":"if","locations":[{"start":{"line":137,"column":8},"end":{"line":137,"column":8}},{"start":{"line":137,"column":8},"end":{"line":137,"column":8}}]},"15":{"line":141,"type":"if","locations":[{"start":{"line":141,"column":8},"end":{"line":141,"column":8}},{"start":{"line":141,"column":8},"end":{"line":141,"column":8}}]},"16":{"line":144,"type":"if","locations":[{"start":{"line":144,"column":8},"end":{"line":144,"column":8}},{"start":{"line":144,"column":8},"end":{"line":144,"column":8}}]},"17":{"line":176,"type":"if","locations":[{"start":{"line":176,"column":24},"end":{"line":176,"column":24}},{"start":{"line":176,"column":24},"end":{"line":176,"column":24}}]},"18":{"line":176,"type":"if","locations":[{"start":{"line":176,"column":37},"end":{"line":176,"column":37}},{"start":{"line":176,"column":37},"end":{"line":176,"column":37}}]},"19":{"line":176,"type":"if","locations":[{"start":{"line":176,"column":51},"end":{"line":176,"column":51}},{"start":{"line":176,"column":51},"end":{"line":176,"column":51}}]},"20":{"line":196,"type":"if","locations":[{"start":{"line":196,"column":24},"end":{"line":196,"column":24}},{"start":{"line":196,"column":24},"end":{"line":196,"column":24}}]},"21":{"line":196,"type":"if","locations":[{"start":{"line":196,"column":37},"end":{"line":196,"column":37}},{"start":{"line":196,"column":37},"end":{"line":196,"column":37}}]},"22":{"line":200,"type":"if","locations":[{"start":{"line":200,"column":8},"end":{"line":200,"column":8}},{"start":{"line":200,"column":8},"end":{"line":200,"column":8}}]},"23":{"line":201,"type":"if","locations":[{"start":{"line":201,"column":8},"end":{"line":201,"column":8}},{"start":{"line":201,"column":8},"end":{"line":201,"column":8}}]},"24":{"line":205,"type":"if","locations":[{"start":{"line":205,"column":8},"end":{"line":205,"column":8}},{"start":{"line":205,"column":8},"end":{"line":205,"column":8}}]},"25":{"line":206,"type":"if","locations":[{"start":{"line":206,"column":8},"end":{"line":206,"column":8}},{"start":{"line":206,"column":8},"end":{"line":206,"column":8}}]},"26":{"line":207,"type":"if","locations":[{"start":{"line":207,"column":8},"end":{"line":207,"column":8}},{"start":{"line":207,"column":8},"end":{"line":207,"column":8}}]},"27":{"line":208,"type":"if","locations":[{"start":{"line":208,"column":8},"end":{"line":208,"column":8}},{"start":{"line":208,"column":8},"end":{"line":208,"column":8}}]},"28":{"line":234,"type":"if","locations":[{"start":{"line":234,"column":8},"end":{"line":234,"column":8}},{"start":{"line":234,"column":8},"end":{"line":234,"column":8}}]},"29":{"line":266,"type":"if","locations":[{"start":{"line":266,"column":8},"end":{"line":266,"column":8}},{"start":{"line":266,"column":8},"end":{"line":266,"column":8}}]},"30":{"line":278,"type":"if","locations":[{"start":{"line":278,"column":8},"end":{"line":278,"column":8}},{"start":{"line":278,"column":8},"end":{"line":278,"column":8}}]},"31":{"line":308,"type":"if","locations":[{"start":{"line":308,"column":8},"end":{"line":308,"column":8}},{"start":{"line":308,"column":8},"end":{"line":308,"column":8}}]}}},"contracts/mocks/MockFactory.sol":{"l":{"21":4,"22":4,"25":4,"26":4,"29":4,"33":4,"34":4,"39":4,"40":4,"41":4,"43":4,"47":0,"55":0,"58":0,"59":0,"67":0},"path":"/Users/a.rocchi/Projects/Personal/BofhContract/contracts/mocks/MockFactory.sol","s":{"1":4,"2":4,"3":4,"4":4,"5":4,"6":4,"7":4,"8":4,"9":0,"10":0,"11":0,"12":0,"13":0},"b":{"1":[4,0],"2":[3,1],"3":[4,0],"4":[4,0],"5":[0,0]},"f":{"1":4,"2":0,"3":0},"fnMap":{"1":{"name":"createPair","line":17,"loc":{"start":{"line":17,"column":4},"end":{"line":44,"column":4}}},"2":{"name":"allPairsLength","line":46,"loc":{"start":{"line":46,"column":4},"end":{"line":48,"column":4}}},"3":{"name":"computePairAddress","line":51,"loc":{"start":{"line":51,"column":4},"end":{"line":68,"column":4}}}},"statementMap":{"1":{"start":{"line":21,"column":8},"end":{"line":21,"column":55}},"2":{"start":{"line":22,"column":8},"end":{"line":22,"column":565}},"3":{"start":{"line":25,"column":8},"end":{"line":25,"column":52}},"4":{"start":{"line":26,"column":8},"end":{"line":26,"column":68}},"5":{"start":{"line":29,"column":8},"end":{"line":29,"column":866}},"6":{"start":{"line":33,"column":8},"end":{"line":33,"column":66}},"7":{"start":{"line":41,"column":8},"end":{"line":41,"column":26}},"8":{"start":{"line":43,"column":8},"end":{"line":43,"column":63}},"9":{"start":{"line":47,"column":8},"end":{"line":47,"column":30}},"10":{"start":{"line":55,"column":8},"end":{"line":55,"column":1733}},"11":{"start":{"line":58,"column":8},"end":{"line":58,"column":66}},"12":{"start":{"line":59,"column":8},"end":{"line":59,"column":1904}},"13":{"start":{"line":67,"column":8},"end":{"line":67,"column":46}}},"branchMap":{"1":{"line":21,"type":"if","locations":[{"start":{"line":21,"column":8},"end":{"line":21,"column":8}},{"start":{"line":21,"column":8},"end":{"line":21,"column":8}}]},"2":{"line":23,"type":"if","locations":[{"start":{"line":23,"column":14},"end":{"line":23,"column":29}},{"start":{"line":24,"column":14},"end":{"line":24,"column":29}}]},"3":{"line":25,"type":"if","locations":[{"start":{"line":25,"column":8},"end":{"line":25,"column":8}},{"start":{"line":25,"column":8},"end":{"line":25,"column":8}}]},"4":{"line":26,"type":"if","locations":[{"start":{"line":26,"column":8},"end":{"line":26,"column":8}},{"start":{"line":26,"column":8},"end":{"line":26,"column":8}}]},"5":{"line":56,"type":"if","locations":[{"start":{"line":56,"column":14},"end":{"line":56,"column":29}},{"start":{"line":57,"column":14},"end":{"line":57,"column":29}}]}}},"contracts/mocks/MockPair.sol":{"l":{"30":4,"31":4,"34":4,"44":4,"45":4,"46":4,"50":4,"51":4,"52":4,"53":4,"54":4,"56":4,"57":4,"58":4,"59":4,"61":0,"67":4,"68":4,"70":4,"71":4,"75":0,"76":0,"77":0,"78":0,"80":0,"81":0,"82":0,"83":0,"85":0,"86":0,"87":0,"88":0,"89":0,"91":0,"92":0,"101":0,"102":0,"103":0,"105":0,"106":0,"107":0,"108":0,"109":0,"110":0,"111":0,"112":0,"113":0,"116":0,"117":0,"118":0,"120":0,"121":0,"122":0,"123":0,"129":0,"130":0,"134":0,"148":4,"149":4,"150":4,"151":4,"152":4,"153":4,"161":8,"162":8,"166":0,"167":0,"177":0,"181":4,"182":4,"183":4,"184":4,"185":300,"186":300,"189":0},"path":"/Users/a.rocchi/Projects/Personal/BofhContract/contracts/mocks/MockPair.sol","s":{"1":4,"2":4,"3":4,"4":4,"5":4,"6":4,"7":4,"8":4,"9":4,"10":4,"11":4,"12":4,"13":4,"14":4,"15":0,"16":0,"17":0,"18":0,"19":0,"20":0,"21":0,"22":0,"23":0,"24":0,"25":0,"26":0,"27":0,"28":0,"29":0,"30":0,"31":0,"32":0,"33":0,"34":0,"35":0,"36":0,"37":0,"38":0,"39":0,"40":0,"41":0,"42":0,"43":0,"44":0,"45":0,"46":0,"47":4,"48":4,"49":4,"50":4,"51":4,"52":4,"53":0},"b":{"1":[4,0],"2":[4,0],"3":[4,0],"4":[4,0],"5":[4,0],"6":[0,0],"7":[0,0],"8":[0,0],"9":[0,0],"10":[0,0],"11":[0,0],"12":[0,0],"13":[0,0],"14":[0,0],"15":[0,0],"16":[0,0],"17":[0,0],"18":[0,0],"19":[4,0],"20":[0,0],"21":[4,0],"22":[0,0]},"f":{"1":4,"2":4,"3":4,"4":0,"5":0,"6":0,"7":4,"8":8,"9":0,"10":0,"11":4},"fnMap":{"1":{"name":"constructor","line":29,"loc":{"start":{"line":29,"column":4},"end":{"line":37,"column":4}}},"2":{"name":"getReserves","line":39,"loc":{"start":{"line":39,"column":4},"end":{"line":47,"column":4}}},"3":{"name":"mint","line":49,"loc":{"start":{"line":49,"column":4},"end":{"line":72,"column":4}}},"4":{"name":"burn","line":74,"loc":{"start":{"line":74,"column":4},"end":{"line":93,"column":4}}},"5":{"name":"swap","line":95,"loc":{"start":{"line":95,"column":4},"end":{"line":131,"column":4}}},"6":{"name":"sync","line":133,"loc":{"start":{"line":133,"column":4},"end":{"line":140,"column":4}}},"7":{"name":"_update","line":142,"loc":{"start":{"line":142,"column":4},"end":{"line":154,"column":4}}},"8":{"name":"_mint","line":160,"loc":{"start":{"line":160,"column":4},"end":{"line":163,"column":4}}},"9":{"name":"_burn","line":165,"loc":{"start":{"line":165,"column":4},"end":{"line":168,"column":4}}},"10":{"name":"min","line":176,"loc":{"start":{"line":176,"column":4},"end":{"line":178,"column":4}}},"11":{"name":"sqrt","line":180,"loc":{"start":{"line":180,"column":4},"end":{"line":191,"column":4}}}},"statementMap":{"1":{"start":{"line":30,"column":8},"end":{"line":30,"column":87}},"2":{"start":{"line":31,"column":8},"end":{"line":31,"column":57}},"3":{"start":{"line":50,"column":8},"end":{"line":50,"column":63}},"4":{"start":{"line":51,"column":8},"end":{"line":51,"column":69}},"5":{"start":{"line":52,"column":8},"end":{"line":52,"column":69}},"6":{"start":{"line":53,"column":8},"end":{"line":53,"column":46}},"7":{"start":{"line":54,"column":8},"end":{"line":54,"column":46}},"8":{"start":{"line":56,"column":8},"end":{"line":56,"column":42}},"9":{"start":{"line":57,"column":8},"end":{"line":57,"column":1909}},"10":{"start":{"line":59,"column":12},"end":{"line":59,"column":47}},"11":{"start":{"line":67,"column":8},"end":{"line":67,"column":62}},"12":{"start":{"line":68,"column":8},"end":{"line":68,"column":27}},"13":{"start":{"line":70,"column":8},"end":{"line":70,"column":56}},"14":{"start":{"line":71,"column":8},"end":{"line":71,"column":47}},"15":{"start":{"line":75,"column":8},"end":{"line":75,"column":63}},"16":{"start":{"line":76,"column":8},"end":{"line":76,"column":69}},"17":{"start":{"line":77,"column":8},"end":{"line":77,"column":69}},"18":{"start":{"line":78,"column":8},"end":{"line":78,"column":52}},"19":{"start":{"line":80,"column":8},"end":{"line":80,"column":42}},"20":{"start":{"line":83,"column":8},"end":{"line":83,"column":75}},"21":{"start":{"line":85,"column":8},"end":{"line":85,"column":38}},"22":{"start":{"line":86,"column":8},"end":{"line":86,"column":46}},"23":{"start":{"line":87,"column":8},"end":{"line":87,"column":46}},"24":{"start":{"line":91,"column":8},"end":{"line":91,"column":56}},"25":{"start":{"line":92,"column":8},"end":{"line":92,"column":51}},"26":{"start":{"line":101,"column":8},"end":{"line":101,"column":78}},"27":{"start":{"line":102,"column":8},"end":{"line":102,"column":63}},"28":{"start":{"line":103,"column":8},"end":{"line":103,"column":90}},"29":{"start":{"line":105,"column":8},"end":{"line":105,"column":24}},"30":{"start":{"line":106,"column":8},"end":{"line":106,"column":24}},"31":{"start":{"line":108,"column":12},"end":{"line":108,"column":62}},"32":{"start":{"line":109,"column":12},"end":{"line":109,"column":74}},"33":{"start":{"line":109,"column":32},"end":{"line":109,"column":73}},"34":{"start":{"line":110,"column":12},"end":{"line":110,"column":74}},"35":{"start":{"line":110,"column":32},"end":{"line":110,"column":73}},"36":{"start":{"line":111,"column":12},"end":{"line":111,"column":109}},"37":{"start":{"line":111,"column":33},"end":{"line":111,"column":108}},"38":{"start":{"line":116,"column":8},"end":{"line":116,"column":103}},"39":{"start":{"line":117,"column":8},"end":{"line":117,"column":103}},"40":{"start":{"line":118,"column":8},"end":{"line":118,"column":75}},"41":{"start":{"line":121,"column":12},"end":{"line":121,"column":89}},"42":{"start":{"line":122,"column":12},"end":{"line":122,"column":89}},"43":{"start":{"line":123,"column":12},"end":{"line":123,"column":4960}},"44":{"start":{"line":129,"column":8},"end":{"line":129,"column":56}},"45":{"start":{"line":130,"column":8},"end":{"line":130,"column":79}},"46":{"start":{"line":134,"column":8},"end":{"line":134,"column":5328}},"47":{"start":{"line":148,"column":8},"end":{"line":148,"column":90}},"48":{"start":{"line":149,"column":8},"end":{"line":149,"column":63}},"49":{"start":{"line":153,"column":8},"end":{"line":153,"column":37}},"50":{"start":{"line":181,"column":8},"end":{"line":181,"column":6702}},"51":{"start":{"line":183,"column":12},"end":{"line":183,"column":33}},"52":{"start":{"line":184,"column":12},"end":{"line":184,"column":6785}},"53":{"start":{"line":188,"column":15},"end":{"line":188,"column":6886}}},"branchMap":{"1":{"line":30,"type":"if","locations":[{"start":{"line":30,"column":8},"end":{"line":30,"column":8}},{"start":{"line":30,"column":8},"end":{"line":30,"column":8}}]},"2":{"line":31,"type":"if","locations":[{"start":{"line":31,"column":8},"end":{"line":31,"column":8}},{"start":{"line":31,"column":8},"end":{"line":31,"column":8}}]},"3":{"line":35,"type":"if","locations":[{"start":{"line":35,"column":14},"end":{"line":35,"column":31}},{"start":{"line":36,"column":14},"end":{"line":36,"column":31}}]},"4":{"line":57,"type":"if","locations":[{"start":{"line":57,"column":8},"end":{"line":57,"column":8}},{"start":{"line":57,"column":8},"end":{"line":57,"column":8}}]},"5":{"line":67,"type":"if","locations":[{"start":{"line":67,"column":8},"end":{"line":67,"column":8}},{"start":{"line":67,"column":8},"end":{"line":67,"column":8}}]},"6":{"line":83,"type":"if","locations":[{"start":{"line":83,"column":8},"end":{"line":83,"column":8}},{"start":{"line":83,"column":8},"end":{"line":83,"column":8}}]},"7":{"line":101,"type":"if","locations":[{"start":{"line":101,"column":8},"end":{"line":101,"column":8}},{"start":{"line":101,"column":8},"end":{"line":101,"column":8}}]},"8":{"line":101,"type":"cond-expr","locations":[{"start":{"line":101,"column":16},"end":{"line":101,"column":29}},{"start":{"line":101,"column":34},"end":{"line":101,"column":47}}]},"9":{"line":103,"type":"if","locations":[{"start":{"line":103,"column":8},"end":{"line":103,"column":8}},{"start":{"line":103,"column":8},"end":{"line":103,"column":8}}]},"10":{"line":108,"type":"if","locations":[{"start":{"line":108,"column":12},"end":{"line":108,"column":12}},{"start":{"line":108,"column":12},"end":{"line":108,"column":12}}]},"11":{"line":109,"type":"if","locations":[{"start":{"line":109,"column":12},"end":{"line":109,"column":12}},{"start":{"line":109,"column":12},"end":{"line":109,"column":12}}]},"12":{"line":110,"type":"if","locations":[{"start":{"line":110,"column":12},"end":{"line":110,"column":12}},{"start":{"line":110,"column":12},"end":{"line":110,"column":12}}]},"13":{"line":111,"type":"if","locations":[{"start":{"line":111,"column":12},"end":{"line":111,"column":12}},{"start":{"line":111,"column":12},"end":{"line":111,"column":12}}]},"14":{"line":116,"type":"if","locations":[{"start":{"line":116,"column":64},"end":{"line":116,"column":98}},{"start":{"line":116,"column":102},"end":{"line":116,"column":102}}]},"15":{"line":117,"type":"if","locations":[{"start":{"line":117,"column":64},"end":{"line":117,"column":98}},{"start":{"line":117,"column":102},"end":{"line":117,"column":102}}]},"16":{"line":118,"type":"if","locations":[{"start":{"line":118,"column":8},"end":{"line":118,"column":8}},{"start":{"line":118,"column":8},"end":{"line":118,"column":8}}]},"17":{"line":118,"type":"cond-expr","locations":[{"start":{"line":118,"column":16},"end":{"line":118,"column":28}},{"start":{"line":118,"column":33},"end":{"line":118,"column":45}}]},"18":{"line":123,"type":"if","locations":[{"start":{"line":123,"column":12},"end":{"line":123,"column":12}},{"start":{"line":123,"column":12},"end":{"line":123,"column":12}}]},"19":{"line":148,"type":"if","locations":[{"start":{"line":148,"column":8},"end":{"line":148,"column":8}},{"start":{"line":148,"column":8},"end":{"line":148,"column":8}}]},"20":{"line":177,"type":"if","locations":[{"start":{"line":177,"column":20},"end":{"line":177,"column":20}},{"start":{"line":177,"column":24},"end":{"line":177,"column":24}}]},"21":{"line":181,"type":"if","locations":[{"start":{"line":181,"column":8},"end":{"line":181,"column":8}},{"start":{"line":181,"column":8},"end":{"line":181,"column":8}}]},"22":{"line":188,"type":"if","locations":[{"start":{"line":188,"column":15},"end":{"line":188,"column":15}},{"start":{"line":188,"column":15},"end":{"line":188,"column":15}}]}}},"contracts/mocks/MockToken.sol":{"l":{"21":4,"22":4,"23":4,"24":4,"25":4,"29":8,"33":10,"34":10,"35":10,"36":10,"40":0,"44":12,"45":12,"46":12,"54":0,"55":0,"56":0,"57":0,"58":0,"62":0,"63":0,"64":0,"68":0,"69":0,"70":0,"71":0,"72":0,"74":0,"78":0,"79":0,"80":0,"81":0,"83":0,"87":0,"88":0,"89":0,"90":0,"91":0,"93":0,"101":10,"102":10,"103":10,"104":10,"106":10,"114":12,"115":12,"116":12,"124":0,"125":0,"126":0,"127":0,"128":0},"path":"/Users/a.rocchi/Projects/Personal/BofhContract/contracts/mocks/MockToken.sol","s":{"1":4,"2":8,"3":10,"4":10,"5":10,"6":10,"7":0,"8":12,"9":12,"10":12,"11":0,"12":0,"13":0,"14":0,"15":0,"16":0,"17":0,"18":0,"19":0,"20":0,"21":0,"22":0,"23":0,"24":0,"25":0,"26":0,"27":0,"28":0,"29":10,"30":10,"31":12,"32":12,"33":0,"34":0,"35":0,"36":0},"b":{"1":[10,0],"2":[0,0],"3":[0,0],"4":[0,0],"5":[0,0],"6":[0,0],"7":[10,0],"8":[12,0],"9":[0,0],"10":[0,0]},"f":{"1":4,"2":8,"3":10,"4":0,"5":12,"6":0,"7":0,"8":0,"9":0,"10":0,"11":10,"12":12,"13":0},"fnMap":{"1":{"name":"constructor","line":16,"loc":{"start":{"line":16,"column":4},"end":{"line":26,"column":4}}},"2":{"name":"balanceOf","line":28,"loc":{"start":{"line":28,"column":4},"end":{"line":30,"column":4}}},"3":{"name":"transfer","line":32,"loc":{"start":{"line":32,"column":4},"end":{"line":37,"column":4}}},"4":{"name":"allowance","line":39,"loc":{"start":{"line":39,"column":4},"end":{"line":41,"column":4}}},"5":{"name":"approve","line":43,"loc":{"start":{"line":43,"column":4},"end":{"line":47,"column":4}}},"6":{"name":"transferFrom","line":49,"loc":{"start":{"line":49,"column":4},"end":{"line":59,"column":4}}},"7":{"name":"increaseAllowance","line":61,"loc":{"start":{"line":61,"column":4},"end":{"line":65,"column":4}}},"8":{"name":"decreaseAllowance","line":67,"loc":{"start":{"line":67,"column":4},"end":{"line":75,"column":4}}},"9":{"name":"mint","line":77,"loc":{"start":{"line":77,"column":4},"end":{"line":84,"column":4}}},"10":{"name":"burn","line":86,"loc":{"start":{"line":86,"column":4},"end":{"line":94,"column":4}}},"11":{"name":"_transfer","line":96,"loc":{"start":{"line":96,"column":4},"end":{"line":107,"column":4}}},"12":{"name":"_approve","line":109,"loc":{"start":{"line":109,"column":4},"end":{"line":117,"column":4}}},"13":{"name":"_spendAllowance","line":119,"loc":{"start":{"line":119,"column":4},"end":{"line":131,"column":4}}}},"statementMap":{"1":{"start":{"line":25,"column":8},"end":{"line":25,"column":61}},"2":{"start":{"line":29,"column":8},"end":{"line":29,"column":32}},"3":{"start":{"line":33,"column":8},"end":{"line":33,"column":60}},"4":{"start":{"line":34,"column":8},"end":{"line":34,"column":34}},"5":{"start":{"line":35,"column":8},"end":{"line":35,"column":35}},"6":{"start":{"line":36,"column":8},"end":{"line":36,"column":19}},"7":{"start":{"line":40,"column":8},"end":{"line":40,"column":41}},"8":{"start":{"line":44,"column":8},"end":{"line":44,"column":34}},"9":{"start":{"line":45,"column":8},"end":{"line":45,"column":39}},"10":{"start":{"line":46,"column":8},"end":{"line":46,"column":19}},"11":{"start":{"line":54,"column":8},"end":{"line":54,"column":60}},"12":{"start":{"line":55,"column":8},"end":{"line":55,"column":36}},"13":{"start":{"line":56,"column":8},"end":{"line":56,"column":45}},"14":{"start":{"line":57,"column":8},"end":{"line":57,"column":34}},"15":{"start":{"line":58,"column":8},"end":{"line":58,"column":19}},"16":{"start":{"line":62,"column":8},"end":{"line":62,"column":34}},"17":{"start":{"line":63,"column":8},"end":{"line":63,"column":72}},"18":{"start":{"line":64,"column":8},"end":{"line":64,"column":19}},"19":{"start":{"line":68,"column":8},"end":{"line":68,"column":34}},"20":{"start":{"line":69,"column":8},"end":{"line":69,"column":61}},"21":{"start":{"line":70,"column":8},"end":{"line":70,"column":75}},"22":{"start":{"line":72,"column":12},"end":{"line":72,"column":71}},"23":{"start":{"line":74,"column":8},"end":{"line":74,"column":19}},"24":{"start":{"line":78,"column":8},"end":{"line":78,"column":56}},"25":{"start":{"line":83,"column":8},"end":{"line":83,"column":45}},"26":{"start":{"line":87,"column":8},"end":{"line":87,"column":60}},"27":{"start":{"line":88,"column":8},"end":{"line":88,"column":71}},"28":{"start":{"line":93,"column":8},"end":{"line":93,"column":47}},"29":{"start":{"line":101,"column":8},"end":{"line":101,"column":75}},"30":{"start":{"line":106,"column":8},"end":{"line":106,"column":39}},"31":{"start":{"line":114,"column":8},"end":{"line":114,"column":64}},"32":{"start":{"line":116,"column":8},"end":{"line":116,"column":45}},"33":{"start":{"line":124,"column":8},"end":{"line":124,"column":61}},"34":{"start":{"line":125,"column":8},"end":{"line":125,"column":3967}},"35":{"start":{"line":126,"column":12},"end":{"line":126,"column":72}},"36":{"start":{"line":128,"column":16},"end":{"line":128,"column":66}}},"branchMap":{"1":{"line":33,"type":"if","locations":[{"start":{"line":33,"column":8},"end":{"line":33,"column":8}},{"start":{"line":33,"column":8},"end":{"line":33,"column":8}}]},"2":{"line":54,"type":"if","locations":[{"start":{"line":54,"column":8},"end":{"line":54,"column":8}},{"start":{"line":54,"column":8},"end":{"line":54,"column":8}}]},"3":{"line":70,"type":"if","locations":[{"start":{"line":70,"column":8},"end":{"line":70,"column":8}},{"start":{"line":70,"column":8},"end":{"line":70,"column":8}}]},"4":{"line":78,"type":"if","locations":[{"start":{"line":78,"column":8},"end":{"line":78,"column":8}},{"start":{"line":78,"column":8},"end":{"line":78,"column":8}}]},"5":{"line":87,"type":"if","locations":[{"start":{"line":87,"column":8},"end":{"line":87,"column":8}},{"start":{"line":87,"column":8},"end":{"line":87,"column":8}}]},"6":{"line":88,"type":"if","locations":[{"start":{"line":88,"column":8},"end":{"line":88,"column":8}},{"start":{"line":88,"column":8},"end":{"line":88,"column":8}}]},"7":{"line":101,"type":"if","locations":[{"start":{"line":101,"column":8},"end":{"line":101,"column":8}},{"start":{"line":101,"column":8},"end":{"line":101,"column":8}}]},"8":{"line":114,"type":"if","locations":[{"start":{"line":114,"column":8},"end":{"line":114,"column":8}},{"start":{"line":114,"column":8},"end":{"line":114,"column":8}}]},"9":{"line":125,"type":"if","locations":[{"start":{"line":125,"column":8},"end":{"line":125,"column":8}},{"start":{"line":125,"column":8},"end":{"line":125,"column":8}}]},"10":{"line":126,"type":"if","locations":[{"start":{"line":126,"column":12},"end":{"line":126,"column":12}},{"start":{"line":126,"column":12},"end":{"line":126,"column":12}}]}}}}