{
"contracts/interfaces/ISwapInterfaces.sol":{"l":{},"path":"/Users/a.rocchi/Projects/Personal/BofhContract/contracts/interfaces/ISwapInterfaces.sol","s":{},"b":{},"f":{},"fnMap":{},"statementMap":{},"branchMap":{}},
"contracts/libs/MathLib.sol":{"l":{"11":113,"12":112,"15":111,"16":111,"19":111,"20":7725,"21":7725,"27":10,"28":9,"30":8,"31":8,"34":8,"35":116,"36":116,"37":116,"38":116,"40":8,"45":8,"48":5,"49":1,"50":1,"53":4,"58":7,"60":6,"61":6,"64":6,"65":6,"66":6,"67":6,"68":6,"69":6,"70":6,"71":6,"73":6,"78":7,"80":6,"81":6,"83":6,"85":5,"86":5,"89":1,"90":1,"92":1,"93":4,"94":4,"97":1,"106":12,"109":10,"110":4,"111":4,"113":3,"114":3,"118":3},"path":"/Users/a.rocchi/Projects/Personal/BofhContract/contracts/libs/MathLib.sol","s":{"1":113,"2":1,"3":112,"4":1,"5":111,"6":111,"7":10,"8":1,"9":9,"10":1,"11":8,"12":8,"13":8,"14":116,"15":116,"16":8,"17":8,"18":3,"19":5,"20":1,"21":1,"22":4,"23":7,"24":1,"25":6,"26":6,"27":6,"28":6,"29":6,"30":6,"31":6,"32":6,"33":6,"34":6,"35":6,"36":7,"37":1,"38":6,"39":6,"40":6,"41":1,"42":5,"43":5,"44":4,"45":1,"46":1,"47":1,"48":1,"49":12,"50":10,"51":4,"52":4,"53":6,"54":3,"55":3,"56":3},"b":{"1":[1,112],"2":[1,111],"3":[1,9],"4":[1,8],"5":[0,116],"6":[3,5],"7":[2,1],"8":[1,4],"9":[1,0],"10":[1,6],"11":[2,4],"12":[2,4],"13":[2,4],"14":[2,4],"15":[3,3],"16":[2,4],"17":[2,4],"18":[4,2],"19":[1,6],"20":[1,5],"21":[4,1],"22":[10,2],"23":[4,6],"24":[3,3]},"f":{"1":113,"2":10,"3":8,"4":7,"5":7,"6":12},"fnMap":{"1":{"name":"sqrt","line":10,"loc":{"start":{"line":10,"column":4},"end":{"line":23,"column":4}}},"2":{"name":"cbrt","line":26,"loc":{"start":{"line":26,"column":4},"end":{"line":41,"column":4}}},"3":{"name":"geometricMean","line":44,"loc":{"start":{"line":44,"column":4},"end":{"line":54,"column":4}}},"4":{"name":"log2","line":57,"loc":{"start":{"line":57,"column":4},"end":{"line":74,"column":4}}},"5":{"name":"exp2","line":77,"loc":{"start":{"line":77,"column":4},"end":{"line":98,"column":4}}},"6":{"name":"calculateOptimalAmount","line":101,"loc":{"start":{"line":101,"column":4},"end":{"line":119,"column":4}}}},"statementMap":{"1":{"start":{"line":11,"column":8},"end":{"line":11,"column":28}},"2":{"start":{"line":11,"column":20},"end":{"line":11,"column":28}},"3":{"start":{"line":12,"column":8},"end":{"line":12,"column":28}},"4":{"start":{"line":12,"column":20},"end":{"line":12,"column":28}},"5":{"start":{"line":15,"column":8},"end":{"line":15,"column":31}},"6":{"start":{"line":19,"column":8},"end":{"line":19,"column":589}},"7":{"start":{"line":27,"column":8},"end":{"line":27,"column":28}},"8":{"start":{"line":27,"column":20},"end":{"line":27,"column":28}},"9":{"start":{"line":28,"column":8},"end":{"line":28,"column":28}},"10":{"start":{"line":28,"column":20},"end":{"line":28,"column":28}},"11":{"start":{"line":30,"column":8},"end":{"line":30,"column":21}},"12":{"start":{"line":31,"column":8},"end":{"line":31,"column":29}},"13":{"start":{"line":34,"column":8},"end":{"line":34,"column":979}},"14":{"start":{"line":36,"column":12},"end":{"line":36,"column":36}},"15":{"start":{"line":37,"column":12},"end":{"line":37,"column":36}},"16":{"start":{"line":40,"column":8},"end":{"line":40,"column":16}},"17":{"start":{"line":45,"column":8},"end":{"line":45,"column":38}},"18":{"start":{"line":45,"column":30},"end":{"line":45,"column":38}},"19":{"start":{"line":48,"column":8},"end":{"line":48,"column":1421}},"20":{"start":{"line":49,"column":12},"end":{"line":49,"column":52}},"21":{"start":{"line":50,"column":12},"end":{"line":50,"column":31}},"22":{"start":{"line":53,"column":8},"end":{"line":53,"column":26}},"23":{"start":{"line":58,"column":8},"end":{"line":58,"column":28}},"24":{"start":{"line":58,"column":20},"end":{"line":58,"column":28}},"25":{"start":{"line":60,"column":8},"end":{"line":60,"column":26}},"26":{"start":{"line":61,"column":8},"end":{"line":61,"column":25}},"27":{"start":{"line":64,"column":8},"end":{"line":64,"column":61}},"28":{"start":{"line":65,"column":8},"end":{"line":65,"column":58}},"29":{"start":{"line":66,"column":8},"end":{"line":66,"column":58}},"30":{"start":{"line":67,"column":8},"end":{"line":67,"column":58}},"31":{"start":{"line":68,"column":8},"end":{"line":68,"column":55}},"32":{"start":{"line":69,"column":8},"end":{"line":69,"column":55}},"33":{"start":{"line":70,"column":8},"end":{"line":70,"column":55}},"34":{"start":{"line":71,"column":8},"end":{"line":71,"column":42}},"35":{"start":{"line":73,"column":8},"end":{"line":73,"column":33}},"36":{"start":{"line":78,"column":8},"end":{"line":78,"column":36}},"37":{"start":{"line":78,"column":20},"end":{"line":78,"column":36}},"38":{"start":{"line":80,"column":8},"end":{"line":80,"column":41}},"39":{"start":{"line":81,"column":8},"end":{"line":81,"column":40}},"40":{"start":{"line":83,"column":8},"end":{"line":83,"column":54}},"41":{"start":{"line":83,"column":30},"end":{"line":83,"column":54}},"42":{"start":{"line":85,"column":8},"end":{"line":85,"column":39}},"43":{"start":{"line":86,"column":8},"end":{"line":86,"column":40}},"44":{"start":{"line":86,"column":27},"end":{"line":86,"column":40}},"45":{"start":{"line":89,"column":8},"end":{"line":89,"column":29}},"46":{"start":{"line":90,"column":8},"end":{"line":90,"column":28}},"47":{"start":{"line":92,"column":8},"end":{"line":92,"column":2917}},"48":{"start":{"line":97,"column":8},"end":{"line":97,"column":18}},"49":{"start":{"line":106,"column":8},"end":{"line":106,"column":73}},"50":{"start":{"line":109,"column":8},"end":{"line":109,"column":3436}},"51":{"start":{"line":110,"column":12},"end":{"line":110,"column":40}},"52":{"start":{"line":111,"column":12},"end":{"line":111,"column":93}},"53":{"start":{"line":112,"column":15},"end":{"line":112,"column":3627}},"54":{"start":{"line":113,"column":12},"end":{"line":113,"column":47}},"55":{"start":{"line":114,"column":12},"end":{"line":114,"column":100}},"56":{"start":{"line":118,"column":8},"end":{"line":118,"column":85}}},"branchMap":{"1":{"line":11,"type":"if","locations":[{"start":{"line":11,"column":8},"end":{"line":11,"column":8}},{"start":{"line":11,"column":8},"end":{"line":11,"column":8}}]},"2":{"line":12,"type":"if","locations":[{"start":{"line":12,"column":8},"end":{"line":12,"column":8}},{"start":{"line":12,"column":8},"end":{"line":12,"column":8}}]},"3":{"line":27,"type":"if","locations":[{"start":{"line":27,"column":8},"end":{"line":27,"column":8}},{"start":{"line":27,"column":8},"end":{"line":27,"column":8}}]},"4":{"line":28,"type":"if","locations":[{"start":{"line":28,"column":8},"end":{"line":28,"column":8}},{"start":{"line":28,"column":8},"end":{"line":28,"column":8}}]},"5":{"line":37,"type":"if","locations":[{"start":{"line":37,"column":12},"end":{"line":37,"column":12}},{"start":{"line":37,"column":12},"end":{"line":37,"column":12}}]},"6":{"line":45,"type":"if","locations":[{"start":{"line":45,"column":8},"end":{"line":45,"column":8}},{"start":{"line":45,"column":8},"end":{"line":45,"column":8}}]},"7":{"line":45,"type":"cond-expr","locations":[{"start":{"line":45,"column":12},"end":{"line":45,"column":17}},{"start":{"line":45,"column":22},"end":{"line":45,"column":27}}]},"8":{"line":48,"type":"if","locations":[{"start":{"line":48,"column":8},"end":{"line":48,"column":8}},{"start":{"line":48,"column":8},"end":{"line":48,"column":8}}]},"9":{"line":48,"type":"cond-expr","locations":[{"start":{"line":48,"column":12},"end":{"line":48,"column":32}},{"start":{"line":48,"column":37},"end":{"line":48,"column":57}}]},"10":{"line":58,"type":"if","locations":[{"start":{"line":58,"column":8},"end":{"line":58,"column":8}},{"start":{"line":58,"column":8},"end":{"line":58,"column":8}}]},"11":{"line":64,"type":"if","locations":[{"start":{"line":64,"column":8},"end":{"line":64,"column":8}},{"start":{"line":64,"column":8},"end":{"line":64,"column":8}}]},"12":{"line":65,"type":"if","locations":[{"start":{"line":65,"column":8},"end":{"line":65,"column":8}},{"start":{"line":65,"column":8},"end":{"line":65,"column":8}}]},"13":{"line":66,"type":"if","locations":[{"start":{"line":66,"column":8},"end":{"line":66,"column":8}},{"start":{"line":66,"column":8},"end":{"line":66,"column":8}}]},"14":{"line":67,"type":"if","locations":[{"start":{"line":67,"column":8},"end":{"line":67,"column":8}},{"start":{"line":67,"column":8},"end":{"line":67,"column":8}}]},"15":{"line":68,"type":"if","locations":[{"start":{"line":68,"column":8},"end":{"line":68,"column":8}},{"start":{"line":68,"column":8},"end":{"line":68,"column":8}}]},"16":{"line":69,"type":"if","locations":[{"start":{"line":69,"column":8},"end":{"line":69,"column":8}},{"start":{"line":69,"column":8},"end":{"line":69,"column":8}}]},"17":{"line":70,"type":"if","locations":[{"start":{"line":70,"column":8},"end":{"line":70,"column":8}},{"start":{"line":70,"column":8},"end":{"line":70,"column":8}}]},"18":{"line":71,"type":"if","locations":[{"start":{"line":71,"column":8},"end":{"line":71,"column":8}},{"start":{"line":71,"column":8},"end":{"line":71,"column":8}}]},"19":{"line":78,"type":"if","locations":[{"start":{"line":78,"column":8},"end":{"line":78,"column":8}},{"start":{"line":78,"column":8},"end":{"line":78,"column":8}}]},"20":{"line":83,"type":"if","locations":[{"start":{"line":83,"column":8},"end":{"line":83,"column":8}},{"start":{"line":83,"column":8},"end":{"line":83,"column":8}}]},"21":{"line":86,"type":"if","locations":[{"start":{"line":86,"column":8},"end":{"line":86,"column":8}},{"start":{"line":86,"column":8},"end":{"line":86,"column":8}}]},"22":{"line":106,"type":"if","locations":[{"start":{"line":106,"column":8},"end":{"line":106,"column":8}},{"start":{"line":106,"column":8},"end":{"line":106,"column":8}}]},"23":{"line":109,"type":"if","locations":[{"start":{"line":109,"column":8},"end":{"line":109,"column":8}},{"start":{"line":109,"column":8},"end":{"line":109,"column":8}}]},"24":{"line":112,"type":"if","locations":[{"start":{"line":112,"column":15},"end":{"line":112,"column":15}},{"start":{"line":112,"column":15},"end":{"line":112,"column":15}}]}}},
"contracts/libs/PoolLib.sol":{"l":{"38":96,"41":96,"42":96,"44":96,"45":49,"46":49,"47":48,"48":48,"49":48,"51":47,"52":47,"53":47,"54":47,"57":95,"64":95,"65":95,"66":95,"67":95,"69":95,"77":180,"79":179,"80":179,"81":179,"84":179,"85":179,"87":179,"89":179,"100":98,"101":95,"105":3,"106":2,"109":1,"110":1,"111":0,"115":1,"118":1,"123":1,"125":1,"134":1,"140":1,"141":1,"143":0,"147":1,"148":1,"149":1,"152":1,"154":0,"162":83,"163":82,"164":81,"166":80,"167":80,"170":78,"171":77,"173":76},"path":"/Users/a.rocchi/Projects/Personal/BofhContract/contracts/libs/PoolLib.sol","s":{"1":96,"2":96,"3":96,"4":49,"5":49,"6":95,"7":95,"8":180,"9":1,"10":179,"11":179,"12":179,"13":179,"14":179,"15":179,"16":0,"17":179,"18":98,"19":95,"20":3,"21":2,"22":1,"23":1,"24":0,"25":1,"26":1,"27":1,"28":1,"29":1,"30":1,"31":1,"32":1,"33":1,"34":0,"35":83,"36":82,"37":81,"38":80,"39":80,"40":78,"41":77,"42":76},"b":{"1":[49,47],"2":[48,1],"3":[95,0],"4":[1,179],"5":[0,179],"6":[95,3],"7":[95,0],"8":[2,1],"9":[0,1],"10":[0,1],"11":[0,1],"12":[0,1],"13":[82,1],"14":[81,1],"15":[80,1],"16":[78,2],"17":[77,1],"18":[76,1]},"f":{"1":96,"2":180,"3":98,"4":1,"5":83},"fnMap":{"1":{"name":"analyzePool","line":32,"loc":{"start":{"line":32,"column":4},"end":{"line":70,"column":4}}},"2":{"name":"calculatePriceImpact","line":73,"loc":{"start":{"line":73,"column":4},"end":{"line":90,"column":4}}},"3":{"name":"calculateVolatility","line":93,"loc":{"start":{"line":93,"column":4},"end":{"line":126,"column":4}}},"4":{"name":"calculateOptimalSwapAmount","line":129,"loc":{"start":{"line":129,"column":4},"end":{"line":155,"column":4}}},"5":{"name":"validateSwap","line":158,"loc":{"start":{"line":158,"column":4},"end":{"line":174,"column":4}}}},"statementMap":{"1":{"start":{"line":38,"column":8},"end":{"line":38,"column":1031}},"2":{"start":{"line":41,"column":8},"end":{"line":41,"column":52}},"3":{"start":{"line":44,"column":8},"end":{"line":44,"column":1217}},"4":{"start":{"line":45,"column":12},"end":{"line":45,"column":56}},"5":{"start":{"line":46,"column":12},"end":{"line":46,"column":54}},"6":{"start":{"line":57,"column":8},"end":{"line":57,"column":1694}},"7":{"start":{"line":69,"column":8},"end":{"line":69,"column":20}},"8":{"start":{"line":77,"column":8},"end":{"line":77,"column":35}},"9":{"start":{"line":77,"column":27},"end":{"line":77,"column":35}},"10":{"start":{"line":79,"column":8},"end":{"line":79,"column":52}},"11":{"start":{"line":80,"column":8},"end":{"line":80,"column":56}},"12":{"start":{"line":81,"column":8},"end":{"line":81,"column":48}},"13":{"start":{"line":84,"column":8},"end":{"line":84,"column":73}},"14":{"start":{"line":85,"column":8},"end":{"line":85,"column":69}},"15":{"start":{"line":87,"column":8},"end":{"line":87,"column":42}},"16":{"start":{"line":87,"column":34},"end":{"line":87,"column":42}},"17":{"start":{"line":89,"column":8},"end":{"line":89,"column":61}},"18":{"start":{"line":100,"column":8},"end":{"line":100,"column":3407}},"19":{"start":{"line":101,"column":12},"end":{"line":101,"column":34}},"20":{"start":{"line":105,"column":8},"end":{"line":105,"column":3598}},"21":{"start":{"line":106,"column":12},"end":{"line":106,"column":34}},"22":{"start":{"line":109,"column":8},"end":{"line":109,"column":60}},"23":{"start":{"line":110,"column":8},"end":{"line":110,"column":3756}},"24":{"start":{"line":111,"column":12},"end":{"line":111,"column":34}},"25":{"start":{"line":115,"column":8},"end":{"line":115,"column":77}},"26":{"start":{"line":118,"column":8},"end":{"line":118,"column":4016}},"27":{"start":{"line":123,"column":8},"end":{"line":123,"column":68}},"28":{"start":{"line":125,"column":8},"end":{"line":125,"column":88}},"29":{"start":{"line":140,"column":8},"end":{"line":140,"column":71}},"30":{"start":{"line":141,"column":8},"end":{"line":141,"column":4960}},"31":{"start":{"line":147,"column":8},"end":{"line":147,"column":59}},"32":{"start":{"line":148,"column":8},"end":{"line":148,"column":60}},"33":{"start":{"line":152,"column":8},"end":{"line":152,"column":83}},"34":{"start":{"line":154,"column":8},"end":{"line":154,"column":46}},"35":{"start":{"line":162,"column":8},"end":{"line":162,"column":70}},"36":{"start":{"line":163,"column":8},"end":{"line":163,"column":53}},"37":{"start":{"line":164,"column":8},"end":{"line":164,"column":81}},"38":{"start":{"line":166,"column":8},"end":{"line":166,"column":73}},"39":{"start":{"line":167,"column":8},"end":{"line":167,"column":77}},"40":{"start":{"line":170,"column":8},"end":{"line":170,"column":69}},"41":{"start":{"line":171,"column":8},"end":{"line":171,"column":73}},"42":{"start":{"line":173,"column":8},"end":{"line":173,"column":19}}},"branchMap":{"1":{"line":44,"type":"if","locations":[{"start":{"line":44,"column":8},"end":{"line":44,"column":8}},{"start":{"line":44,"column":8},"end":{"line":44,"column":8}}]},"2":{"line":46,"type":"if","locations":[{"start":{"line":46,"column":12},"end":{"line":46,"column":12}},{"start":{"line":46,"column":12},"end":{"line":46,"column":12}}]},"3":{"line":57,"type":"if","locations":[{"start":{"line":57,"column":8},"end":{"line":57,"column":8}},{"start":{"line":57,"column":8},"end":{"line":57,"column":8}}]},"4":{"line":77,"type":"if","locations":[{"start":{"line":77,"column":8},"end":{"line":77,"column":8}},{"start":{"line":77,"column":8},"end":{"line":77,"column":8}}]},"5":{"line":87,"type":"if","locations":[{"start":{"line":87,"column":8},"end":{"line":87,"column":8}},{"start":{"line":87,"column":8},"end":{"line":87,"column":8}}]},"6":{"line":100,"type":"if","locations":[{"start":{"line":100,"column":8},"end":{"line":100,"column":8}},{"start":{"line":100,"column":8},"end":{"line":100,"column":8}}]},"7":{"line":100,"type":"cond-expr","locations":[{"start":{"line":100,"column":12},"end":{"line":100,"column":31}},{"start":{"line":100,"column":36},"end":{"line":100,"column":53}}]},"8":{"line":105,"type":"if","locations":[{"start":{"line":105,"column":8},"end":{"line":105,"column":8}},{"start":{"line":105,"column":8},"end":{"line":105,"column":8}}]},"9":{"line":110,"type":"if","locations":[{"start":{"line":110,"column":8},"end":{"line":110,"column":8}},{"start":{"line":110,"column":8},"end":{"line":110,"column":8}}]},"10":{"line":119,"type":"if","locations":[{"start":{"line":119,"column":12},"end":{"line":119,"column":41}},{"start":{"line":120,"column":12},"end":{"line":120,"column":41}}]},"11":{"line":141,"type":"if","locations":[{"start":{"line":141,"column":8},"end":{"line":141,"column":8}},{"start":{"line":141,"column":8},"end":{"line":141,"column":8}}]},"12":{"line":152,"type":"if","locations":[{"start":{"line":152,"column":8},"end":{"line":152,"column":8}},{"start":{"line":152,"column":8},"end":{"line":152,"column":8}}]},"13":{"line":162,"type":"if","locations":[{"start":{"line":162,"column":8},"end":{"line":162,"column":8}},{"start":{"line":162,"column":8},"end":{"line":162,"column":8}}]},"14":{"line":163,"type":"if","locations":[{"start":{"line":163,"column":8},"end":{"line":163,"column":8}},{"start":{"line":163,"column":8},"end":{"line":163,"column":8}}]},"15":{"line":164,"type":"if","locations":[{"start":{"line":164,"column":8},"end":{"line":164,"column":8}},{"start":{"line":164,"column":8},"end":{"line":164,"column":8}}]},"16":{"line":167,"type":"if","locations":[{"start":{"line":167,"column":8},"end":{"line":167,"column":8}},{"start":{"line":167,"column":8},"end":{"line":167,"column":8}}]},"17":{"line":170,"type":"if","locations":[{"start":{"line":170,"column":8},"end":{"line":170,"column":8}},{"start":{"line":170,"column":8},"end":{"line":170,"column":8}}]},"18":{"line":171,"type":"if","locations":[{"start":{"line":171,"column":8},"end":{"line":171,"column":8}},{"start":{"line":171,"column":8},"end":{"line":171,"column":8}}]}}},
"contracts/libs/SecurityLib.sol":{"l":{"33":43,"37":0,"41":46,"45":0,"53":49,"55":48,"56":48,"57":0,"60":48,"61":48,"65":20,"73":4,"74":4,"75":4,"77":2,"78":2,"86":3,"87":2,"89":1,"90":1,"95":12,"96":11,"97":11,"101":5,"102":5,"103":5,"113":3,"114":3,"116":2,"117":2,"118":2,"122":3,"123":1,"124":1,"128":2,"129":2,"138":0,"139":0,"147":3,"148":1,"158":3,"159":2,"165":0,"166":0,"172":0,"173":0},"path":"/Users/a.rocchi/Projects/Personal/BofhContract/contracts/libs/SecurityLib.sol","s":{"1":43,"2":0,"3":46,"4":0,"5":49,"6":48,"7":48,"8":4,"9":4,"10":4,"11":2,"12":3,"13":2,"14":1,"15":12,"16":11,"17":5,"18":5,"19":3,"20":3,"21":3,"22":1,"23":0,"24":3,"25":3,"26":0,"27":0},"b":{"1":[6,37],"2":[0,0],"3":[3,43],"4":[0,0],"5":[1,48],"6":[0,48],"7":[0,4],"8":[2,2],"9":[1,2],"10":[1,1],"11":[1,11],"12":[0,5],"13":[2,1],"14":[1,2],"15":[0,0],"16":[1,2],"17":[2,1],"18":[1,1],"19":[0,0],"20":[0,0],"21":[0,0]},"f":{"1":43,"2":0,"3":46,"4":0,"5":49,"6":20,"7":4,"8":3,"9":12,"10":5,"11":3,"12":0,"13":3,"14":3,"15":0,"16":0},"fnMap":{"1":{"name":"checkOwner","line":32,"loc":{"start":{"line":32,"column":4},"end":{"line":34,"column":4}}},"2":{"name":"checkOperator","line":36,"loc":{"start":{"line":36,"column":4},"end":{"line":38,"column":4}}},"3":{"name":"checkNotPaused","line":40,"loc":{"start":{"line":40,"column":4},"end":{"line":42,"column":4}}},"4":{"name":"checkNotLocked","line":44,"loc":{"start":{"line":44,"column":4},"end":{"line":46,"column":4}}},"5":{"name":"enterProtectedSection","line":49,"loc":{"start":{"line":49,"column":4},"end":{"line":62,"column":4}}},"6":{"name":"exitProtectedSection","line":64,"loc":{"start":{"line":64,"column":4},"end":{"line":66,"column":4}}},"7":{"name":"transferOwnership","line":69,"loc":{"start":{"line":69,"column":4},"end":{"line":79,"column":4}}},"8":{"name":"setOperator","line":81,"loc":{"start":{"line":81,"column":4},"end":{"line":91,"column":4}}},"9":{"name":"emergencyPause","line":94,"loc":{"start":{"line":94,"column":4},"end":{"line":98,"column":4}}},"10":{"name":"emergencyUnpause","line":100,"loc":{"start":{"line":100,"column":4},"end":{"line":104,"column":4}}},"11":{"name":"checkRateLimit","line":107,"loc":{"start":{"line":107,"column":4},"end":{"line":130,"column":4}}},"12":{"name":"setFunctionCooldown","line":133,"loc":{"start":{"line":133,"column":4},"end":{"line":140,"column":4}}},"13":{"name":"validateDeadline","line":143,"loc":{"start":{"line":143,"column":4},"end":{"line":150,"column":4}}},"14":{"name":"checkValueBounds","line":153,"loc":{"start":{"line":153,"column":4},"end":{"line":161,"column":4}}},"15":{"name":"validateAddress","line":164,"loc":{"start":{"line":164,"column":4},"end":{"line":168,"column":4}}},"16":{"name":"ensureNotContract","line":171,"loc":{"start":{"line":171,"column":4},"end":{"line":175,"column":4}}}},"statementMap":{"1":{"start":{"line":33,"column":8},"end":{"line":33,"column":59}},"2":{"start":{"line":37,"column":8},"end":{"line":37,"column":90}},"3":{"start":{"line":41,"column":8},"end":{"line":41,"column":48}},"4":{"start":{"line":45,"column":8},"end":{"line":45,"column":48}},"5":{"start":{"line":53,"column":8},"end":{"line":53,"column":54}},"6":{"start":{"line":55,"column":8},"end":{"line":55,"column":59}},"7":{"start":{"line":56,"column":8},"end":{"line":56,"column":1869}},"8":{"start":{"line":73,"column":8},"end":{"line":73,"column":37}},"9":{"start":{"line":74,"column":8},"end":{"line":74,"column":57}},"10":{"start":{"line":75,"column":8},"end":{"line":75,"column":59}},"11":{"start":{"line":78,"column":8},"end":{"line":78,"column":53}},"12":{"start":{"line":86,"column":8},"end":{"line":86,"column":59}},"13":{"start":{"line":87,"column":8},"end":{"line":87,"column":59}},"14":{"start":{"line":90,"column":8},"end":{"line":90,"column":52}},"15":{"start":{"line":95,"column":8},"end":{"line":95,"column":59}},"16":{"start":{"line":97,"column":8},"end":{"line":97,"column":52}},"17":{"start":{"line":101,"column":8},"end":{"line":101,"column":59}},"18":{"start":{"line":103,"column":8},"end":{"line":103,"column":53}},"19":{"start":{"line":113,"column":8},"end":{"line":113,"column":45}},"20":{"start":{"line":114,"column":8},"end":{"line":114,"column":3696}},"21":{"start":{"line":122,"column":8},"end":{"line":122,"column":3994}},"22":{"start":{"line":123,"column":12},"end":{"line":123,"column":70}},"23":{"start":{"line":138,"column":8},"end":{"line":138,"column":59}},"24":{"start":{"line":147,"column":8},"end":{"line":147,"column":4749}},"25":{"start":{"line":158,"column":8},"end":{"line":158,"column":5016}},"26":{"start":{"line":165,"column":8},"end":{"line":165,"column":5207}},"27":{"start":{"line":172,"column":8},"end":{"line":172,"column":5431}}},"branchMap":{"1":{"line":33,"type":"if","locations":[{"start":{"line":33,"column":8},"end":{"line":33,"column":8}},{"start":{"line":33,"column":8},"end":{"line":33,"column":8}}]},"2":{"line":37,"type":"if","locations":[{"start":{"line":37,"column":8},"end":{"line":37,"column":8}},{"start":{"line":37,"column":8},"end":{"line":37,"column":8}}]},"3":{"line":41,"type":"if","locations":[{"start":{"line":41,"column":8},"end":{"line":41,"column":8}},{"start":{"line":41,"column":8},"end":{"line":41,"column":8}}]},"4":{"line":45,"type":"if","locations":[{"start":{"line":45,"column":8},"end":{"line":45,"column":8}},{"start":{"line":45,"column":8},"end":{"line":45,"column":8}}]},"5":{"line":53,"type":"if","locations":[{"start":{"line":53,"column":8},"end":{"line":53,"column":8}},{"start":{"line":53,"column":8},"end":{"line":53,"column":8}}]},"6":{"line":56,"type":"if","locations":[{"start":{"line":56,"column":8},"end":{"line":56,"column":8}},{"start":{"line":56,"column":8},"end":{"line":56,"column":8}}]},"7":{"line":74,"type":"if","locations":[{"start":{"line":74,"column":8},"end":{"line":74,"column":8}},{"start":{"line":74,"column":8},"end":{"line":74,"column":8}}]},"8":{"line":75,"type":"if","locations":[{"start":{"line":75,"column":8},"end":{"line":75,"column":8}},{"start":{"line":75,"column":8},"end":{"line":75,"column":8}}]},"9":{"line":86,"type":"if","locations":[{"start":{"line":86,"column":8},"end":{"line":86,"column":8}},{"start":{"line":86,"column":8},"end":{"line":86,"column":8}}]},"10":{"line":87,"type":"if","locations":[{"start":{"line":87,"column":8},"end":{"line":87,"column":8}},{"start":{"line":87,"column":8},"end":{"line":87,"column":8}}]},"11":{"line":95,"type":"if","locations":[{"start":{"line":95,"column":8},"end":{"line":95,"column":8}},{"start":{"line":95,"column":8},"end":{"line":95,"column":8}}]},"12":{"line":101,"type":"if","locations":[{"start":{"line":101,"column":8},"end":{"line":101,"column":8}},{"start":{"line":101,"column":8},"end":{"line":101,"column":8}}]},"13":{"line":114,"type":"if","locations":[{"start":{"line":114,"column":8},"end":{"line":114,"column":8}},{"start":{"line":114,"column":8},"end":{"line":114,"column":8}}]},"14":{"line":122,"type":"if","locations":[{"start":{"line":122,"column":8},"end":{"line":122,"column":8}},{"start":{"line":122,"column":8},"end":{"line":122,"column":8}}]},"15":{"line":138,"type":"if","locations":[{"start":{"line":138,"column":8},"end":{"line":138,"column":8}},{"start":{"line":138,"column":8},"end":{"line":138,"column":8}}]},"16":{"line":147,"type":"if","locations":[{"start":{"line":147,"column":8},"end":{"line":147,"column":8}},{"start":{"line":147,"column":8},"end":{"line":147,"column":8}}]},"17":{"line":158,"type":"if","locations":[{"start":{"line":158,"column":8},"end":{"line":158,"column":8}},{"start":{"line":158,"column":8},"end":{"line":158,"column":8}}]},"18":{"line":158,"type":"cond-expr","locations":[{"start":{"line":158,"column":12},"end":{"line":158,"column":27}},{"start":{"line":158,"column":32},"end":{"line":158,"column":47}}]},"19":{"line":165,"type":"if","locations":[{"start":{"line":165,"column":8},"end":{"line":165,"column":8}},{"start":{"line":165,"column":8},"end":{"line":165,"column":8}}]},"20":{"line":165,"type":"cond-expr","locations":[{"start":{"line":165,"column":12},"end":{"line":165,"column":29}},{"start":{"line":165,"column":34},"end":{"line":165,"column":54}}]},"21":{"line":172,"type":"if","locations":[{"start":{"line":172,"column":8},"end":{"line":172,"column":8}},{"start":{"line":172,"column":8},"end":{"line":172,"column":8}}]}}},
"contracts/main/BofhContractBase.sol":{"l":{"67":39,"68":35,"72":44,"73":42,"77":44,"78":44,"79":19,"85":32,"86":4,"89":4,"90":0,"91":0,"92":0,"95":4,"96":4,"100":4,"101":1,"104":3,"107":3,"109":28,"115":6,"116":6,"118":5,"121":5,"122":5,"123":5,"124":5,"134":6,"135":5,"137":4,"138":4,"139":4,"140":4,"142":4,"154":5,"155":5,"156":5,"168":10,"169":9,"171":8,"172":8,"173":8,"175":8,"180":8,"184":4,"189":2,"196":0,"238":5,"252":3,"264":2,"270":6,"282":4},"path":"/Users/a.rocchi/Projects/Personal/BofhContract/contracts/main/BofhContractBase.sol","s":{"1":39,"2":44,"3":44,"4":19,"5":32,"6":4,"7":4,"8":0,"9":4,"10":6,"11":6,"12":6,"13":5,"14":4,"15":5,"16":5,"17":10,"18":9,"19":8,"20":8,"21":4,"22":2,"23":0,"24":5,"25":3,"26":2,"27":6,"28":4},"b":{"1":[4,28],"2":[0,4],"3":[0,0],"4":[1,3],"5":[6,0],"6":[5,1],"7":[6,1],"8":[5,1],"9":[4,1],"10":[5,1],"11":[5,0],"12":[10,1],"13":[9,1],"14":[8,1],"15":[8,1],"16":[4,0],"17":[2,0],"18":[0,0]},"f":{"1":39,"2":44,"3":44,"4":32,"5":6,"6":6,"7":5,"8":10,"9":8,"10":4,"11":2,"12":0,"13":5,"14":3,"15":2,"16":6,"17":4},"fnMap":{"1":{"name":"onlyOwner","line":66,"loc":{"start":{"line":66,"column":4},"end":{"line":69,"column":4}}},"2":{"name":"whenNotPaused","line":71,"loc":{"start":{"line":71,"column":4},"end":{"line":74,"column":4}}},"3":{"name":"nonReentrant","line":76,"loc":{"start":{"line":76,"column":4},"end":{"line":80,"column":4}}},"4":{"name":"antiMEV","line":84,"loc":{"start":{"line":84,"column":4},"end":{"line":111,"column":4}}},"5":{"name":"constructor","line":114,"loc":{"start":{"line":114,"column":4},"end":{"line":125,"column":4}}},"6":{"name":"updateRiskParams","line":133,"loc":{"start":{"line":128,"column":4},"end":{"line":148,"column":4}}},"7":{"name":"setPoolBlacklist","line":153,"loc":{"start":{"line":150,"column":4},"end":{"line":157,"column":4}}},"8":{"name":"configureMEVProtection","line":167,"loc":{"start":{"line":163,"column":4},"end":{"line":176,"column":4}}},"9":{"name":"emergencyPause","line":179,"loc":{"start":{"line":179,"column":4},"end":{"line":181,"column":4}}},"10":{"name":"emergencyUnpause","line":183,"loc":{"start":{"line":183,"column":4},"end":{"line":185,"column":4}}},"11":{"name":"transferOwnership","line":188,"loc":{"start":{"line":188,"column":4},"end":{"line":190,"column":4}}},"12":{"name":"setOperator","line":195,"loc":{"start":{"line":192,"column":4},"end":{"line":197,"column":4}}},"13":{"name":"getAdmin","line":237,"loc":{"start":{"line":237,"column":4},"end":{"line":239,"column":4}}},"14":{"name":"getRiskParameters","line":246,"loc":{"start":{"line":246,"column":4},"end":{"line":258,"column":4}}},"15":{"name":"isPoolBlacklisted","line":263,"loc":{"start":{"line":263,"column":4},"end":{"line":265,"column":4}}},"16":{"name":"isPaused","line":269,"loc":{"start":{"line":269,"column":4},"end":{"line":271,"column":4}}},"17":{"name":"getMEVProtectionConfig","line":277,"loc":{"start":{"line":277,"column":4},"end":{"line":287,"column":4}}}},"statementMap":{"1":{"start":{"line":67,"column":8},"end":{"line":67,"column":33}},"2":{"start":{"line":72,"column":8},"end":{"line":72,"column":37}},"3":{"start":{"line":77,"column":8},"end":{"line":77,"column":51}},"4":{"start":{"line":79,"column":8},"end":{"line":79,"column":43}},"5":{"start":{"line":85,"column":8},"end":{"line":85,"column":2525}},"6":{"start":{"line":86,"column":12},"end":{"line":86,"column":65}},"7":{"start":{"line":89,"column":12},"end":{"line":89,"column":2708}},"8":{"start":{"line":91,"column":16},"end":{"line":91,"column":2820}},"9":{"start":{"line":100,"column":12},"end":{"line":100,"column":3142}},"10":{"start":{"line":115,"column":8},"end":{"line":115,"column":53}},"11":{"start":{"line":116,"column":8},"end":{"line":116,"column":62}},"12":{"start":{"line":134,"column":8},"end":{"line":134,"column":73}},"13":{"start":{"line":135,"column":8},"end":{"line":135,"column":69}},"14":{"start":{"line":142,"column":8},"end":{"line":142,"column":4560}},"15":{"start":{"line":154,"column":8},"end":{"line":154,"column":50}},"16":{"start":{"line":156,"column":8},"end":{"line":156,"column":47}},"17":{"start":{"line":168,"column":8},"end":{"line":168,"column":62}},"18":{"start":{"line":169,"column":8},"end":{"line":169,"column":55}},"19":{"start":{"line":175,"column":8},"end":{"line":175,"column":71}},"20":{"start":{"line":180,"column":8},"end":{"line":180,"column":37}},"21":{"start":{"line":184,"column":8},"end":{"line":184,"column":39}},"22":{"start":{"line":189,"column":8},"end":{"line":189,"column":48}},"23":{"start":{"line":196,"column":8},"end":{"line":196,"column":50}},"24":{"start":{"line":238,"column":8},"end":{"line":238,"column":34}},"25":{"start":{"line":252,"column":8},"end":{"line":252,"column":8901}},"26":{"start":{"line":264,"column":8},"end":{"line":264,"column":37}},"27":{"start":{"line":270,"column":8},"end":{"line":270,"column":35}},"28":{"start":{"line":282,"column":8},"end":{"line":282,"column":9920}}},"branchMap":{"1":{"line":85,"type":"if","locations":[{"start":{"line":85,"column":8},"end":{"line":85,"column":8}},{"start":{"line":85,"column":8},"end":{"line":85,"column":8}}]},"2":{"line":89,"type":"if","locations":[{"start":{"line":89,"column":12},"end":{"line":89,"column":12}},{"start":{"line":89,"column":12},"end":{"line":89,"column":12}}]},"3":{"line":91,"type":"if","locations":[{"start":{"line":91,"column":16},"end":{"line":91,"column":16}},{"start":{"line":91,"column":16},"end":{"line":91,"column":16}}]},"4":{"line":100,"type":"if","locations":[{"start":{"line":100,"column":12},"end":{"line":100,"column":12}},{"start":{"line":100,"column":12},"end":{"line":100,"column":12}}]},"5":{"line":115,"type":"if","locations":[{"start":{"line":115,"column":8},"end":{"line":115,"column":8}},{"start":{"line":115,"column":8},"end":{"line":115,"column":8}}]},"6":{"line":116,"type":"if","locations":[{"start":{"line":116,"column":8},"end":{"line":116,"column":8}},{"start":{"line":116,"column":8},"end":{"line":116,"column":8}}]},"7":{"line":133,"type":"if","locations":[{"start":{"line":133,"column":15},"end":{"line":133,"column":15}},{"start":{"line":133,"column":15},"end":{"line":133,"column":15}}]},"8":{"line":134,"type":"if","locations":[{"start":{"line":134,"column":8},"end":{"line":134,"column":8}},{"start":{"line":134,"column":8},"end":{"line":134,"column":8}}]},"9":{"line":135,"type":"if","locations":[{"start":{"line":135,"column":8},"end":{"line":135,"column":8}},{"start":{"line":135,"column":8},"end":{"line":135,"column":8}}]},"10":{"line":153,"type":"if","locations":[{"start":{"line":153,"column":15},"end":{"line":153,"column":15}},{"start":{"line":153,"column":15},"end":{"line":153,"column":15}}]},"11":{"line":154,"type":"if","locations":[{"start":{"line":154,"column":8},"end":{"line":154,"column":8}},{"start":{"line":154,"column":8},"end":{"line":154,"column":8}}]},"12":{"line":167,"type":"if","locations":[{"start":{"line":167,"column":15},"end":{"line":167,"column":15}},{"start":{"line":167,"column":15},"end":{"line":167,"column":15}}]},"13":{"line":168,"type":"if","locations":[{"start":{"line":168,"column":8},"end":{"line":168,"column":8}},{"start":{"line":168,"column":8},"end":{"line":168,"column":8}}]},"14":{"line":169,"type":"if","locations":[{"start":{"line":169,"column":8},"end":{"line":169,"column":8}},{"start":{"line":169,"column":8},"end":{"line":169,"column":8}}]},"15":{"line":179,"type":"if","locations":[{"start":{"line":179,"column":39},"end":{"line":179,"column":39}},{"start":{"line":179,"column":39},"end":{"line":179,"column":39}}]},"16":{"line":183,"type":"if","locations":[{"start":{"line":183,"column":41},"end":{"line":183,"column":41}},{"start":{"line":183,"column":41},"end":{"line":183,"column":41}}]},"17":{"line":188,"type":"if","locations":[{"start":{"line":188,"column":58},"end":{"line":188,"column":58}},{"start":{"line":188,"column":58},"end":{"line":188,"column":58}}]},"18":{"line":195,"type":"if","locations":[{"start":{"line":195,"column":15},"end":{"line":195,"column":15}},{"start":{"line":195,"column":15},"end":{"line":195,"column":15}}]}}},
"contracts/main/BofhContractV2.sol":{"l":{"44":5,"45":5,"46":5,"47":5,"65":39,"66":39,"69":37,"70":37,"71":36,"72":36,"75":35,"76":34,"79":33,"80":122,"81":122,"85":33,"88":31,"89":31,"90":84,"91":83,"104":39,"107":30,"108":30,"118":30,"124":29,"125":76,"127":76,"136":75,"137":75,"138":75,"143":28,"146":27,"147":27,"150":27,"155":27,"163":27,"183":31,"206":10,"207":9,"210":8,"211":8,"212":7,"213":6,"214":5,"219":4,"220":4,"221":4,"224":4,"225":8,"226":8,"227":8,"234":8,"235":8,"240":4,"242":0,"255":76,"258":76,"266":76,"275":76,"279":75,"280":75,"283":75,"288":75,"289":75,"292":75,"299":75,"301":75,"303":75,"315":11,"317":9,"318":9,"319":9,"321":9,"322":17,"323":17,"330":17,"331":17,"333":17,"336":9,"337":9,"339":9,"348":93,"349":93,"355":3,"361":1},"path":"/Users/a.rocchi/Projects/Personal/BofhContract/contracts/main/BofhContractV2.sol","s":{"1":5,"2":5,"3":39,"4":39,"5":37,"6":36,"7":36,"8":35,"9":34,"10":33,"11":122,"12":33,"13":31,"14":31,"15":84,"16":39,"17":30,"18":30,"19":30,"20":29,"21":76,"22":28,"23":27,"24":27,"25":27,"26":27,"27":27,"28":31,"29":10,"30":9,"31":8,"32":8,"33":7,"34":6,"35":5,"36":4,"37":4,"38":4,"39":4,"40":4,"41":0,"42":76,"43":76,"44":76,"45":76,"46":75,"47":75,"48":75,"49":75,"50":11,"51":9,"52":9,"53":9,"54":17,"55":17,"56":9,"57":93,"58":3,"59":1},"b":{"1":[5,0],"2":[5,0],"3":[0,39],"4":[2,37],"5":[1,36],"6":[0,36],"7":[0,0],"8":[1,35],"9":[1,34],"10":[1,33],"11":[0,122],"12":[2,31],"13":[1,1],"14":[1,83],"15":[29,1],"16":[1,27],"17":[0,27],"18":[27,0],"19":[34,0],"20":[32,2],"21":[31,1],"22":[10,0],"23":[10,0],"24":[1,9],"25":[1,8],"26":[1,7],"27":[1,6],"28":[1,5],"29":[1,4],"30":[0,4],"31":[75,1],"32":[75,0],"33":[9,2],"34":[93,0]},"f":{"1":5,"2":39,"3":39,"4":31,"5":10,"6":76,"7":11,"8":93,"9":3,"10":1},"fnMap":{"1":{"name":"constructor","line":43,"loc":{"start":{"line":40,"column":4},"end":{"line":48,"column":4}}},"2":{"name":"_validateSwapInputs","line":57,"loc":{"start":{"line":57,"column":4},"end":{"line":93,"column":4}}},"3":{"name":"_executeSwap","line":96,"loc":{"start":{"line":96,"column":4},"end":{"line":164,"column":4}}},"4":{"name":"executeSwap","line":182,"loc":{"start":{"line":176,"column":4},"end":{"line":184,"column":4}}},"5":{"name":"executeMultiSwap","line":202,"loc":{"start":{"line":196,"column":4},"end":{"line":243,"column":4}}},"6":{"name":"executePathStep","line":246,"loc":{"start":{"line":246,"column":4},"end":{"line":304,"column":4}}},"7":{"name":"getOptimalPathMetrics","line":307,"loc":{"start":{"line":307,"column":4},"end":{"line":340,"column":4}}},"8":{"name":"_getPair","line":347,"loc":{"start":{"line":347,"column":4},"end":{"line":350,"column":4}}},"9":{"name":"getBaseToken","line":354,"loc":{"start":{"line":354,"column":4},"end":{"line":356,"column":4}}},"10":{"name":"getFactory","line":360,"loc":{"start":{"line":360,"column":4},"end":{"line":362,"column":4}}}},"statementMap":{"1":{"start":{"line":44,"column":8},"end":{"line":44,"column":62}},"2":{"start":{"line":45,"column":8},"end":{"line":45,"column":57}},"3":{"start":{"line":65,"column":8},"end":{"line":65,"column":49}},"4":{"start":{"line":66,"column":8},"end":{"line":66,"column":64}},"5":{"start":{"line":70,"column":8},"end":{"line":70,"column":56}},"6":{"start":{"line":71,"column":8},"end":{"line":71,"column":80}},"7":{"start":{"line":72,"column":8},"end":{"line":72,"column":70}},"8":{"start":{"line":75,"column":8},"end":{"line":75,"column":49}},"9":{"start":{"line":76,"column":8},"end":{"line":76,"column":53}},"10":{"start":{"line":79,"column":8},"end":{"line":79,"column":2502}},"11":{"start":{"line":80,"column":12},"end":{"line":80,"column":62}},"12":{"start":{"line":85,"column":8},"end":{"line":85,"column":91}},"13":{"start":{"line":88,"column":8},"end":{"line":88,"column":33}},"14":{"start":{"line":89,"column":8},"end":{"line":89,"column":2909}},"15":{"start":{"line":90,"column":12},"end":{"line":90,"column":56}},"16":{"start":{"line":104,"column":8},"end":{"line":104,"column":94}},"17":{"start":{"line":107,"column":8},"end":{"line":107,"column":42}},"18":{"start":{"line":108,"column":8},"end":{"line":108,"column":3532}},"19":{"start":{"line":118,"column":8},"end":{"line":118,"column":3860}},"20":{"start":{"line":124,"column":8},"end":{"line":124,"column":4040}},"21":{"start":{"line":125,"column":12},"end":{"line":125,"column":40}},"22":{"start":{"line":143,"column":8},"end":{"line":143,"column":75}},"23":{"start":{"line":146,"column":8},"end":{"line":146,"column":77}},"24":{"start":{"line":147,"column":8},"end":{"line":147,"column":68}},"25":{"start":{"line":150,"column":8},"end":{"line":150,"column":4823}},"26":{"start":{"line":155,"column":8},"end":{"line":155,"column":4956}},"27":{"start":{"line":163,"column":8},"end":{"line":163,"column":34}},"28":{"start":{"line":183,"column":8},"end":{"line":183,"column":73}},"29":{"start":{"line":206,"column":8},"end":{"line":206,"column":49}},"30":{"start":{"line":207,"column":8},"end":{"line":207,"column":64}},"31":{"start":{"line":210,"column":8},"end":{"line":210,"column":39}},"32":{"start":{"line":211,"column":8},"end":{"line":211,"column":54}},"33":{"start":{"line":212,"column":8},"end":{"line":212,"column":64}},"34":{"start":{"line":213,"column":8},"end":{"line":213,"column":67}},"35":{"start":{"line":214,"column":8},"end":{"line":214,"column":70}},"36":{"start":{"line":219,"column":8},"end":{"line":219,"column":58}},"37":{"start":{"line":220,"column":8},"end":{"line":220,"column":30}},"38":{"start":{"line":221,"column":8},"end":{"line":221,"column":31}},"39":{"start":{"line":224,"column":8},"end":{"line":224,"column":8197}},"40":{"start":{"line":240,"column":8},"end":{"line":240,"column":66}},"41":{"start":{"line":242,"column":8},"end":{"line":242,"column":22}},"42":{"start":{"line":255,"column":8},"end":{"line":255,"column":57}},"43":{"start":{"line":258,"column":8},"end":{"line":258,"column":9205}},"44":{"start":{"line":266,"column":8},"end":{"line":266,"column":9431}},"45":{"start":{"line":275,"column":8},"end":{"line":275,"column":77}},"46":{"start":{"line":283,"column":8},"end":{"line":283,"column":10303}},"47":{"start":{"line":289,"column":12},"end":{"line":289,"column":77}},"48":{"start":{"line":292,"column":12},"end":{"line":292,"column":10589}},"49":{"start":{"line":303,"column":8},"end":{"line":303,"column":20}},"50":{"start":{"line":315,"column":8},"end":{"line":315,"column":89}},"51":{"start":{"line":317,"column":8},"end":{"line":317,"column":44}},"52":{"start":{"line":318,"column":8},"end":{"line":318,"column":36}},"53":{"start":{"line":321,"column":8},"end":{"line":321,"column":11515}},"54":{"start":{"line":322,"column":12},"end":{"line":322,"column":64}},"55":{"start":{"line":323,"column":12},"end":{"line":323,"column":11637}},"56":{"start":{"line":339,"column":8},"end":{"line":339,"column":61}},"57":{"start":{"line":349,"column":8},"end":{"line":349,"column":57}},"58":{"start":{"line":355,"column":8},"end":{"line":355,"column":24}},"59":{"start":{"line":361,"column":8},"end":{"line":361,"column":22}}},"branchMap":{"1":{"line":44,"type":"if","locations":[{"start":{"line":44,"column":8},"end":{"line":44,"column":8}},{"start":{"line":44,"column":8},"end":{"line":44,"column":8}}]},"2":{"line":45,"type":"if","locations":[{"start":{"line":45,"column":8},"end":{"line":45,"column":8}},{"start":{"line":45,"column":8},"end":{"line":45,"column":8}}]},"3":{"line":65,"type":"if","locations":[{"start":{"line":65,"column":8},"end":{"line":65,"column":8}},{"start":{"line":65,"column":8},"end":{"line":65,"column":8}}]},"4":{"line":66,"type":"if","locations":[{"start":{"line":66,"column":8},"end":{"line":66,"column":8}},{"start":{"line":66,"column":8},"end":{"line":66,"column":8}}]},"5":{"line":70,"type":"if","locations":[{"start":{"line":70,"column":8},"end":{"line":70,"column":8}},{"start":{"line":70,"column":8},"end":{"line":70,"column":8}}]},"6":{"line":71,"type":"if","locations":[{"start":{"line":71,"column":8},"end":{"line":71,"column":8}},{"start":{"line":71,"column":8},"end":{"line":71,"column":8}}]},"7":{"line":71,"type":"cond-expr","locations":[{"start":{"line":71,"column":12},"end":{"line":71,"column":25}},{"start":{"line":71,"column":30},"end":{"line":71,"column":57}}]},"8":{"line":72,"type":"if","locations":[{"start":{"line":72,"column":8},"end":{"line":72,"column":8}},{"start":{"line":72,"column":8},"end":{"line":72,"column":8}}]},"9":{"line":75,"type":"if","locations":[{"start":{"line":75,"column":8},"end":{"line":75,"column":8}},{"start":{"line":75,"column":8},"end":{"line":75,"column":8}}]},"10":{"line":76,"type":"if","locations":[{"start":{"line":76,"column":8},"end":{"line":76,"column":8}},{"start":{"line":76,"column":8},"end":{"line":76,"column":8}}]},"11":{"line":80,"type":"if","locations":[{"start":{"line":80,"column":12},"end":{"line":80,"column":12}},{"start":{"line":80,"column":12},"end":{"line":80,"column":12}}]},"12":{"line":85,"type":"if","locations":[{"start":{"line":85,"column":8},"end":{"line":85,"column":8}},{"start":{"line":85,"column":8},"end":{"line":85,"column":8}}]},"13":{"line":85,"type":"cond-expr","locations":[{"start":{"line":85,"column":12},"end":{"line":85,"column":31}},{"start":{"line":85,"column":36},"end":{"line":85,"column":68}}]},"14":{"line":90,"type":"if","locations":[{"start":{"line":90,"column":12},"end":{"line":90,"column":12}},{"start":{"line":90,"column":12},"end":{"line":90,"column":12}}]},"15":{"line":118,"type":"if","locations":[{"start":{"line":118,"column":8},"end":{"line":118,"column":8}},{"start":{"line":118,"column":8},"end":{"line":118,"column":8}}]},"16":{"line":143,"type":"if","locations":[{"start":{"line":143,"column":8},"end":{"line":143,"column":8}},{"start":{"line":143,"column":8},"end":{"line":143,"column":8}}]},"17":{"line":147,"type":"if","locations":[{"start":{"line":147,"column":8},"end":{"line":147,"column":8}},{"start":{"line":147,"column":8},"end":{"line":147,"column":8}}]},"18":{"line":150,"type":"if","locations":[{"start":{"line":150,"column":8},"end":{"line":150,"column":8}},{"start":{"line":150,"column":8},"end":{"line":150,"column":8}}]},"19":{"line":182,"type":"if","locations":[{"start":{"line":182,"column":24},"end":{"line":182,"column":24}},{"start":{"line":182,"column":24},"end":{"line":182,"column":24}}]},"20":{"line":182,"type":"if","locations":[{"start":{"line":182,"column":37},"end":{"line":182,"column":37}},{"start":{"line":182,"column":37},"end":{"line":182,"column":37}}]},"21":{"line":182,"type":"if","locations":[{"start":{"line":182,"column":51},"end":{"line":182,"column":51}},{"start":{"line":182,"column":51},"end":{"line":182,"column":51}}]},"22":{"line":202,"type":"if","locations":[{"start":{"line":202,"column":24},"end":{"line":202,"column":24}},{"start":{"line":202,"column":24},"end":{"line":202,"column":24}}]},"23":{"line":202,"type":"if","locations":[{"start":{"line":202,"column":37},"end":{"line":202,"column":37}},{"start":{"line":202,"column":37},"end":{"line":202,"column":37}}]},"24":{"line":206,"type":"if","locations":[{"start":{"line":206,"column":8},"end":{"line":206,"column":8}},{"start":{"line":206,"column":8},"end":{"line":206,"column":8}}]},"25":{"line":207,"type":"if","locations":[{"start":{"line":207,"column":8},"end":{"line":207,"column":8}},{"start":{"line":207,"column":8},"end":{"line":207,"column":8}}]},"26":{"line":211,"type":"if","locations":[{"start":{"line":211,"column":8},"end":{"line":211,"column":8}},{"start":{"line":211,"column":8},"end":{"line":211,"column":8}}]},"27":{"line":212,"type":"if","locations":[{"start":{"line":212,"column":8},"end":{"line":212,"column":8}},{"start":{"line":212,"column":8},"end":{"line":212,"column":8}}]},"28":{"line":213,"type":"if","locations":[{"start":{"line":213,"column":8},"end":{"line":213,"column":8}},{"start":{"line":213,"column":8},"end":{"line":213,"column":8}}]},"29":{"line":214,"type":"if","locations":[{"start":{"line":214,"column":8},"end":{"line":214,"column":8}},{"start":{"line":214,"column":8},"end":{"line":214,"column":8}}]},"30":{"line":240,"type":"if","locations":[{"start":{"line":240,"column":8},"end":{"line":240,"column":8}},{"start":{"line":240,"column":8},"end":{"line":240,"column":8}}]},"31":{"line":275,"type":"if","locations":[{"start":{"line":275,"column":8},"end":{"line":275,"column":8}},{"start":{"line":275,"column":8},"end":{"line":275,"column":8}}]},"32":{"line":283,"type":"if","locations":[{"start":{"line":283,"column":8},"end":{"line":283,"column":8}},{"start":{"line":283,"column":8},"end":{"line":283,"column":8}}]},"33":{"line":315,"type":"if","locations":[{"start":{"line":315,"column":8},"end":{"line":315,"column":8}},{"start":{"line":315,"column":8},"end":{"line":315,"column":8}}]},"34":{"line":349,"type":"if","locations":[{"start":{"line":349,"column":8},"end":{"line":349,"column":8}},{"start":{"line":349,"column":8},"end":{"line":349,"column":8}}]}}},
"contracts/mocks/MathLibTest.sol":{"l":{"12":13,"16":10,"20":8,"24":5,"28":5,"36":12},"path":"/Users/a.rocchi/Projects/Personal/BofhContract/contracts/mocks/MathLibTest.sol","s":{"1":13,"2":10,"3":8,"4":5,"5":5,"6":12},"b":{},"f":{"1":13,"2":10,"3":8,"4":5,"5":5,"6":12},"fnMap":{"1":{"name":"testSqrt","line":11,"loc":{"start":{"line":11,"column":4},"end":{"line":13,"column":4}}},"2":{"name":"testCbrt","line":15,"loc":{"start":{"line":15,"column":4},"end":{"line":17,"column":4}}},"3":{"name":"testGeometricMean","line":19,"loc":{"start":{"line":19,"column":4},"end":{"line":21,"column":4}}},"4":{"name":"testLog2","line":23,"loc":{"start":{"line":23,"column":4},"end":{"line":25,"column":4}}},"5":{"name":"testExp2","line":27,"loc":{"start":{"line":27,"column":4},"end":{"line":29,"column":4}}},"6":{"name":"testCalculateOptimalAmount","line":31,"loc":{"start":{"line":31,"column":4},"end":{"line":37,"column":4}}}},"statementMap":{"1":{"start":{"line":12,"column":8},"end":{"line":12,"column":30}},"2":{"start":{"line":16,"column":8},"end":{"line":16,"column":30}},"3":{"start":{"line":20,"column":8},"end":{"line":20,"column":42}},"4":{"start":{"line":24,"column":8},"end":{"line":24,"column":30}},"5":{"start":{"line":28,"column":8},"end":{"line":28,"column":30}},"6":{"start":{"line":36,"column":8},"end":{"line":36,"column":75}}},"branchMap":{}},
"contracts/mocks/MockFactory.sol":{"l":{"21":22,"22":22,"25":22,"26":22,"29":22,"33":22,"34":22,"39":22,"40":22,"41":22,"43":22,"47":0,"55":0,"58":0,"59":0,"67":0},"path":"/Users/a.rocchi/Projects/Personal/BofhContract/contracts/mocks/MockFactory.sol","s":{"1":22,"2":22,"3":22,"4":22,"5":22,"6":22,"7":22,"8":22,"9":0,"10":0,"11":0,"12":0,"13":0},"b":{"1":[22,0],"2":[10,12],"3":[22,0],"4":[22,0],"5":[0,0]},"f":{"1":22,"2":0,"3":0},"fnMap":{"1":{"name":"createPair","line":17,"loc":{"start":{"line":17,"column":4},"end":{"line":44,"column":4}}},"2":{"name":"allPairsLength","line":46,"loc":{"start":{"line":46,"column":4},"end":{"line":48,"column":4}}},"3":{"name":"computePairAddress","line":51,"loc":{"start":{"line":51,"column":4},"end":{"line":68,"column":4}}}},"statementMap":{"1":{"start":{"line":21,"column":8},"end":{"line":21,"column":55}},"2":{"start":{"line":22,"column":8},"end":{"line":22,"column":565}},"3":{"start":{"line":25,"column":8},"end":{"line":25,"column":52}},"4":{"start":{"line":26,"column":8},"end":{"line":26,"column":68}},"5":{"start":{"line":29,"column":8},"end":{"line":29,"column":866}},"6":{"start":{"line":33,"column":8},"end":{"line":33,"column":66}},"7":{"start":{"line":41,"column":8},"end":{"line":41,"column":26}},"8":{"start":{"line":43,"column":8},"end":{"line":43,"column":63}},"9":{"start":{"line":47,"column":8},"end":{"line":47,"column":30}},"10":{"start":{"line":55,"column":8},"end":{"line":55,"column":1733}},"11":{"start":{"line":58,"column":8},"end":{"line":58,"column":66}},"12":{"start":{"line":59,"column":8},"end":{"line":59,"column":1904}},"13":{"start":{"line":67,"column":8},"end":{"line":67,"column":46}}},"branchMap":{"1":{"line":21,"type":"if","locations":[{"start":{"line":21,"column":8},"end":{"line":21,"column":8}},{"start":{"line":21,"column":8},"end":{"line":21,"column":8}}]},"2":{"line":23,"type":"if","locations":[{"start":{"line":23,"column":14},"end":{"line":23,"column":29}},{"start":{"line":24,"column":14},"end":{"line":24,"column":29}}]},"3":{"line":25,"type":"if","locations":[{"start":{"line":25,"column":8},"end":{"line":25,"column":8}},{"start":{"line":25,"column":8},"end":{"line":25,"column":8}}]},"4":{"line":26,"type":"if","locations":[{"start":{"line":26,"column":8},"end":{"line":26,"column":8}},{"start":{"line":26,"column":8},"end":{"line":26,"column":8}}]},"5":{"line":56,"type":"if","locations":[{"start":{"line":56,"column":14},"end":{"line":56,"column":29}},{"start":{"line":57,"column":14},"end":{"line":57,"column":29}}]}}},
"contracts/mocks/MockPair.sol":{"l":{"30":22,"31":22,"34":22,"44":175,"45":175,"46":175,"50":4,"51":4,"52":4,"53":4,"54":4,"56":4,"57":4,"58":4,"59":4,"61":0,"67":4,"68":4,"70":4,"71":4,"75":0,"76":0,"77":0,"78":0,"80":0,"81":0,"82":0,"83":0,"85":0,"86":0,"87":0,"88":0,"89":0,"91":0,"92":0,"101":75,"102":75,"103":75,"105":75,"106":75,"107":75,"108":75,"109":75,"110":75,"111":75,"112":75,"113":75,"116":75,"117":75,"118":75,"120":75,"121":75,"122":75,"123":75,"129":75,"130":75,"134":18,"148":97,"149":97,"150":97,"151":97,"152":97,"153":97,"161":8,"162":8,"166":0,"167":0,"177":0,"181":4,"182":4,"183":4,"184":4,"185":300,"186":300,"189":0},"path":"/Users/a.rocchi/Projects/Personal/BofhContract/contracts/mocks/MockPair.sol","s":{"1":22,"2":22,"3":4,"4":4,"5":4,"6":4,"7":4,"8":4,"9":4,"10":4,"11":4,"12":4,"13":4,"14":4,"15":0,"16":0,"17":0,"18":0,"19":0,"20":0,"21":0,"22":0,"23":0,"24":0,"25":0,"26":75,"27":75,"28":75,"29":75,"30":75,"31":75,"32":75,"33":35,"34":75,"35":40,"36":75,"37":0,"38":75,"39":75,"40":75,"41":75,"42":75,"43":75,"44":75,"45":75,"46":18,"47":97,"48":97,"49":97,"50":4,"51":4,"52":4,"53":0},"b":{"1":[22,0],"2":[22,0],"3":[22,0],"4":[4,0],"5":[4,0],"6":[0,0],"7":[75,0],"8":[35,40],"9":[75,0],"10":[75,0],"11":[35,40],"12":[40,35],"13":[0,75],"14":[40,35],"15":[35,40],"16":[75,0],"17":[40,35],"18":[75,0],"19":[97,0],"20":[0,0],"21":[4,0],"22":[0,0]},"f":{"1":22,"2":175,"3":4,"4":0,"5":75,"6":18,"7":97,"8":8,"9":0,"10":0,"11":4},"fnMap":{"1":{"name":"constructor","line":29,"loc":{"start":{"line":29,"column":4},"end":{"line":37,"column":4}}},"2":{"name":"getReserves","line":39,"loc":{"start":{"line":39,"column":4},"end":{"line":47,"column":4}}},"3":{"name":"mint","line":49,"loc":{"start":{"line":49,"column":4},"end":{"line":72,"column":4}}},"4":{"name":"burn","line":74,"loc":{"start":{"line":74,"column":4},"end":{"line":93,"column":4}}},"5":{"name":"swap","line":95,"loc":{"start":{"line":95,"column":4},"end":{"line":131,"column":4}}},"6":{"name":"sync","line":133,"loc":{"start":{"line":133,"column":4},"end":{"line":140,"column":4}}},"7":{"name":"_update","line":142,"loc":{"start":{"line":142,"column":4},"end":{"line":154,"column":4}}},"8":{"name":"_mint","line":160,"loc":{"start":{"line":160,"column":4},"end":{"line":163,"column":4}}},"9":{"name":"_burn","line":165,"loc":{"start":{"line":165,"column":4},"end":{"line":168,"column":4}}},"10":{"name":"min","line":176,"loc":{"start":{"line":176,"column":4},"end":{"line":178,"column":4}}},"11":{"name":"sqrt","line":180,"loc":{"start":{"line":180,"column":4},"end":{"line":191,"column":4}}}},"statementMap":{"1":{"start":{"line":30,"column":8},"end":{"line":30,"column":87}},"2":{"start":{"line":31,"column":8},"end":{"line":31,"column":57}},"3":{"start":{"line":50,"column":8},"end":{"line":50,"column":63}},"4":{"start":{"line":51,"column":8},"end":{"line":51,"column":69}},"5":{"start":{"line":52,"column":8},"end":{"line":52,"column":69}},"6":{"start":{"line":53,"column":8},"end":{"line":53,"column":46}},"7":{"start":{"line":54,"column":8},"end":{"line":54,"column":46}},"8":{"start":{"line":56,"column":8},"end":{"line":56,"column":42}},"9":{"start":{"line":57,"column":8},"end":{"line":57,"column":1909}},"10":{"start":{"line":59,"column":12},"end":{"line":59,"column":47}},"11":{"start":{"line":67,"column":8},"end":{"line":67,"column":62}},"12":{"start":{"line":68,"column":8},"end":{"line":68,"column":27}},"13":{"start":{"line":70,"column":8},"end":{"line":70,"column":56}},"14":{"start":{"line":71,"column":8},"end":{"line":71,"column":47}},"15":{"start":{"line":75,"column":8},"end":{"line":75,"column":63}},"16":{"start":{"line":76,"column":8},"end":{"line":76,"column":69}},"17":{"start":{"line":77,"column":8},"end":{"line":77,"column":69}},"18":{"start":{"line":78,"column":8},"end":{"line":78,"column":52}},"19":{"start":{"line":80,"column":8},"end":{"line":80,"column":42}},"20":{"start":{"line":83,"column":8},"end":{"line":83,"column":75}},"21":{"start":{"line":85,"column":8},"end":{"line":85,"column":38}},"22":{"start":{"line":86,"column":8},"end":{"line":86,"column":46}},"23":{"start":{"line":87,"column":8},"end":{"line":87,"column":46}},"24":{"start":{"line":91,"column":8},"end":{"line":91,"column":56}},"25":{"start":{"line":92,"column":8},"end":{"line":92,"column":51}},"26":{"start":{"line":101,"column":8},"end":{"line":101,"column":78}},"27":{"start":{"line":102,"column":8},"end":{"line":102,"column":63}},"28":{"start":{"line":103,"column":8},"end":{"line":103,"column":90}},"29":{"start":{"line":105,"column":8},"end":{"line":105,"column":24}},"30":{"start":{"line":106,"column":8},"end":{"line":106,"column":24}},"31":{"start":{"line":108,"column":12},"end":{"line":108,"column":62}},"32":{"start":{"line":109,"column":12},"end":{"line":109,"column":74}},"33":{"start":{"line":109,"column":32},"end":{"line":109,"column":73}},"34":{"start":{"line":110,"column":12},"end":{"line":110,"column":74}},"35":{"start":{"line":110,"column":32},"end":{"line":110,"column":73}},"36":{"start":{"line":111,"column":12},"end":{"line":111,"column":109}},"37":{"start":{"line":111,"column":33},"end":{"line":111,"column":108}},"38":{"start":{"line":116,"column":8},"end":{"line":116,"column":103}},"39":{"start":{"line":117,"column":8},"end":{"line":117,"column":103}},"40":{"start":{"line":118,"column":8},"end":{"line":118,"column":75}},"41":{"start":{"line":121,"column":12},"end":{"line":121,"column":89}},"42":{"start":{"line":122,"column":12},"end":{"line":122,"column":89}},"43":{"start":{"line":123,"column":12},"end":{"line":123,"column":4960}},"44":{"start":{"line":129,"column":8},"end":{"line":129,"column":56}},"45":{"start":{"line":130,"column":8},"end":{"line":130,"column":79}},"46":{"start":{"line":134,"column":8},"end":{"line":134,"column":5328}},"47":{"start":{"line":148,"column":8},"end":{"line":148,"column":90}},"48":{"start":{"line":149,"column":8},"end":{"line":149,"column":63}},"49":{"start":{"line":153,"column":8},"end":{"line":153,"column":37}},"50":{"start":{"line":181,"column":8},"end":{"line":181,"column":6702}},"51":{"start":{"line":183,"column":12},"end":{"line":183,"column":33}},"52":{"start":{"line":184,"column":12},"end":{"line":184,"column":6785}},"53":{"start":{"line":188,"column":15},"end":{"line":188,"column":6886}}},"branchMap":{"1":{"line":30,"type":"if","locations":[{"start":{"line":30,"column":8},"end":{"line":30,"column":8}},{"start":{"line":30,"column":8},"end":{"line":30,"column":8}}]},"2":{"line":31,"type":"if","locations":[{"start":{"line":31,"column":8},"end":{"line":31,"column":8}},{"start":{"line":31,"column":8},"end":{"line":31,"column":8}}]},"3":{"line":35,"type":"if","locations":[{"start":{"line":35,"column":14},"end":{"line":35,"column":31}},{"start":{"line":36,"column":14},"end":{"line":36,"column":31}}]},"4":{"line":57,"type":"if","locations":[{"start":{"line":57,"column":8},"end":{"line":57,"column":8}},{"start":{"line":57,"column":8},"end":{"line":57,"column":8}}]},"5":{"line":67,"type":"if","locations":[{"start":{"line":67,"column":8},"end":{"line":67,"column":8}},{"start":{"line":67,"column":8},"end":{"line":67,"column":8}}]},"6":{"line":83,"type":"if","locations":[{"start":{"line":83,"column":8},"end":{"line":83,"column":8}},{"start":{"line":83,"column":8},"end":{"line":83,"column":8}}]},"7":{"line":101,"type":"if","locations":[{"start":{"line":101,"column":8},"end":{"line":101,"column":8}},{"start":{"line":101,"column":8},"end":{"line":101,"column":8}}]},"8":{"line":101,"type":"cond-expr","locations":[{"start":{"line":101,"column":16},"end":{"line":101,"column":29}},{"start":{"line":101,"column":34},"end":{"line":101,"column":47}}]},"9":{"line":103,"type":"if","locations":[{"start":{"line":103,"column":8},"end":{"line":103,"column":8}},{"start":{"line":103,"column":8},"end":{"line":103,"column":8}}]},"10":{"line":108,"type":"if","locations":[{"start":{"line":108,"column":12},"end":{"line":108,"column":12}},{"start":{"line":108,"column":12},"end":{"line":108,"column":12}}]},"11":{"line":109,"type":"if","locations":[{"start":{"line":109,"column":12},"end":{"line":109,"column":12}},{"start":{"line":109,"column":12},"end":{"line":109,"column":12}}]},"12":{"line":110,"type":"if","locations":[{"start":{"line":110,"column":12},"end":{"line":110,"column":12}},{"start":{"line":110,"column":12},"end":{"line":110,"column":12}}]},"13":{"line":111,"type":"if","locations":[{"start":{"line":111,"column":12},"end":{"line":111,"column":12}},{"start":{"line":111,"column":12},"end":{"line":111,"column":12}}]},"14":{"line":116,"type":"if","locations":[{"start":{"line":116,"column":64},"end":{"line":116,"column":98}},{"start":{"line":116,"column":102},"end":{"line":116,"column":102}}]},"15":{"line":117,"type":"if","locations":[{"start":{"line":117,"column":64},"end":{"line":117,"column":98}},{"start":{"line":117,"column":102},"end":{"line":117,"column":102}}]},"16":{"line":118,"type":"if","locations":[{"start":{"line":118,"column":8},"end":{"line":118,"column":8}},{"start":{"line":118,"column":8},"end":{"line":118,"column":8}}]},"17":{"line":118,"type":"cond-expr","locations":[{"start":{"line":118,"column":16},"end":{"line":118,"column":28}},{"start":{"line":118,"column":33},"end":{"line":118,"column":45}}]},"18":{"line":123,"type":"if","locations":[{"start":{"line":123,"column":12},"end":{"line":123,"column":12}},{"start":{"line":123,"column":12},"end":{"line":123,"column":12}}]},"19":{"line":148,"type":"if","locations":[{"start":{"line":148,"column":8},"end":{"line":148,"column":8}},{"start":{"line":148,"column":8},"end":{"line":148,"column":8}}]},"20":{"line":177,"type":"if","locations":[{"start":{"line":177,"column":20},"end":{"line":177,"column":20}},{"start":{"line":177,"column":24},"end":{"line":177,"column":24}}]},"21":{"line":181,"type":"if","locations":[{"start":{"line":181,"column":8},"end":{"line":181,"column":8}},{"start":{"line":181,"column":8},"end":{"line":181,"column":8}}]},"22":{"line":188,"type":"if","locations":[{"start":{"line":188,"column":15},"end":{"line":188,"column":15}},{"start":{"line":188,"column":15},"end":{"line":188,"column":15}}]}}},
"contracts/mocks/MockToken.sol":{"l":{"21":21,"22":21,"23":21,"24":21,"25":21,"29":348,"33":228,"34":228,"35":228,"36":228,"40":0,"44":17,"45":17,"46":17,"54":30,"55":30,"56":30,"57":29,"58":29,"62":0,"63":0,"64":0,"68":0,"69":0,"70":0,"71":0,"72":0,"74":0,"78":0,"79":0,"80":0,"81":0,"83":0,"87":0,"88":0,"89":0,"90":0,"91":0,"93":0,"101":257,"102":257,"103":257,"104":257,"106":257,"114":17,"115":17,"116":17,"124":30,"125":30,"126":1,"127":0,"128":0},"path":"/Users/a.rocchi/Projects/Personal/BofhContract/contracts/mocks/MockToken.sol","s":{"1":21,"2":348,"3":228,"4":228,"5":228,"6":228,"7":0,"8":17,"9":17,"10":17,"11":30,"12":30,"13":30,"14":29,"15":29,"16":0,"17":0,"18":0,"19":0,"20":0,"21":0,"22":0,"23":0,"24":0,"25":0,"26":0,"27":0,"28":0,"29":257,"30":257,"31":17,"32":17,"33":30,"34":30,"35":1,"36":0},"b":{"1":[228,0],"2":[30,0],"3":[0,0],"4":[0,0],"5":[0,0],"6":[0,0],"7":[257,0],"8":[17,0],"9":[1,29],"10":[0,1]},"f":{"1":21,"2":348,"3":228,"4":0,"5":17,"6":30,"7":0,"8":0,"9":0,"10":0,"11":257,"12":17,"13":30},"fnMap":{"1":{"name":"constructor","line":16,"loc":{"start":{"line":16,"column":4},"end":{"line":26,"column":4}}},"2":{"name":"balanceOf","line":28,"loc":{"start":{"line":28,"column":4},"end":{"line":30,"column":4}}},"3":{"name":"transfer","line":32,"loc":{"start":{"line":32,"column":4},"end":{"line":37,"column":4}}},"4":{"name":"allowance","line":39,"loc":{"start":{"line":39,"column":4},"end":{"line":41,"column":4}}},"5":{"name":"approve","line":43,"loc":{"start":{"line":43,"column":4},"end":{"line":47,"column":4}}},"6":{"name":"transferFrom","line":49,"loc":{"start":{"line":49,"column":4},"end":{"line":59,"column":4}}},"7":{"name":"increaseAllowance","line":61,"loc":{"start":{"line":61,"column":4},"end":{"line":65,"column":4}}},"8":{"name":"decreaseAllowance","line":67,"loc":{"start":{"line":67,"column":4},"end":{"line":75,"column":4}}},"9":{"name":"mint","line":77,"loc":{"start":{"line":77,"column":4},"end":{"line":84,"column":4}}},"10":{"name":"burn","line":86,"loc":{"start":{"line":86,"column":4},"end":{"line":94,"column":4}}},"11":{"name":"_transfer","line":96,"loc":{"start":{"line":96,"column":4},"end":{"line":107,"column":4}}},"12":{"name":"_approve","line":109,"loc":{"start":{"line":109,"column":4},"end":{"line":117,"column":4}}},"13":{"name":"_spendAllowance","line":119,"loc":{"start":{"line":119,"column":4},"end":{"line":131,"column":4}}}},"statementMap":{"1":{"start":{"line":25,"column":8},"end":{"line":25,"column":61}},"2":{"start":{"line":29,"column":8},"end":{"line":29,"column":32}},"3":{"start":{"line":33,"column":8},"end":{"line":33,"column":60}},"4":{"start":{"line":34,"column":8},"end":{"line":34,"column":34}},"5":{"start":{"line":35,"column":8},"end":{"line":35,"column":35}},"6":{"start":{"line":36,"column":8},"end":{"line":36,"column":19}},"7":{"start":{"line":40,"column":8},"end":{"line":40,"column":41}},"8":{"start":{"line":44,"column":8},"end":{"line":44,"column":34}},"9":{"start":{"line":45,"column":8},"end":{"line":45,"column":39}},"10":{"start":{"line":46,"column":8},"end":{"line":46,"column":19}},"11":{"start":{"line":54,"column":8},"end":{"line":54,"column":60}},"12":{"start":{"line":55,"column":8},"end":{"line":55,"column":36}},"13":{"start":{"line":56,"column":8},"end":{"line":56,"column":45}},"14":{"start":{"line":57,"column":8},"end":{"line":57,"column":34}},"15":{"start":{"line":58,"column":8},"end":{"line":58,"column":19}},"16":{"start":{"line":62,"column":8},"end":{"line":62,"column":34}},"17":{"start":{"line":63,"column":8},"end":{"line":63,"column":72}},"18":{"start":{"line":64,"column":8},"end":{"line":64,"column":19}},"19":{"start":{"line":68,"column":8},"end":{"line":68,"column":34}},"20":{"start":{"line":69,"column":8},"end":{"line":69,"column":61}},"21":{"start":{"line":70,"column":8},"end":{"line":70,"column":75}},"22":{"start":{"line":72,"column":12},"end":{"line":72,"column":71}},"23":{"start":{"line":74,"column":8},"end":{"line":74,"column":19}},"24":{"start":{"line":78,"column":8},"end":{"line":78,"column":56}},"25":{"start":{"line":83,"column":8},"end":{"line":83,"column":45}},"26":{"start":{"line":87,"column":8},"end":{"line":87,"column":60}},"27":{"start":{"line":88,"column":8},"end":{"line":88,"column":71}},"28":{"start":{"line":93,"column":8},"end":{"line":93,"column":47}},"29":{"start":{"line":101,"column":8},"end":{"line":101,"column":75}},"30":{"start":{"line":106,"column":8},"end":{"line":106,"column":39}},"31":{"start":{"line":114,"column":8},"end":{"line":114,"column":64}},"32":{"start":{"line":116,"column":8},"end":{"line":116,"column":45}},"33":{"start":{"line":124,"column":8},"end":{"line":124,"column":61}},"34":{"start":{"line":125,"column":8},"end":{"line":125,"column":3967}},"35":{"start":{"line":126,"column":12},"end":{"line":126,"column":72}},"36":{"start":{"line":128,"column":16},"end":{"line":128,"column":66}}},"branchMap":{"1":{"line":33,"type":"if","locations":[{"start":{"line":33,"column":8},"end":{"line":33,"column":8}},{"start":{"line":33,"column":8},"end":{"line":33,"column":8}}]},"2":{"line":54,"type":"if","locations":[{"start":{"line":54,"column":8},"end":{"line":54,"column":8}},{"start":{"line":54,"column":8},"end":{"line":54,"column":8}}]},"3":{"line":70,"type":"if","locations":[{"start":{"line":70,"column":8},"end":{"line":70,"column":8}},{"start":{"line":70,"column":8},"end":{"line":70,"column":8}}]},"4":{"line":78,"type":"if","locations":[{"start":{"line":78,"column":8},"end":{"line":78,"column":8}},{"start":{"line":78,"column":8},"end":{"line":78,"column":8}}]},"5":{"line":87,"type":"if","locations":[{"start":{"line":87,"column":8},"end":{"line":87,"column":8}},{"start":{"line":87,"column":8},"end":{"line":87,"column":8}}]},"6":{"line":88,"type":"if","locations":[{"start":{"line":88,"column":8},"end":{"line":88,"column":8}},{"start":{"line":88,"column":8},"end":{"line":88,"column":8}}]},"7":{"line":101,"type":"if","locations":[{"start":{"line":101,"column":8},"end":{"line":101,"column":8}},{"start":{"line":101,"column":8},"end":{"line":101,"column":8}}]},"8":{"line":114,"type":"if","locations":[{"start":{"line":114,"column":8},"end":{"line":114,"column":8}},{"start":{"line":114,"column":8},"end":{"line":114,"column":8}}]},"9":{"line":125,"type":"if","locations":[{"start":{"line":125,"column":8},"end":{"line":125,"column":8}},{"start":{"line":125,"column":8},"end":{"line":125,"column":8}}]},"10":{"line":126,"type":"if","locations":[{"start":{"line":126,"column":12},"end":{"line":126,"column":12}},{"start":{"line":126,"column":12},"end":{"line":126,"column":12}}]}}},
"contracts/mocks/PoolLibTest.sol":{"l":{"15":4,"23":3,"32":3,"39":1,"46":7},"path":"/Users/a.rocchi/Projects/Personal/BofhContract/contracts/mocks/PoolLibTest.sol","s":{"1":4,"2":3,"3":3,"4":1,"5":7},"b":{},"f":{"1":4,"2":3,"3":3,"4":1,"5":7},"fnMap":{"1":{"name":"testCalculatePriceImpact","line":11,"loc":{"start":{"line":11,"column":4},"end":{"line":16,"column":4}}},"2":{"name":"testCalculateVolatility","line":18,"loc":{"start":{"line":18,"column":4},"end":{"line":24,"column":4}}},"3":{"name":"testAnalyzePool","line":26,"loc":{"start":{"line":26,"column":4},"end":{"line":33,"column":4}}},"4":{"name":"testCalculateOptimalSwapAmount","line":35,"loc":{"start":{"line":35,"column":4},"end":{"line":40,"column":4}}},"5":{"name":"testValidateSwap","line":42,"loc":{"start":{"line":42,"column":4},"end":{"line":47,"column":4}}}},"statementMap":{"1":{"start":{"line":15,"column":8},"end":{"line":15,"column":59}},"2":{"start":{"line":23,"column":8},"end":{"line":23,"column":81}},"3":{"start":{"line":32,"column":8},"end":{"line":32,"column":70}},"4":{"start":{"line":39,"column":8},"end":{"line":39,"column":63}},"5":{"start":{"line":46,"column":8},"end":{"line":46,"column":49}}},"branchMap":{}},
"contracts/mocks/SecurityLibTest.sol":{"l":{"22":1,"23":1,"24":1,"28":4,"32":0,"36":2,"40":0,"44":5,"48":1,"52":2,"56":3,"60":4,"64":1,"71":3,"75":0,"79":3,"87":3,"91":0,"95":0,"100":0,"104":0,"108":0},"path":"/Users/a.rocchi/Projects/Personal/BofhContract/contracts/mocks/SecurityLibTest.sol","s":{"1":4,"2":0,"3":2,"4":0,"5":5,"6":1,"7":2,"8":3,"9":4,"10":1,"11":3,"12":0,"13":3,"14":3,"15":0,"16":0,"17":0,"18":0,"19":0},"b":{},"f":{"1":1,"2":4,"3":0,"4":2,"5":0,"6":5,"7":1,"8":2,"9":3,"10":4,"11":1,"12":3,"13":0,"14":3,"15":3,"16":0,"17":0,"18":0,"19":0,"20":0},"fnMap":{"1":{"name":"constructor","line":21,"loc":{"start":{"line":21,"column":4},"end":{"line":25,"column":4}}},"2":{"name":"testCheckOwner","line":27,"loc":{"start":{"line":27,"column":4},"end":{"line":29,"column":4}}},"3":{"name":"testCheckOperator","line":31,"loc":{"start":{"line":31,"column":4},"end":{"line":33,"column":4}}},"4":{"name":"testCheckNotPaused","line":35,"loc":{"start":{"line":35,"column":4},"end":{"line":37,"column":4}}},"5":{"name":"testCheckNotLocked","line":39,"loc":{"start":{"line":39,"column":4},"end":{"line":41,"column":4}}},"6":{"name":"testEnterProtectedSection","line":43,"loc":{"start":{"line":43,"column":4},"end":{"line":45,"column":4}}},"7":{"name":"testExitProtectedSection","line":47,"loc":{"start":{"line":47,"column":4},"end":{"line":49,"column":4}}},"8":{"name":"testTransferOwnership","line":51,"loc":{"start":{"line":51,"column":4},"end":{"line":53,"column":4}}},"9":{"name":"testSetOperator","line":55,"loc":{"start":{"line":55,"column":4},"end":{"line":57,"column":4}}},"10":{"name":"testEmergencyPause","line":59,"loc":{"start":{"line":59,"column":4},"end":{"line":61,"column":4}}},"11":{"name":"testEmergencyUnpause","line":63,"loc":{"start":{"line":63,"column":4},"end":{"line":65,"column":4}}},"12":{"name":"testCheckRateLimit","line":67,"loc":{"start":{"line":67,"column":4},"end":{"line":72,"column":4}}},"13":{"name":"testSetFunctionCooldown","line":74,"loc":{"start":{"line":74,"column":4},"end":{"line":76,"column":4}}},"14":{"name":"testValidateDeadline","line":78,"loc":{"start":{"line":78,"column":4},"end":{"line":80,"column":4}}},"15":{"name":"testCheckValueBounds","line":82,"loc":{"start":{"line":82,"column":4},"end":{"line":88,"column":4}}},"16":{"name":"testValidateAddress","line":90,"loc":{"start":{"line":90,"column":4},"end":{"line":92,"column":4}}},"17":{"name":"testEnsureNotContract","line":94,"loc":{"start":{"line":94,"column":4},"end":{"line":96,"column":4}}},"18":{"name":"getOwner","line":99,"loc":{"start":{"line":99,"column":4},"end":{"line":101,"column":4}}},"19":{"name":"isPaused","line":103,"loc":{"start":{"line":103,"column":4},"end":{"line":105,"column":4}}},"20":{"name":"isLocked","line":107,"loc":{"start":{"line":107,"column":4},"end":{"line":109,"column":4}}}},"statementMap":{"1":{"start":{"line":28,"column":8},"end":{"line":28,"column":33}},"2":{"start":{"line":32,"column":8},"end":{"line":32,"column":36}},"3":{"start":{"line":36,"column":8},"end":{"line":36,"column":37}},"4":{"start":{"line":40,"column":8},"end":{"line":40,"column":37}},"5":{"start":{"line":44,"column":8},"end":{"line":44,"column":51}},"6":{"start":{"line":48,"column":8},"end":{"line":48,"column":43}},"7":{"start":{"line":52,"column":8},"end":{"line":52,"column":48}},"8":{"start":{"line":56,"column":8},"end":{"line":56,"column":50}},"9":{"start":{"line":60,"column":8},"end":{"line":60,"column":37}},"10":{"start":{"line":64,"column":8},"end":{"line":64,"column":39}},"11":{"start":{"line":71,"column":8},"end":{"line":71,"column":80}},"12":{"start":{"line":75,"column":8},"end":{"line":75,"column":66}},"13":{"start":{"line":79,"column":8},"end":{"line":79,"column":58}},"14":{"start":{"line":87,"column":8},"end":{"line":87,"column":62}},"15":{"start":{"line":91,"column":8},"end":{"line":91,"column":40}},"16":{"start":{"line":95,"column":8},"end":{"line":95,"column":42}},"17":{"start":{"line":100,"column":8},"end":{"line":100,"column":34}},"18":{"start":{"line":104,"column":8},"end":{"line":104,"column":35}},"19":{"start":{"line":108,"column":8},"end":{"line":108,"column":35}}},"branchMap":{}}}
