TN:
SF:/Users/a.rocchi/Projects/Personal/BofhContract/contracts/interfaces/ISwapInterfaces.sol
FNF:0
FNH:0
LF:0
LH:0
BRF:0
BRH:0
end_of_record
TN:
SF:/Users/a.rocchi/Projects/Personal/BofhContract/contracts/libs/MathLib.sol
FN:10,sqrt
FN:26,cbrt
FN:44,geometricMean
FN:57,log2
FN:77,exp2
FN:101,calculateOptimalAmount
FNF:6
FNH:6
FNDA:113,sqrt
FNDA:10,cbrt
FNDA:8,geometricMean
FNDA:7,log2
FNDA:7,exp2
FNDA:12,calculateOptimalAmount
DA:11,113
DA:12,112
DA:15,111
DA:16,111
DA:19,111
DA:20,7725
DA:21,7725
DA:27,10
DA:28,9
DA:30,8
DA:31,8
DA:34,8
DA:35,116
DA:36,116
DA:37,116
DA:38,116
DA:40,8
DA:45,8
DA:48,5
DA:49,1
DA:50,1
DA:53,4
DA:58,7
DA:60,6
DA:61,6
DA:64,6
DA:65,6
DA:66,6
DA:67,6
DA:68,6
DA:69,6
DA:70,6
DA:71,6
DA:73,6
DA:78,7
DA:80,6
DA:81,6
DA:83,6
DA:85,5
DA:86,5
DA:89,1
DA:90,1
DA:92,1
DA:93,4
DA:94,4
DA:97,1
DA:106,12
DA:109,10
DA:110,4
DA:111,4
DA:113,3
DA:114,3
DA:118,3
LF:53
LH:53
BRDA:11,1,0,1
BRDA:11,1,1,112
BRDA:12,2,0,1
BRDA:12,2,1,111
BRDA:27,3,0,1
BRDA:27,3,1,9
BRDA:28,4,0,1
BRDA:28,4,1,8
BRDA:37,5,0,0
BRDA:37,5,1,116
BRDA:45,6,0,3
BRDA:45,6,1,5
BRDA:45,7,0,2
BRDA:45,7,1,1
BRDA:48,8,0,1
BRDA:48,8,1,4
BRDA:48,9,0,1
BRDA:48,9,1,0
BRDA:58,10,0,1
BRDA:58,10,1,6
BRDA:64,11,0,2
BRDA:64,11,1,4
BRDA:65,12,0,2
BRDA:65,12,1,4
BRDA:66,13,0,2
BRDA:66,13,1,4
BRDA:67,14,0,2
BRDA:67,14,1,4
BRDA:68,15,0,3
BRDA:68,15,1,3
BRDA:69,16,0,2
BRDA:69,16,1,4
BRDA:70,17,0,2
BRDA:70,17,1,4
BRDA:71,18,0,4
BRDA:71,18,1,2
BRDA:78,19,0,1
BRDA:78,19,1,6
BRDA:83,20,0,1
BRDA:83,20,1,5
BRDA:86,21,0,4
BRDA:86,21,1,1
BRDA:106,22,0,10
BRDA:106,22,1,2
BRDA:109,23,0,4
BRDA:109,23,1,6
BRDA:112,24,0,3
BRDA:112,24,1,3
BRF:48
BRH:46
end_of_record
TN:
SF:/Users/a.rocchi/Projects/Personal/BofhContract/contracts/libs/PoolLib.sol
FN:32,analyzePool
FN:73,calculatePriceImpact
FN:93,calculateVolatility
FN:129,calculateOptimalSwapAmount
FN:158,validateSwap
FNF:5
FNH:5
FNDA:96,analyzePool
FNDA:180,calculatePriceImpact
FNDA:98,calculateVolatility
FNDA:1,calculateOptimalSwapAmount
FNDA:83,validateSwap
DA:38,96
DA:41,96
DA:42,96
DA:44,96
DA:45,49
DA:46,49
DA:47,48
DA:48,48
DA:49,48
DA:51,47
DA:52,47
DA:53,47
DA:54,47
DA:57,95
DA:64,95
DA:65,95
DA:66,95
DA:67,95
DA:69,95
DA:77,180
DA:79,179
DA:80,179
DA:81,179
DA:84,179
DA:85,179
DA:87,179
DA:89,179
DA:100,98
DA:101,95
DA:105,3
DA:106,2
DA:109,1
DA:110,1
DA:111,0
DA:115,1
DA:118,1
DA:123,1
DA:125,1
DA:134,1
DA:140,1
DA:141,1
DA:143,0
DA:147,1
DA:148,1
DA:149,1
DA:152,1
DA:154,0
DA:162,83
DA:163,82
DA:164,81
DA:166,80
DA:167,80
DA:170,78
DA:171,77
DA:173,76
LF:55
LH:52
BRDA:44,1,0,49
BRDA:44,1,1,47
BRDA:46,2,0,48
BRDA:46,2,1,1
BRDA:57,3,0,95
BRDA:57,3,1,0
BRDA:77,4,0,1
BRDA:77,4,1,179
BRDA:87,5,0,0
BRDA:87,5,1,179
BRDA:100,6,0,95
BRDA:100,6,1,3
BRDA:100,7,0,95
BRDA:100,7,1,0
BRDA:105,8,0,2
BRDA:105,8,1,1
BRDA:110,9,0,0
BRDA:110,9,1,1
BRDA:119,10,0,0
BRDA:119,10,1,1
BRDA:141,11,0,0
BRDA:141,11,1,1
BRDA:152,12,0,0
BRDA:152,12,1,1
BRDA:162,13,0,82
BRDA:162,13,1,1
BRDA:163,14,0,81
BRDA:163,14,1,1
BRDA:164,15,0,80
BRDA:164,15,1,1
BRDA:167,16,0,78
BRDA:167,16,1,2
BRDA:170,17,0,77
BRDA:170,17,1,1
BRDA:171,18,0,76
BRDA:171,18,1,1
BRF:36
BRH:29
end_of_record
TN:
SF:/Users/a.rocchi/Projects/Personal/BofhContract/contracts/libs/SecurityLib.sol
FN:32,checkOwner
FN:36,checkOperator
FN:40,checkNotPaused
FN:44,checkNotLocked
FN:49,enterProtectedSection
FN:64,exitProtectedSection
FN:69,transferOwnership
FN:81,setOperator
FN:94,emergencyPause
FN:100,emergencyUnpause
FN:107,checkRateLimit
FN:133,setFunctionCooldown
FN:143,validateDeadline
FN:153,checkValueBounds
FN:164,validateAddress
FN:171,ensureNotContract
FNF:16
FNH:11
FNDA:43,checkOwner
FNDA:0,checkOperator
FNDA:46,checkNotPaused
FNDA:0,checkNotLocked
FNDA:49,enterProtectedSection
FNDA:20,exitProtectedSection
FNDA:4,transferOwnership
FNDA:3,setOperator
FNDA:12,emergencyPause
FNDA:5,emergencyUnpause
FNDA:3,checkRateLimit
FNDA:0,setFunctionCooldown
FNDA:3,validateDeadline
FNDA:3,checkValueBounds
FNDA:0,validateAddress
FNDA:0,ensureNotContract
DA:33,43
DA:37,0
DA:41,46
DA:45,0
DA:53,49
DA:55,48
DA:56,48
DA:57,0
DA:60,48
DA:61,48
DA:65,20
DA:73,4
DA:74,4
DA:75,4
DA:77,2
DA:78,2
DA:86,3
DA:87,2
DA:89,1
DA:90,1
DA:95,12
DA:96,11
DA:97,11
DA:101,5
DA:102,5
DA:103,5
DA:113,3
DA:114,3
DA:116,2
DA:117,2
DA:118,2
DA:122,3
DA:123,1
DA:124,1
DA:128,2
DA:129,2
DA:138,0
DA:139,0
DA:147,3
DA:148,1
DA:158,3
DA:159,2
DA:165,0
DA:166,0
DA:172,0
DA:173,0
LF:46
LH:37
BRDA:33,1,0,6
BRDA:33,1,1,37
BRDA:37,2,0,0
BRDA:37,2,1,0
BRDA:41,3,0,3
BRDA:41,3,1,43
BRDA:45,4,0,0
BRDA:45,4,1,0
BRDA:53,5,0,1
BRDA:53,5,1,48
BRDA:56,6,0,0
BRDA:56,6,1,48
BRDA:74,7,0,0
BRDA:74,7,1,4
BRDA:75,8,0,2
BRDA:75,8,1,2
BRDA:86,9,0,1
BRDA:86,9,1,2
BRDA:87,10,0,1
BRDA:87,10,1,1
BRDA:95,11,0,1
BRDA:95,11,1,11
BRDA:101,12,0,0
BRDA:101,12,1,5
BRDA:114,13,0,2
BRDA:114,13,1,1
BRDA:122,14,0,1
BRDA:122,14,1,2
BRDA:138,15,0,0
BRDA:138,15,1,0
BRDA:147,16,0,1
BRDA:147,16,1,2
BRDA:158,17,0,2
BRDA:158,17,1,1
BRDA:158,18,0,1
BRDA:158,18,1,1
BRDA:165,19,0,0
BRDA:165,19,1,0
BRDA:165,20,0,0
BRDA:165,20,1,0
BRDA:172,21,0,0
BRDA:172,21,1,0
BRF:42
BRH:27
end_of_record
TN:
SF:/Users/a.rocchi/Projects/Personal/BofhContract/contracts/main/BofhContractBase.sol
FN:66,onlyOwner
FN:71,whenNotPaused
FN:76,nonReentrant
FN:84,antiMEV
FN:114,constructor
FN:133,updateRiskParams
FN:153,setPoolBlacklist
FN:167,configureMEVProtection
FN:179,emergencyPause
FN:183,emergencyUnpause
FN:188,transferOwnership
FN:195,setOperator
FN:237,getAdmin
FN:246,getRiskParameters
FN:263,isPoolBlacklisted
FN:269,isPaused
FN:277,getMEVProtectionConfig
FNF:17
FNH:16
FNDA:39,onlyOwner
FNDA:44,whenNotPaused
FNDA:44,nonReentrant
FNDA:32,antiMEV
FNDA:6,constructor
FNDA:6,updateRiskParams
FNDA:5,setPoolBlacklist
FNDA:10,configureMEVProtection
FNDA:8,emergencyPause
FNDA:4,emergencyUnpause
FNDA:2,transferOwnership
FNDA:0,setOperator
FNDA:5,getAdmin
FNDA:3,getRiskParameters
FNDA:2,isPoolBlacklisted
FNDA:6,isPaused
FNDA:4,getMEVProtectionConfig
DA:67,39
DA:68,35
DA:72,44
DA:73,42
DA:77,44
DA:78,44
DA:79,19
DA:85,32
DA:86,4
DA:89,4
DA:90,0
DA:91,0
DA:92,0
DA:95,4
DA:96,4
DA:100,4
DA:101,1
DA:104,3
DA:107,3
DA:109,28
DA:115,6
DA:116,6
DA:118,5
DA:121,5
DA:122,5
DA:123,5
DA:124,5
DA:134,6
DA:135,5
DA:137,4
DA:138,4
DA:139,4
DA:140,4
DA:142,4
DA:154,5
DA:155,5
DA:156,5
DA:168,10
DA:169,9
DA:171,8
DA:172,8
DA:173,8
DA:175,8
DA:180,8
DA:184,4
DA:189,2
DA:196,0
DA:238,5
DA:252,3
DA:264,2
DA:270,6
DA:282,4
LF:52
LH:48
BRDA:85,1,0,4
BRDA:85,1,1,28
BRDA:89,2,0,0
BRDA:89,2,1,4
BRDA:91,3,0,0
BRDA:91,3,1,0
BRDA:100,4,0,1
BRDA:100,4,1,3
BRDA:115,5,0,6
BRDA:115,5,1,0
BRDA:116,6,0,5
BRDA:116,6,1,1
BRDA:133,7,0,6
BRDA:133,7,1,1
BRDA:134,8,0,5
BRDA:134,8,1,1
BRDA:135,9,0,4
BRDA:135,9,1,1
BRDA:153,10,0,5
BRDA:153,10,1,1
BRDA:154,11,0,5
BRDA:154,11,1,0
BRDA:167,12,0,10
BRDA:167,12,1,1
BRDA:168,13,0,9
BRDA:168,13,1,1
BRDA:169,14,0,8
BRDA:169,14,1,1
BRDA:179,15,0,8
BRDA:179,15,1,1
BRDA:183,16,0,4
BRDA:183,16,1,0
BRDA:188,17,0,2
BRDA:188,17,1,0
BRDA:195,18,0,0
BRDA:195,18,1,0
BRF:36
BRH:27
end_of_record
TN:
SF:/Users/a.rocchi/Projects/Personal/BofhContract/contracts/main/BofhContractV2.sol
FN:43,constructor
FN:57,_validateSwapInputs
FN:96,_executeSwap
FN:182,executeSwap
FN:202,executeMultiSwap
FN:246,executePathStep
FN:307,getOptimalPathMetrics
FN:347,_getPair
FN:354,getBaseToken
FN:360,getFactory
FNF:10
FNH:10
FNDA:5,constructor
FNDA:39,_validateSwapInputs
FNDA:39,_executeSwap
FNDA:31,executeSwap
FNDA:10,executeMultiSwap
FNDA:76,executePathStep
FNDA:11,getOptimalPathMetrics
FNDA:93,_getPair
FNDA:3,getBaseToken
FNDA:1,getFactory
DA:44,5
DA:45,5
DA:46,5
DA:47,5
DA:65,39
DA:66,39
DA:69,37
DA:70,37
DA:71,36
DA:72,36
DA:75,35
DA:76,34
DA:79,33
DA:80,122
DA:81,122
DA:85,33
DA:88,31
DA:89,31
DA:90,84
DA:91,83
DA:104,39
DA:107,30
DA:108,30
DA:118,30
DA:124,29
DA:125,76
DA:127,76
DA:136,75
DA:137,75
DA:138,75
DA:143,28
DA:146,27
DA:147,27
DA:150,27
DA:155,27
DA:163,27
DA:183,31
DA:206,10
DA:207,9
DA:210,8
DA:211,8
DA:212,7
DA:213,6
DA:214,5
DA:219,4
DA:220,4
DA:221,4
DA:224,4
DA:225,8
DA:226,8
DA:227,8
DA:234,8
DA:235,8
DA:240,4
DA:242,0
DA:255,76
DA:258,76
DA:266,76
DA:275,76
DA:279,75
DA:280,75
DA:283,75
DA:288,75
DA:289,75
DA:292,75
DA:299,75
DA:301,75
DA:303,75
DA:315,11
DA:317,9
DA:318,9
DA:319,9
DA:321,9
DA:322,17
DA:323,17
DA:330,17
DA:331,17
DA:333,17
DA:336,9
DA:337,9
DA:339,9
DA:348,93
DA:349,93
DA:355,3
DA:361,1
LF:85
LH:84
BRDA:44,1,0,5
BRDA:44,1,1,0
BRDA:45,2,0,5
BRDA:45,2,1,0
BRDA:65,3,0,0
BRDA:65,3,1,39
BRDA:66,4,0,2
BRDA:66,4,1,37
BRDA:70,5,0,1
BRDA:70,5,1,36
BRDA:71,6,0,0
BRDA:71,6,1,36
BRDA:71,7,0,0
BRDA:71,7,1,0
BRDA:72,8,0,1
BRDA:72,8,1,35
BRDA:75,9,0,1
BRDA:75,9,1,34
BRDA:76,10,0,1
BRDA:76,10,1,33
BRDA:80,11,0,0
BRDA:80,11,1,122
BRDA:85,12,0,2
BRDA:85,12,1,31
BRDA:85,13,0,1
BRDA:85,13,1,1
BRDA:90,14,0,1
BRDA:90,14,1,83
BRDA:118,15,0,29
BRDA:118,15,1,1
BRDA:143,16,0,1
BRDA:143,16,1,27
BRDA:147,17,0,0
BRDA:147,17,1,27
BRDA:150,18,0,27
BRDA:150,18,1,0
BRDA:182,19,0,34
BRDA:182,19,1,0
BRDA:182,20,0,32
BRDA:182,20,1,2
BRDA:182,21,0,31
BRDA:182,21,1,1
BRDA:202,22,0,10
BRDA:202,22,1,0
BRDA:202,23,0,10
BRDA:202,23,1,0
BRDA:206,24,0,1
BRDA:206,24,1,9
BRDA:207,25,0,1
BRDA:207,25,1,8
BRDA:211,26,0,1
BRDA:211,26,1,7
BRDA:212,27,0,1
BRDA:212,27,1,6
BRDA:213,28,0,1
BRDA:213,28,1,5
BRDA:214,29,0,1
BRDA:214,29,1,4
BRDA:240,30,0,0
BRDA:240,30,1,4
BRDA:275,31,0,75
BRDA:275,31,1,1
BRDA:283,32,0,75
BRDA:283,32,1,0
BRDA:315,33,0,9
BRDA:315,33,1,2
BRDA:349,34,0,93
BRDA:349,34,1,0
BRF:68
BRH:53
end_of_record
TN:
SF:/Users/a.rocchi/Projects/Personal/BofhContract/contracts/mocks/MathLibTest.sol
FN:11,testSqrt
FN:15,testCbrt
FN:19,testGeometricMean
FN:23,testLog2
FN:27,testExp2
FN:31,testCalculateOptimalAmount
FNF:6
FNH:6
FNDA:13,testSqrt
FNDA:10,testCbrt
FNDA:8,testGeometricMean
FNDA:5,testLog2
FNDA:5,testExp2
FNDA:12,testCalculateOptimalAmount
DA:12,13
DA:16,10
DA:20,8
DA:24,5
DA:28,5
DA:36,12
LF:6
LH:6
BRF:0
BRH:0
end_of_record
TN:
SF:/Users/a.rocchi/Projects/Personal/BofhContract/contracts/mocks/MockFactory.sol
FN:17,createPair
FN:46,allPairsLength
FN:51,computePairAddress
FNF:3
FNH:1
FNDA:22,createPair
FNDA:0,allPairsLength
FNDA:0,computePairAddress
DA:21,22
DA:22,22
DA:25,22
DA:26,22
DA:29,22
DA:33,22
DA:34,22
DA:39,22
DA:40,22
DA:41,22
DA:43,22
DA:47,0
DA:55,0
DA:58,0
DA:59,0
DA:67,0
LF:16
LH:11
BRDA:21,1,0,22
BRDA:21,1,1,0
BRDA:23,2,0,10
BRDA:23,2,1,12
BRDA:25,3,0,22
BRDA:25,3,1,0
BRDA:26,4,0,22
BRDA:26,4,1,0
BRDA:56,5,0,0
BRDA:56,5,1,0
BRF:10
BRH:5
end_of_record
TN:
SF:/Users/a.rocchi/Projects/Personal/BofhContract/contracts/mocks/MockPair.sol
FN:29,constructor
FN:39,getReserves
FN:49,mint
FN:74,burn
FN:95,swap
FN:133,sync
FN:142,_update
FN:160,_mint
FN:165,_burn
FN:176,min
FN:180,sqrt
FNF:11
FNH:8
FNDA:22,constructor
FNDA:175,getReserves
FNDA:4,mint
FNDA:0,burn
FNDA:75,swap
FNDA:18,sync
FNDA:97,_update
FNDA:8,_mint
FNDA:0,_burn
FNDA:0,min
FNDA:4,sqrt
DA:30,22
DA:31,22
DA:34,22
DA:44,175
DA:45,175
DA:46,175
DA:50,4
DA:51,4
DA:52,4
DA:53,4
DA:54,4
DA:56,4
DA:57,4
DA:58,4
DA:59,4
DA:61,0
DA:67,4
DA:68,4
DA:70,4
DA:71,4
DA:75,0
DA:76,0
DA:77,0
DA:78,0
DA:80,0
DA:81,0
DA:82,0
DA:83,0
DA:85,0
DA:86,0
DA:87,0
DA:88,0
DA:89,0
DA:91,0
DA:92,0
DA:101,75
DA:102,75
DA:103,75
DA:105,75
DA:106,75
DA:107,75
DA:108,75
DA:109,75
DA:110,75
DA:111,75
DA:112,75
DA:113,75
DA:116,75
DA:117,75
DA:118,75
DA:120,75
DA:121,75
DA:122,75
DA:123,75
DA:129,75
DA:130,75
DA:134,18
DA:148,97
DA:149,97
DA:150,97
DA:151,97
DA:152,97
DA:153,97
DA:161,8
DA:162,8
DA:166,0
DA:167,0
DA:177,0
DA:181,4
DA:182,4
DA:183,4
DA:184,4
DA:185,300
DA:186,300
DA:189,0
LF:75
LH:55
BRDA:30,1,0,22
BRDA:30,1,1,0
BRDA:31,2,0,22
BRDA:31,2,1,0
BRDA:35,3,0,22
BRDA:35,3,1,0
BRDA:57,4,0,4
BRDA:57,4,1,0
BRDA:67,5,0,4
BRDA:67,5,1,0
BRDA:83,6,0,0
BRDA:83,6,1,0
BRDA:101,7,0,75
BRDA:101,7,1,0
BRDA:101,8,0,35
BRDA:101,8,1,40
BRDA:103,9,0,75
BRDA:103,9,1,0
BRDA:108,10,0,75
BRDA:108,10,1,0
BRDA:109,11,0,35
BRDA:109,11,1,40
BRDA:110,12,0,40
BRDA:110,12,1,35
BRDA:111,13,0,0
BRDA:111,13,1,75
BRDA:116,14,0,40
BRDA:116,14,1,35
BRDA:117,15,0,35
BRDA:117,15,1,40
BRDA:118,16,0,75
BRDA:118,16,1,0
BRDA:118,17,0,40
BRDA:118,17,1,35
BRDA:123,18,0,75
BRDA:123,18,1,0
BRDA:148,19,0,97
BRDA:148,19,1,0
BRDA:177,20,0,0
BRDA:177,20,1,0
BRDA:181,21,0,4
BRDA:181,21,1,0
BRDA:188,22,0,0
BRDA:188,22,1,0
BRF:44
BRH:25
end_of_record
TN:
SF:/Users/a.rocchi/Projects/Personal/BofhContract/contracts/mocks/MockToken.sol
FN:16,constructor
FN:28,balanceOf
FN:32,transfer
FN:39,allowance
FN:43,approve
FN:49,transferFrom
FN:61,increaseAllowance
FN:67,decreaseAllowance
FN:77,mint
FN:86,burn
FN:96,_transfer
FN:109,_approve
FN:119,_spendAllowance
FNF:13
FNH:8
FNDA:21,constructor
FNDA:348,balanceOf
FNDA:228,transfer
FNDA:0,allowance
FNDA:17,approve
FNDA:30,transferFrom
FNDA:0,increaseAllowance
FNDA:0,decreaseAllowance
FNDA:0,mint
FNDA:0,burn
FNDA:257,_transfer
FNDA:17,_approve
FNDA:30,_spendAllowance
DA:21,21
DA:22,21
DA:23,21
DA:24,21
DA:25,21
DA:29,348
DA:33,228
DA:34,228
DA:35,228
DA:36,228
DA:40,0
DA:44,17
DA:45,17
DA:46,17
DA:54,30
DA:55,30
DA:56,30
DA:57,29
DA:58,29
DA:62,0
DA:63,0
DA:64,0
DA:68,0
DA:69,0
DA:70,0
DA:71,0
DA:72,0
DA:74,0
DA:78,0
DA:79,0
DA:80,0
DA:81,0
DA:83,0
DA:87,0
DA:88,0
DA:89,0
DA:90,0
DA:91,0
DA:93,0
DA:101,257
DA:102,257
DA:103,257
DA:104,257
DA:106,257
DA:114,17
DA:115,17
DA:116,17
DA:124,30
DA:125,30
DA:126,1
DA:127,0
DA:128,0
LF:52
LH:29
BRDA:33,1,0,228
BRDA:33,1,1,0
BRDA:54,2,0,30
BRDA:54,2,1,0
BRDA:70,3,0,0
BRDA:70,3,1,0
BRDA:78,4,0,0
BRDA:78,4,1,0
BRDA:87,5,0,0
BRDA:87,5,1,0
BRDA:88,6,0,0
BRDA:88,6,1,0
BRDA:101,7,0,257
BRDA:101,7,1,0
BRDA:114,8,0,17
BRDA:114,8,1,0
BRDA:125,9,0,1
BRDA:125,9,1,29
BRDA:126,10,0,0
BRDA:126,10,1,1
BRF:20
BRH:7
end_of_record
TN:
SF:/Users/a.rocchi/Projects/Personal/BofhContract/contracts/mocks/PoolLibTest.sol
FN:11,testCalculatePriceImpact
FN:18,testCalculateVolatility
FN:26,testAnalyzePool
FN:35,testCalculateOptimalSwapAmount
FN:42,testValidateSwap
FNF:5
FNH:5
FNDA:4,testCalculatePriceImpact
FNDA:3,testCalculateVolatility
FNDA:3,testAnalyzePool
FNDA:1,testCalculateOptimalSwapAmount
FNDA:7,testValidateSwap
DA:15,4
DA:23,3
DA:32,3
DA:39,1
DA:46,7
LF:5
LH:5
BRF:0
BRH:0
end_of_record
TN:
SF:/Users/a.rocchi/Projects/Personal/BofhContract/contracts/mocks/SecurityLibTest.sol
FN:21,constructor
FN:27,testCheckOwner
FN:31,testCheckOperator
FN:35,testCheckNotPaused
FN:39,testCheckNotLocked
FN:43,testEnterProtectedSection
FN:47,testExitProtectedSection
FN:51,testTransferOwnership
FN:55,testSetOperator
FN:59,testEmergencyPause
FN:63,testEmergencyUnpause
FN:67,testCheckRateLimit
FN:74,testSetFunctionCooldown
FN:78,testValidateDeadline
FN:82,testCheckValueBounds
FN:90,testValidateAddress
FN:94,testEnsureNotContract
FN:99,getOwner
FN:103,isPaused
FN:107,isLocked
FNF:20
FNH:12
FNDA:1,constructor
FNDA:4,testCheckOwner
FNDA:0,testCheckOperator
FNDA:2,testCheckNotPaused
FNDA:0,testCheckNotLocked
FNDA:5,testEnterProtectedSection
FNDA:1,testExitProtectedSection
FNDA:2,testTransferOwnership
FNDA:3,testSetOperator
FNDA:4,testEmergencyPause
FNDA:1,testEmergencyUnpause
FNDA:3,testCheckRateLimit
FNDA:0,testSetFunctionCooldown
FNDA:3,testValidateDeadline
FNDA:3,testCheckValueBounds
FNDA:0,testValidateAddress
FNDA:0,testEnsureNotContract
FNDA:0,getOwner
FNDA:0,isPaused
FNDA:0,isLocked
DA:22,1
DA:23,1
DA:24,1
DA:28,4
DA:32,0
DA:36,2
DA:40,0
DA:44,5
DA:48,1
DA:52,2
DA:56,3
DA:60,4
DA:64,1
DA:71,3
DA:75,0
DA:79,3
DA:87,3
DA:91,0
DA:95,0
DA:100,0
DA:104,0
DA:108,0
LF:22
LH:14
BRF:0
BRH:0
end_of_record
