TN:
SF:/Users/a.rocchi/Projects/Personal/BofhContract/contracts/interfaces/ISwapInterfaces.sol
FNF:0
FNH:0
LF:0
LH:0
BRF:0
BRH:0
end_of_record
TN:
SF:/Users/a.rocchi/Projects/Personal/BofhContract/contracts/libs/MathLib.sol
FN:10,sqrt
FN:26,cbrt
FN:44,geometricMean
FN:57,log2
FN:77,exp2
FN:101,calculateOptimalAmount
FNF:6
FNH:6
FNDA:65,sqrt
FNDA:10,cbrt
FNDA:8,geometricMean
FNDA:7,log2
FNDA:7,exp2
FNDA:12,calculateOptimalAmount
DA:11,65
DA:12,64
DA:15,63
DA:16,63
DA:19,63
DA:20,3990
DA:21,3990
DA:27,10
DA:28,9
DA:30,8
DA:31,8
DA:34,8
DA:35,116
DA:36,116
DA:37,116
DA:38,116
DA:40,8
DA:45,8
DA:48,5
DA:49,1
DA:50,1
DA:53,4
DA:58,7
DA:60,6
DA:61,6
DA:64,6
DA:65,6
DA:66,6
DA:67,6
DA:68,6
DA:69,6
DA:70,6
DA:71,6
DA:73,6
DA:78,7
DA:80,6
DA:81,6
DA:83,6
DA:85,5
DA:86,5
DA:89,1
DA:90,1
DA:92,1
DA:93,4
DA:94,4
DA:97,1
DA:106,12
DA:109,10
DA:110,4
DA:111,4
DA:113,3
DA:114,3
DA:118,3
LF:53
LH:53
BRDA:11,1,0,1
BRDA:11,1,1,64
BRDA:12,2,0,1
BRDA:12,2,1,63
BRDA:27,3,0,1
BRDA:27,3,1,9
BRDA:28,4,0,1
BRDA:28,4,1,8
BRDA:37,5,0,0
BRDA:37,5,1,116
BRDA:45,6,0,3
BRDA:45,6,1,5
BRDA:45,7,0,2
BRDA:45,7,1,1
BRDA:48,8,0,1
BRDA:48,8,1,4
BRDA:48,9,0,1
BRDA:48,9,1,0
BRDA:58,10,0,1
BRDA:58,10,1,6
BRDA:64,11,0,2
BRDA:64,11,1,4
BRDA:65,12,0,2
BRDA:65,12,1,4
BRDA:66,13,0,2
BRDA:66,13,1,4
BRDA:67,14,0,2
BRDA:67,14,1,4
BRDA:68,15,0,3
BRDA:68,15,1,3
BRDA:69,16,0,2
BRDA:69,16,1,4
BRDA:70,17,0,2
BRDA:70,17,1,4
BRDA:71,18,0,4
BRDA:71,18,1,2
BRDA:78,19,0,1
BRDA:78,19,1,6
BRDA:83,20,0,1
BRDA:83,20,1,5
BRDA:86,21,0,4
BRDA:86,21,1,1
BRDA:106,22,0,10
BRDA:106,22,1,2
BRDA:109,23,0,4
BRDA:109,23,1,6
BRDA:112,24,0,3
BRDA:112,24,1,3
BRF:48
BRH:46
end_of_record
TN:
SF:/Users/a.rocchi/Projects/Personal/BofhContract/contracts/libs/PoolLib.sol
FN:32,analyzePool
FN:73,calculatePriceImpact
FN:93,calculateVolatility
FN:129,calculateOptimalSwapAmount
FN:158,validateSwap
FNF:5
FNH:5
FNDA:48,analyzePool
FNDA:101,calculatePriceImpact
FNDA:50,calculateVolatility
FNDA:1,calculateOptimalSwapAmount
FNDA:52,validateSwap
DA:38,48
DA:41,48
DA:42,48
DA:44,48
DA:45,27
DA:46,27
DA:47,26
DA:48,26
DA:49,26
DA:51,21
DA:52,21
DA:53,21
DA:54,21
DA:57,47
DA:64,47
DA:65,47
DA:66,47
DA:67,47
DA:69,47
DA:77,101
DA:79,100
DA:80,100
DA:81,100
DA:84,100
DA:85,100
DA:87,100
DA:89,100
DA:100,50
DA:101,47
DA:105,3
DA:106,2
DA:109,1
DA:110,1
DA:111,0
DA:115,1
DA:118,1
DA:123,1
DA:125,1
DA:134,1
DA:140,1
DA:141,1
DA:143,0
DA:147,1
DA:148,1
DA:149,1
DA:152,1
DA:154,0
DA:162,52
DA:163,51
DA:164,50
DA:166,49
DA:167,49
DA:170,47
DA:171,46
DA:173,45
LF:55
LH:52
BRDA:44,1,0,27
BRDA:44,1,1,21
BRDA:46,2,0,26
BRDA:46,2,1,1
BRDA:57,3,0,47
BRDA:57,3,1,0
BRDA:77,4,0,1
BRDA:77,4,1,100
BRDA:87,5,0,0
BRDA:87,5,1,100
BRDA:100,6,0,47
BRDA:100,6,1,3
BRDA:100,7,0,47
BRDA:100,7,1,0
BRDA:105,8,0,2
BRDA:105,8,1,1
BRDA:110,9,0,0
BRDA:110,9,1,1
BRDA:119,10,0,0
BRDA:119,10,1,1
BRDA:141,11,0,0
BRDA:141,11,1,1
BRDA:152,12,0,0
BRDA:152,12,1,1
BRDA:162,13,0,51
BRDA:162,13,1,1
BRDA:163,14,0,50
BRDA:163,14,1,1
BRDA:164,15,0,49
BRDA:164,15,1,1
BRDA:167,16,0,47
BRDA:167,16,1,2
BRDA:170,17,0,46
BRDA:170,17,1,1
BRDA:171,18,0,45
BRDA:171,18,1,1
BRF:36
BRH:29
end_of_record
TN:
SF:/Users/a.rocchi/Projects/Personal/BofhContract/contracts/libs/SecurityLib.sol
FN:32,checkOwner
FN:36,checkOperator
FN:40,checkNotPaused
FN:44,checkNotLocked
FN:49,enterProtectedSection
FN:64,exitProtectedSection
FN:69,transferOwnership
FN:81,setOperator
FN:94,emergencyPause
FN:100,emergencyUnpause
FN:107,checkRateLimit
FN:133,setFunctionCooldown
FN:143,validateDeadline
FN:153,checkValueBounds
FN:164,validateAddress
FN:171,ensureNotContract
FNF:16
FNH:11
FNDA:31,checkOwner
FNDA:0,checkOperator
FNDA:27,checkNotPaused
FNDA:0,checkNotLocked
FNDA:30,enterProtectedSection
FNDA:13,exitProtectedSection
FNDA:4,transferOwnership
FNDA:3,setOperator
FNDA:11,emergencyPause
FNDA:5,emergencyUnpause
FNDA:3,checkRateLimit
FNDA:0,setFunctionCooldown
FNDA:3,validateDeadline
FNDA:3,checkValueBounds
FNDA:0,validateAddress
FNDA:0,ensureNotContract
DA:33,31
DA:37,0
DA:41,27
DA:45,0
DA:53,30
DA:55,29
DA:56,29
DA:57,0
DA:60,29
DA:61,29
DA:65,13
DA:73,4
DA:74,4
DA:75,4
DA:77,2
DA:78,2
DA:86,3
DA:87,2
DA:89,1
DA:90,1
DA:95,11
DA:96,10
DA:97,10
DA:101,5
DA:102,5
DA:103,5
DA:113,3
DA:114,3
DA:116,2
DA:117,2
DA:118,2
DA:122,3
DA:123,1
DA:124,1
DA:128,2
DA:129,2
DA:138,0
DA:139,0
DA:147,3
DA:148,1
DA:158,3
DA:159,2
DA:165,0
DA:166,0
DA:172,0
DA:173,0
LF:46
LH:37
BRDA:33,1,0,5
BRDA:33,1,1,26
BRDA:37,2,0,0
BRDA:37,2,1,0
BRDA:41,3,0,2
BRDA:41,3,1,25
BRDA:45,4,0,0
BRDA:45,4,1,0
BRDA:53,5,0,1
BRDA:53,5,1,29
BRDA:56,6,0,0
BRDA:56,6,1,29
BRDA:74,7,0,0
BRDA:74,7,1,4
BRDA:75,8,0,2
BRDA:75,8,1,2
BRDA:86,9,0,1
BRDA:86,9,1,2
BRDA:87,10,0,1
BRDA:87,10,1,1
BRDA:95,11,0,1
BRDA:95,11,1,10
BRDA:101,12,0,0
BRDA:101,12,1,5
BRDA:114,13,0,2
BRDA:114,13,1,1
BRDA:122,14,0,1
BRDA:122,14,1,2
BRDA:138,15,0,0
BRDA:138,15,1,0
BRDA:147,16,0,1
BRDA:147,16,1,2
BRDA:158,17,0,2
BRDA:158,17,1,1
BRDA:158,18,0,1
BRDA:158,18,1,1
BRDA:165,19,0,0
BRDA:165,19,1,0
BRDA:165,20,0,0
BRDA:165,20,1,0
BRDA:172,21,0,0
BRDA:172,21,1,0
BRF:42
BRH:27
end_of_record
TN:
SF:/Users/a.rocchi/Projects/Personal/BofhContract/contracts/main/BofhContract.sol
FN:83,updateRiskParams
FN:97,setPoolBlacklist
FN:102,emergencyPause
FN:161,constructor
FN:168,onlyOwner
FN:173,whenActive
FN:178,nonReentrant
FN:189,getAdmin
FN:193,getBaseToken
FN:198,sqrt
FN:208,cbrt
FN:221,geometricMean
FN:226,getU256
FN:234,getU256_last
FN:243,getFee
FN:247,getPool
FN:251,getInitialAmount
FN:255,getExpectedAmount
FN:260,safeTransfer
FN:269,analyzePool
FN:295,calculatePriceImpact
FN:305,performSwap
FN:384,calculateOptimalAmountIn
FN:397,calculateOptimalAmountOut
FN:413,fourWaySwap
FN:459,fiveWaySwap
FN:521,adoptAllowance
FN:529,withdrawFunds
FN:533,changeAdmin
FN:540,deactivateContract
FNF:30
FNH:0
FNDA:0,updateRiskParams
FNDA:0,setPoolBlacklist
FNDA:0,emergencyPause
FNDA:0,constructor
FNDA:0,onlyOwner
FNDA:0,whenActive
FNDA:0,nonReentrant
FNDA:0,getAdmin
FNDA:0,getBaseToken
FNDA:0,sqrt
FNDA:0,cbrt
FNDA:0,geometricMean
FNDA:0,getU256
FNDA:0,getU256_last
FNDA:0,getFee
FNDA:0,getPool
FNDA:0,getInitialAmount
FNDA:0,getExpectedAmount
FNDA:0,safeTransfer
FNDA:0,analyzePool
FNDA:0,calculatePriceImpact
FNDA:0,performSwap
FNDA:0,calculateOptimalAmountIn
FNDA:0,calculateOptimalAmountOut
FNDA:0,fourWaySwap
FNDA:0,fiveWaySwap
FNDA:0,adoptAllowance
FNDA:0,withdrawFunds
FNDA:0,changeAdmin
FNDA:0,deactivateContract
DA:84,0
DA:85,0
DA:86,0
DA:87,0
DA:89,0
DA:98,0
DA:99,0
DA:103,0
DA:104,0
DA:106,0
DA:108,0
DA:109,0
DA:110,0
DA:162,0
DA:163,0
DA:164,0
DA:165,0
DA:169,0
DA:170,0
DA:174,0
DA:175,0
DA:179,0
DA:180,0
DA:181,0
DA:182,0
DA:190,0
DA:194,0
DA:199,0
DA:200,0
DA:201,0
DA:202,0
DA:203,0
DA:204,0
DA:209,0
DA:210,0
DA:211,0
DA:213,0
DA:214,0
DA:215,0
DA:216,0
DA:218,0
DA:222,0
DA:227,0
DA:235,0
DA:244,0
DA:248,0
DA:252,0
DA:256,0
DA:261,0
DA:264,0
DA:265,0
DA:270,0
DA:271,0
DA:272,0
DA:274,0
DA:275,0
DA:276,0
DA:277,0
DA:278,0
DA:280,0
DA:281,0
DA:282,0
DA:283,0
DA:287,0
DA:288,0
DA:289,0
DA:291,0
DA:296,0
DA:297,0
DA:298,0
DA:300,0
DA:301,0
DA:307,0
DA:309,0
DA:311,0
DA:313,0
DA:316,0
DA:317,0
DA:320,0
DA:321,0
DA:322,0
DA:323,0
DA:325,0
DA:326,0
DA:328,0
DA:331,0
DA:332,0
DA:336,0
DA:338,0
DA:341,0
DA:343,0
DA:344,0
DA:346,0
DA:347,0
DA:350,0
DA:351,0
DA:354,0
DA:355,0
DA:357,0
DA:358,0
DA:361,0
DA:362,0
DA:365,0
DA:368,0
DA:376,0
DA:377,0
DA:378,0
DA:380,0
DA:385,0
DA:387,0
DA:388,0
DA:390,0
DA:393,0
DA:401,0
DA:402,0
DA:404,0
DA:406,0
DA:407,0
DA:409,0
DA:414,0
DA:427,0
DA:428,0
DA:431,0
DA:432,0
DA:433,0
DA:434,0
DA:435,0
DA:436,0
DA:439,0
DA:440,0
DA:441,0
DA:444,0
DA:445,0
DA:446,0
DA:448,0
DA:451,0
DA:452,0
DA:453,0
DA:455,0
DA:460,0
DA:473,0
DA:474,0
DA:477,0
DA:478,0
DA:479,0
DA:480,0
DA:481,0
DA:482,0
DA:485,0
DA:488,0
DA:489,0
DA:490,0
DA:492,0
DA:495,0
DA:496,0
DA:497,0
DA:499,0
DA:506,0
DA:507,0
DA:508,0
DA:510,0
DA:513,0
DA:514,0
DA:515,0
DA:517,0
DA:522,0
DA:530,0
DA:534,0
DA:535,0
DA:536,0
DA:537,0
DA:541,0
DA:542,0
DA:543,0
DA:545,0
LF:175
LH:0
BRDA:83,1,0,0
BRDA:83,1,1,0
BRDA:97,2,0,0
BRDA:97,2,1,0
BRDA:102,3,0,0
BRDA:102,3,1,0
BRDA:102,4,0,0
BRDA:102,4,1,0
BRDA:106,5,0,0
BRDA:106,5,1,0
BRDA:109,6,0,0
BRDA:109,6,1,0
BRDA:169,7,0,0
BRDA:169,7,1,0
BRDA:174,8,0,0
BRDA:174,8,1,0
BRDA:179,9,0,0
BRDA:179,9,1,0
BRDA:199,10,0,0
BRDA:199,10,1,0
BRDA:209,11,0,0
BRDA:209,11,1,0
BRDA:215,12,0,0
BRDA:215,12,1,0
BRDA:264,13,0,0
BRDA:264,13,1,0
BRDA:264,14,0,0
BRDA:264,14,1,0
BRDA:274,15,0,0
BRDA:274,15,1,0
BRDA:275,16,0,0
BRDA:275,16,1,0
BRDA:307,17,0,0
BRDA:307,17,1,0
BRDA:311,18,0,0
BRDA:311,18,1,0
BRDA:316,19,0,0
BRDA:316,19,1,0
BRDA:316,20,0,0
BRDA:316,20,1,0
BRDA:325,21,0,0
BRDA:325,21,1,0
BRDA:331,22,0,0
BRDA:331,22,1,0
BRDA:341,23,0,0
BRDA:341,23,1,0
BRDA:351,24,0,0
BRDA:351,24,1,0
BRDA:357,25,0,0
BRDA:357,25,1,0
BRDA:362,26,0,0
BRDA:362,26,1,0
BRDA:387,27,0,0
BRDA:387,27,1,0
BRDA:389,28,0,0
BRDA:389,28,1,0
BRDA:404,29,0,0
BRDA:404,29,1,0
BRDA:413,30,0,0
BRDA:413,30,1,0
BRDA:413,31,0,0
BRDA:413,31,1,0
BRDA:413,32,0,0
BRDA:413,32,1,0
BRDA:427,33,0,0
BRDA:427,33,1,0
BRDA:445,34,0,0
BRDA:445,34,1,0
BRDA:451,35,0,0
BRDA:451,35,1,0
BRDA:452,36,0,0
BRDA:452,36,1,0
BRDA:453,37,0,0
BRDA:453,37,1,0
BRDA:459,38,0,0
BRDA:459,38,1,0
BRDA:459,39,0,0
BRDA:459,39,1,0
BRDA:459,40,0,0
BRDA:459,40,1,0
BRDA:473,41,0,0
BRDA:473,41,1,0
BRDA:496,42,0,0
BRDA:496,42,1,0
BRDA:507,43,0,0
BRDA:507,43,1,0
BRDA:513,44,0,0
BRDA:513,44,1,0
BRDA:514,45,0,0
BRDA:514,45,1,0
BRDA:515,46,0,0
BRDA:515,46,1,0
BRDA:521,47,0,0
BRDA:521,47,1,0
BRDA:521,48,0,0
BRDA:521,48,1,0
BRDA:521,49,0,0
BRDA:521,49,1,0
BRDA:529,50,0,0
BRDA:529,50,1,0
BRDA:529,51,0,0
BRDA:529,51,1,0
BRDA:533,52,0,0
BRDA:533,52,1,0
BRDA:534,53,0,0
BRDA:534,53,1,0
BRDA:540,54,0,0
BRDA:540,54,1,0
BRDA:540,55,0,0
BRDA:540,55,1,0
BRDA:542,56,0,0
BRDA:542,56,1,0
BRF:112
BRH:0
end_of_record
TN:
SF:/Users/a.rocchi/Projects/Personal/BofhContract/contracts/main/BofhContractBase.sol
FN:66,onlyOwner
FN:71,whenNotPaused
FN:76,nonReentrant
FN:84,antiMEV
FN:114,constructor
FN:133,updateRiskParams
FN:153,setPoolBlacklist
FN:167,configureMEVProtection
FN:179,emergencyPause
FN:183,emergencyUnpause
FN:188,transferOwnership
FN:195,setOperator
FN:237,getAdmin
FN:246,getRiskParameters
FN:263,isPoolBlacklisted
FN:269,isPaused
FN:277,getMEVProtectionConfig
FNF:17
FNH:14
FNDA:27,onlyOwner
FNDA:25,whenNotPaused
FNDA:25,nonReentrant
FNDA:24,antiMEV
FNDA:3,constructor
FNDA:6,updateRiskParams
FNDA:5,setPoolBlacklist
FNDA:0,configureMEVProtection
FNDA:7,emergencyPause
FNDA:4,emergencyUnpause
FNDA:2,transferOwnership
FNDA:0,setOperator
FNDA:5,getAdmin
FNDA:3,getRiskParameters
FNDA:2,isPoolBlacklisted
FNDA:6,isPaused
FNDA:0,getMEVProtectionConfig
DA:67,27
DA:68,24
DA:72,25
DA:73,24
DA:77,25
DA:78,25
DA:79,12
DA:85,24
DA:86,0
DA:89,0
DA:90,0
DA:91,0
DA:92,0
DA:95,0
DA:96,0
DA:100,0
DA:101,0
DA:104,0
DA:107,0
DA:109,24
DA:115,3
DA:116,3
DA:118,2
DA:121,2
DA:122,2
DA:123,2
DA:124,2
DA:134,6
DA:135,5
DA:137,4
DA:138,4
DA:139,4
DA:140,4
DA:142,4
DA:154,5
DA:155,5
DA:156,5
DA:168,0
DA:169,0
DA:171,0
DA:172,0
DA:173,0
DA:175,0
DA:180,7
DA:184,4
DA:189,2
DA:196,0
DA:238,5
DA:252,3
DA:264,2
DA:270,6
DA:282,0
LF:52
LH:33
BRDA:85,1,0,0
BRDA:85,1,1,24
BRDA:89,2,0,0
BRDA:89,2,1,0
BRDA:91,3,0,0
BRDA:91,3,1,0
BRDA:100,4,0,0
BRDA:100,4,1,0
BRDA:115,5,0,3
BRDA:115,5,1,0
BRDA:116,6,0,2
BRDA:116,6,1,1
BRDA:133,7,0,6
BRDA:133,7,1,1
BRDA:134,8,0,5
BRDA:134,8,1,1
BRDA:135,9,0,4
BRDA:135,9,1,1
BRDA:153,10,0,5
BRDA:153,10,1,1
BRDA:154,11,0,5
BRDA:154,11,1,0
BRDA:167,12,0,0
BRDA:167,12,1,0
BRDA:168,13,0,0
BRDA:168,13,1,0
BRDA:169,14,0,0
BRDA:169,14,1,0
BRDA:179,15,0,7
BRDA:179,15,1,1
BRDA:183,16,0,4
BRDA:183,16,1,0
BRDA:188,17,0,2
BRDA:188,17,1,0
BRDA:195,18,0,0
BRDA:195,18,1,0
BRF:36
BRH:17
end_of_record
TN:
SF:/Users/a.rocchi/Projects/Personal/BofhContract/contracts/main/BofhContractV2.sol
FN:43,constructor
FN:57,_validateSwapInputs
FN:96,_executeSwap
FN:182,executeSwap
FN:202,executeMultiSwap
FN:246,executePathStep
FN:307,getOptimalPathMetrics
FN:346,_getPair
FN:353,getBaseToken
FN:359,getFactory
FNF:10
FNH:7
FNDA:2,constructor
FNDA:24,_validateSwapInputs
FNDA:24,_executeSwap
FNDA:24,executeSwap
FNDA:0,executeMultiSwap
FNDA:45,executePathStep
FNDA:0,getOptimalPathMetrics
FNDA:45,_getPair
FNDA:2,getBaseToken
FNDA:0,getFactory
DA:44,2
DA:45,2
DA:46,2
DA:47,2
DA:65,24
DA:66,24
DA:69,22
DA:70,22
DA:71,21
DA:72,21
DA:75,20
DA:76,19
DA:79,18
DA:80,76
DA:81,76
DA:85,18
DA:88,16
DA:89,16
DA:90,53
DA:91,52
DA:104,24
DA:107,15
DA:108,15
DA:118,15
DA:124,14
DA:125,45
DA:127,45
DA:136,44
DA:137,44
DA:138,44
DA:143,13
DA:146,12
DA:147,12
DA:150,12
DA:155,12
DA:163,12
DA:183,24
DA:206,0
DA:207,0
DA:210,0
DA:211,0
DA:212,0
DA:213,0
DA:214,0
DA:219,0
DA:220,0
DA:221,0
DA:224,0
DA:225,0
DA:226,0
DA:227,0
DA:234,0
DA:235,0
DA:240,0
DA:242,0
DA:255,45
DA:258,45
DA:266,45
DA:275,45
DA:279,44
DA:280,44
DA:283,44
DA:288,44
DA:289,44
DA:292,44
DA:299,44
DA:301,44
DA:303,44
DA:315,0
DA:317,0
DA:318,0
DA:319,0
DA:321,0
DA:322,0
DA:329,0
DA:330,0
DA:332,0
DA:335,0
DA:336,0
DA:338,0
DA:347,45
DA:348,45
DA:354,2
DA:360,0
LF:84
LH:53
BRDA:44,1,0,2
BRDA:44,1,1,0
BRDA:45,2,0,2
BRDA:45,2,1,0
BRDA:65,3,0,0
BRDA:65,3,1,24
BRDA:66,4,0,2
BRDA:66,4,1,22
BRDA:70,5,0,1
BRDA:70,5,1,21
BRDA:71,6,0,0
BRDA:71,6,1,21
BRDA:71,7,0,0
BRDA:71,7,1,0
BRDA:72,8,0,1
BRDA:72,8,1,20
BRDA:75,9,0,1
BRDA:75,9,1,19
BRDA:76,10,0,1
BRDA:76,10,1,18
BRDA:80,11,0,0
BRDA:80,11,1,76
BRDA:85,12,0,2
BRDA:85,12,1,16
BRDA:85,13,0,1
BRDA:85,13,1,1
BRDA:90,14,0,1
BRDA:90,14,1,52
BRDA:118,15,0,14
BRDA:118,15,1,1
BRDA:143,16,0,1
BRDA:143,16,1,12
BRDA:147,17,0,0
BRDA:147,17,1,12
BRDA:150,18,0,12
BRDA:150,18,1,0
BRDA:182,19,0,25
BRDA:182,19,1,0
BRDA:182,20,0,24
BRDA:182,20,1,1
BRDA:182,21,0,24
BRDA:182,21,1,0
BRDA:202,22,0,0
BRDA:202,22,1,0
BRDA:202,23,0,0
BRDA:202,23,1,0
BRDA:206,24,0,0
BRDA:206,24,1,0
BRDA:207,25,0,0
BRDA:207,25,1,0
BRDA:211,26,0,0
BRDA:211,26,1,0
BRDA:212,27,0,0
BRDA:212,27,1,0
BRDA:213,28,0,0
BRDA:213,28,1,0
BRDA:214,29,0,0
BRDA:214,29,1,0
BRDA:240,30,0,0
BRDA:240,30,1,0
BRDA:275,31,0,44
BRDA:275,31,1,1
BRDA:283,32,0,44
BRDA:283,32,1,0
BRDA:315,33,0,0
BRDA:315,33,1,0
BRDA:348,34,0,45
BRDA:348,34,1,0
BRF:68
BRH:35
end_of_record
TN:
SF:/Users/a.rocchi/Projects/Personal/BofhContract/contracts/mocks/MathLibTest.sol
FN:11,testSqrt
FN:15,testCbrt
FN:19,testGeometricMean
FN:23,testLog2
FN:27,testExp2
FN:31,testCalculateOptimalAmount
FNF:6
FNH:6
FNDA:13,testSqrt
FNDA:10,testCbrt
FNDA:8,testGeometricMean
FNDA:5,testLog2
FNDA:5,testExp2
FNDA:12,testCalculateOptimalAmount
DA:12,13
DA:16,10
DA:20,8
DA:24,5
DA:28,5
DA:36,12
LF:6
LH:6
BRF:0
BRH:0
end_of_record
TN:
SF:/Users/a.rocchi/Projects/Personal/BofhContract/contracts/mocks/MockFactory.sol
FN:17,createPair
FN:46,allPairsLength
FN:51,computePairAddress
FNF:3
FNH:1
FNDA:13,createPair
FNDA:0,allPairsLength
FNDA:0,computePairAddress
DA:21,13
DA:22,13
DA:25,13
DA:26,13
DA:29,13
DA:33,13
DA:34,13
DA:39,13
DA:40,13
DA:41,13
DA:43,13
DA:47,0
DA:55,0
DA:58,0
DA:59,0
DA:67,0
LF:16
LH:11
BRDA:21,1,0,13
BRDA:21,1,1,0
BRDA:23,2,0,7
BRDA:23,2,1,6
BRDA:25,3,0,13
BRDA:25,3,1,0
BRDA:26,4,0,13
BRDA:26,4,1,0
BRDA:56,5,0,0
BRDA:56,5,1,0
BRF:10
BRH:5
end_of_record
TN:
SF:/Users/a.rocchi/Projects/Personal/BofhContract/contracts/mocks/MockPair.sol
FN:29,constructor
FN:39,getReserves
FN:49,mint
FN:74,burn
FN:95,swap
FN:133,sync
FN:142,_update
FN:160,_mint
FN:165,_burn
FN:176,min
FN:180,sqrt
FNF:11
FNH:8
FNDA:13,constructor
FNDA:96,getReserves
FNDA:4,mint
FNDA:0,burn
FNDA:44,swap
FNDA:9,sync
FNDA:57,_update
FNDA:8,_mint
FNDA:0,_burn
FNDA:0,min
FNDA:4,sqrt
DA:30,13
DA:31,13
DA:34,13
DA:44,96
DA:45,96
DA:46,96
DA:50,4
DA:51,4
DA:52,4
DA:53,4
DA:54,4
DA:56,4
DA:57,4
DA:58,4
DA:59,4
DA:61,0
DA:67,4
DA:68,4
DA:70,4
DA:71,4
DA:75,0
DA:76,0
DA:77,0
DA:78,0
DA:80,0
DA:81,0
DA:82,0
DA:83,0
DA:85,0
DA:86,0
DA:87,0
DA:88,0
DA:89,0
DA:91,0
DA:92,0
DA:101,44
DA:102,44
DA:103,44
DA:105,44
DA:106,44
DA:107,44
DA:108,44
DA:109,44
DA:110,44
DA:111,44
DA:112,44
DA:113,44
DA:116,44
DA:117,44
DA:118,44
DA:120,44
DA:121,44
DA:122,44
DA:123,44
DA:129,44
DA:130,44
DA:134,9
DA:148,57
DA:149,57
DA:150,57
DA:151,57
DA:152,57
DA:153,57
DA:161,8
DA:162,8
DA:166,0
DA:167,0
DA:177,0
DA:181,4
DA:182,4
DA:183,4
DA:184,4
DA:185,300
DA:186,300
DA:189,0
LF:75
LH:55
BRDA:30,1,0,13
BRDA:30,1,1,0
BRDA:31,2,0,13
BRDA:31,2,1,0
BRDA:35,3,0,13
BRDA:35,3,1,0
BRDA:57,4,0,4
BRDA:57,4,1,0
BRDA:67,5,0,4
BRDA:67,5,1,0
BRDA:83,6,0,0
BRDA:83,6,1,0
BRDA:101,7,0,44
BRDA:101,7,1,0
BRDA:101,8,0,19
BRDA:101,8,1,25
BRDA:103,9,0,44
BRDA:103,9,1,0
BRDA:108,10,0,44
BRDA:108,10,1,0
BRDA:109,11,0,19
BRDA:109,11,1,25
BRDA:110,12,0,25
BRDA:110,12,1,19
BRDA:111,13,0,0
BRDA:111,13,1,44
BRDA:116,14,0,25
BRDA:116,14,1,19
BRDA:117,15,0,19
BRDA:117,15,1,25
BRDA:118,16,0,44
BRDA:118,16,1,0
BRDA:118,17,0,25
BRDA:118,17,1,19
BRDA:123,18,0,44
BRDA:123,18,1,0
BRDA:148,19,0,57
BRDA:148,19,1,0
BRDA:177,20,0,0
BRDA:177,20,1,0
BRDA:181,21,0,4
BRDA:181,21,1,0
BRDA:188,22,0,0
BRDA:188,22,1,0
BRF:44
BRH:25
end_of_record
TN:
SF:/Users/a.rocchi/Projects/Personal/BofhContract/contracts/mocks/MockToken.sol
FN:16,constructor
FN:28,balanceOf
FN:32,transfer
FN:39,allowance
FN:43,approve
FN:49,transferFrom
FN:61,increaseAllowance
FN:67,decreaseAllowance
FN:77,mint
FN:86,burn
FN:96,_transfer
FN:109,_approve
FN:119,_spendAllowance
FNF:13
FNH:8
FNDA:11,constructor
FNDA:206,balanceOf
FNDA:130,transfer
FNDA:0,allowance
FNDA:14,approve
FNDA:15,transferFrom
FNDA:0,increaseAllowance
FNDA:0,decreaseAllowance
FNDA:0,mint
FNDA:0,burn
FNDA:144,_transfer
FNDA:14,_approve
FNDA:15,_spendAllowance
DA:21,11
DA:22,11
DA:23,11
DA:24,11
DA:25,11
DA:29,206
DA:33,130
DA:34,130
DA:35,130
DA:36,130
DA:40,0
DA:44,14
DA:45,14
DA:46,14
DA:54,15
DA:55,15
DA:56,15
DA:57,14
DA:58,14
DA:62,0
DA:63,0
DA:64,0
DA:68,0
DA:69,0
DA:70,0
DA:71,0
DA:72,0
DA:74,0
DA:78,0
DA:79,0
DA:80,0
DA:81,0
DA:83,0
DA:87,0
DA:88,0
DA:89,0
DA:90,0
DA:91,0
DA:93,0
DA:101,144
DA:102,144
DA:103,144
DA:104,144
DA:106,144
DA:114,14
DA:115,14
DA:116,14
DA:124,15
DA:125,15
DA:126,1
DA:127,0
DA:128,0
LF:52
LH:29
BRDA:33,1,0,130
BRDA:33,1,1,0
BRDA:54,2,0,15
BRDA:54,2,1,0
BRDA:70,3,0,0
BRDA:70,3,1,0
BRDA:78,4,0,0
BRDA:78,4,1,0
BRDA:87,5,0,0
BRDA:87,5,1,0
BRDA:88,6,0,0
BRDA:88,6,1,0
BRDA:101,7,0,144
BRDA:101,7,1,0
BRDA:114,8,0,14
BRDA:114,8,1,0
BRDA:125,9,0,1
BRDA:125,9,1,14
BRDA:126,10,0,0
BRDA:126,10,1,1
BRF:20
BRH:7
end_of_record
TN:
SF:/Users/a.rocchi/Projects/Personal/BofhContract/contracts/mocks/PoolLibTest.sol
FN:11,testCalculatePriceImpact
FN:18,testCalculateVolatility
FN:26,testAnalyzePool
FN:35,testCalculateOptimalSwapAmount
FN:42,testValidateSwap
FNF:5
FNH:5
FNDA:4,testCalculatePriceImpact
FNDA:3,testCalculateVolatility
FNDA:3,testAnalyzePool
FNDA:1,testCalculateOptimalSwapAmount
FNDA:7,testValidateSwap
DA:15,4
DA:23,3
DA:32,3
DA:39,1
DA:46,7
LF:5
LH:5
BRF:0
BRH:0
end_of_record
TN:
SF:/Users/a.rocchi/Projects/Personal/BofhContract/contracts/mocks/SecurityLibTest.sol
FN:21,constructor
FN:27,testCheckOwner
FN:31,testCheckOperator
FN:35,testCheckNotPaused
FN:39,testCheckNotLocked
FN:43,testEnterProtectedSection
FN:47,testExitProtectedSection
FN:51,testTransferOwnership
FN:55,testSetOperator
FN:59,testEmergencyPause
FN:63,testEmergencyUnpause
FN:67,testCheckRateLimit
FN:74,testSetFunctionCooldown
FN:78,testValidateDeadline
FN:82,testCheckValueBounds
FN:90,testValidateAddress
FN:94,testEnsureNotContract
FN:99,getOwner
FN:103,isPaused
FN:107,isLocked
FNF:20
FNH:12
FNDA:1,constructor
FNDA:4,testCheckOwner
FNDA:0,testCheckOperator
FNDA:2,testCheckNotPaused
FNDA:0,testCheckNotLocked
FNDA:5,testEnterProtectedSection
FNDA:1,testExitProtectedSection
FNDA:2,testTransferOwnership
FNDA:3,testSetOperator
FNDA:4,testEmergencyPause
FNDA:1,testEmergencyUnpause
FNDA:3,testCheckRateLimit
FNDA:0,testSetFunctionCooldown
FNDA:3,testValidateDeadline
FNDA:3,testCheckValueBounds
FNDA:0,testValidateAddress
FNDA:0,testEnsureNotContract
FNDA:0,getOwner
FNDA:0,isPaused
FNDA:0,isLocked
DA:22,1
DA:23,1
DA:24,1
DA:28,4
DA:32,0
DA:36,2
DA:40,0
DA:44,5
DA:48,1
DA:52,2
DA:56,3
DA:60,4
DA:64,1
DA:71,3
DA:75,0
DA:79,3
DA:87,3
DA:91,0
DA:95,0
DA:100,0
DA:104,0
DA:108,0
LF:22
LH:14
BRF:0
BRH:0
end_of_record
